<?xml version="1.0" encoding="utf-8"?><testsuites name="pytest tests"><testsuite name="pytest" errors="0" failures="0" skipped="0" tests="8" time="13.451" timestamp="2026-06-15T06:08:29.110976+00:00" hostname="agent-env-ce6bf082-33a8-45f7-a27d-0f853e2f6b82"><testcase classname="tests.test_email_otp_2fa.TestHappyPath" name="test_full_2fa_lifecycle" time="3.164" /><testcase classname="tests.test_email_otp_2fa.TestWrongCodeAndAttemptCap" name="test_wrong_then_cap" time="2.888" /><testcase classname="tests.test_email_otp_2fa.TestCodeReuseBlocked" name="test_reuse_blocked" time="1.729" /><testcase classname="tests.test_email_otp_2fa.TestOtpIssuanceRateLimit" name="test_request_enable_rate_limit" time="0.598" /><testcase classname="tests.test_email_otp_2fa.TestDisableFlow" name="test_disable_round_trip" time="3.436" /><testcase classname="tests.test_email_otp_2fa.TestEphemeralTokenInvalid" name="test_malformed" time="0.097" /><testcase classname="tests.test_email_otp_2fa.TestEphemeralTokenInvalid" name="test_wrong_audience" time="0.628" /><testcase classname="tests.test_email_otp_2fa.TestNonTwoFactorUserUnaffected" name="test_normal_login" time="0.792" /></testsuite></testsuites>