<?xml version="1.0" encoding="utf-8"?><testsuites name="pytest tests"><testsuite name="pytest" errors="0" failures="6" skipped="1" tests="19" time="46.181" timestamp="2026-06-19T08:53:21.505322+00:00" hostname="agent-env-ce6bf082-33a8-45f7-a27d-0f853e2f6b82"><testcase classname="backend.tests.test_wishlist_v2_bulk.TestNewEndpointsAuth" name="test_move_to_cart_requires_auth" time="0.854" /><testcase classname="backend.tests.test_wishlist_v2_bulk.TestNewEndpointsAuth" name="test_remove_bulk_requires_auth" time="0.468" /><testcase classname="backend.tests.test_wishlist_v2_bulk.TestNewEndpointsAuth" name="test_clear_requires_auth" time="0.541" /><testcase classname="backend.tests.test_wishlist_v2_bulk.TestSort" name="test_default_sort_recent" time="0.950" /><testcase classname="backend.tests.test_wishlist_v2_bulk.TestSort" name="test_sort_price_asc" time="0.853" /><testcase classname="backend.tests.test_wishlist_v2_bulk.TestSort" name="test_sort_price_desc" time="0.803" /><testcase classname="backend.tests.test_wishlist_v2_bulk.TestSort" name="test_sort_name_ascending_case_insensitive" time="0.828" /><testcase classname="backend.tests.test_wishlist_v2_bulk.TestSort" name="test_invalid_sort_returns_422" time="0.505" /><testcase classname="backend.tests.test_wishlist_v2_bulk.TestSingleItemRegression" name="test_add_idempotent" time="0.653" /><testcase classname="backend.tests.test_wishlist_v2_bulk.TestSingleItemRegression" name="test_remove_single" time="0.673" /><testcase classname="backend.tests.test_wishlist_v2_bulk.TestMoveToCart" name="test_move_specific_ids_remove_after" time="0.782"><failure message="AssertionError: {&quot;detail&quot;:&quot;Product not found&quot;}&#10;assert 404 == 200&#10; +  where 404 = &lt;Response [404]&gt;.status_code">backend/tests/test_wishlist_v2_bulk.py:285: in test_move_specific_ids_remove_after
    assert r.status_code == 200, r.text
E   AssertionError: {"detail":"Product not found"}
E   assert 404 == 200
E    +  where 404 = &lt;Response [404]&gt;.status_code</failure></testcase><testcase classname="backend.tests.test_wishlist_v2_bulk.TestMoveToCart" name="test_move_increments_existing_cart_qty" time="0.825"><failure message="assert 404 == 200&#10; +  where 404 = &lt;Response [404]&gt;.status_code">backend/tests/test_wishlist_v2_bulk.py:324: in test_move_increments_existing_cart_qty
    assert r.status_code == 200
E   assert 404 == 200
E    +  where 404 = &lt;Response [404]&gt;.status_code</failure></testcase><testcase classname="backend.tests.test_wishlist_v2_bulk.TestMoveToCart" name="test_move_empty_body_moves_all_in_stock" time="0.835"><failure message="AssertionError: {&quot;detail&quot;:&quot;Product not found&quot;}&#10;assert 404 == 200&#10; +  where 404 = &lt;Response [404]&gt;.status_code">backend/tests/test_wishlist_v2_bulk.py:345: in test_move_empty_body_moves_all_in_stock
    assert r.status_code == 200, r.text
E   AssertionError: {"detail":"Product not found"}
E   assert 404 == 200
E    +  where 404 = &lt;Response [404]&gt;.status_code</failure></testcase><testcase classname="backend.tests.test_wishlist_v2_bulk.TestMoveToCart" name="test_move_skips_out_of_stock" time="0.520"><skipped type="pytest.skip" message="no out-of-stock product available in catalog">/app/backend/tests/test_wishlist_v2_bulk.py:352: no out-of-stock product available in catalog</skipped></testcase><testcase classname="backend.tests.test_wishlist_v2_bulk.TestMoveToCart" name="test_move_remove_after_false_keeps_wishlist" time="32.977"><failure message="AssertionError: {&quot;detail&quot;:&quot;Product not found&quot;}&#10;assert 404 == 200&#10; +  where 404 = &lt;Response [404]&gt;.status_code">backend/tests/test_wishlist_v2_bulk.py:392: in test_move_remove_after_false_keeps_wishlist
    assert r.status_code == 200, r.text
E   AssertionError: {"detail":"Product not found"}
E   assert 404 == 200
E    +  where 404 = &lt;Response [404]&gt;.status_code</failure></testcase><testcase classname="backend.tests.test_wishlist_v2_bulk.TestRemoveBulk" name="test_remove_bulk_deletes_multiple" time="0.878"><failure message="AssertionError: {&quot;detail&quot;:&quot;Product not found&quot;}&#10;assert 404 == 200&#10; +  where 404 = &lt;Response [404]&gt;.status_code">backend/tests/test_wishlist_v2_bulk.py:416: in test_remove_bulk_deletes_multiple
    assert r.status_code == 200, r.text
E   AssertionError: {"detail":"Product not found"}
E   assert 404 == 200
E    +  where 404 = &lt;Response [404]&gt;.status_code</failure></testcase><testcase classname="backend.tests.test_wishlist_v2_bulk.TestRemoveBulk" name="test_remove_bulk_empty_list_is_noop" time="0.689"><failure message="assert 404 == 200&#10; +  where 404 = &lt;Response [404]&gt;.status_code">backend/tests/test_wishlist_v2_bulk.py:438: in test_remove_bulk_empty_list_is_noop
    assert r.status_code == 200
E   assert 404 == 200
E    +  where 404 = &lt;Response [404]&gt;.status_code</failure></testcase><testcase classname="backend.tests.test_wishlist_v2_bulk.TestClearAll" name="test_clear_empties_entire_wishlist" time="0.914" /><testcase classname="backend.tests.test_wishlist_v2_bulk.TestClearAll" name="test_clear_when_empty_returns_zero" time="0.511" /></testsuite></testsuites>