<?xml version="1.0" encoding="utf-8"?><testsuites name="pytest tests"><testsuite name="pytest" errors="13" failures="1" skipped="0" tests="17" time="1.034" timestamp="2026-06-18T20:28:13.095489+00:00" hostname="agent-env-ce6bf082-33a8-45f7-a27d-0f853e2f6b82"><testcase classname="tests.test_ambassador_phase2.TestJoin" name="test_join_nz_creates_canonical_coupon" time="0.137"><error message="failed on setup with &quot;RuntimeError: There is no current event loop in thread 'MainThread'.&quot;">E   RuntimeError: There is no current event loop in thread 'MainThread'.</error></testcase><testcase classname="tests.test_ambassador_phase2.TestJoin" name="test_join_validates_via_coupon_validator" time="0.000"><error message="failed on setup with &quot;RuntimeError: There is no current event loop in thread 'MainThread'.&quot;">E   RuntimeError: There is no current event loop in thread 'MainThread'.</error></testcase><testcase classname="tests.test_ambassador_phase2.TestJoin" name="test_join_in_creates_both_codes" time="0.053"><error message="failed on setup with &quot;RuntimeError: There is no current event loop in thread 'MainThread'.&quot;">E   RuntimeError: There is no current event loop in thread 'MainThread'.</error></testcase><testcase classname="tests.test_ambassador_phase2.TestMe" name="test_me_returns_new_profile_fields" time="0.000"><error message="failed on setup with &quot;RuntimeError: There is no current event loop in thread 'MainThread'.&quot;">E   RuntimeError: There is no current event loop in thread 'MainThread'.</error></testcase><testcase classname="tests.test_ambassador_phase2.TestPatchMe" name="test_patch_basic_fields" time="0.000"><error message="failed on setup with &quot;RuntimeError: There is no current event loop in thread 'MainThread'.&quot;">E   RuntimeError: There is no current event loop in thread 'MainThread'.</error></testcase><testcase classname="tests.test_ambassador_phase2.TestPatchMe" name="test_patch_invalid_phone_400" time="0.000"><error message="failed on setup with &quot;RuntimeError: There is no current event loop in thread 'MainThread'.&quot;">E   RuntimeError: There is no current event loop in thread 'MainThread'.</error></testcase><testcase classname="tests.test_ambassador_phase2.TestPatchMe" name="test_patch_india_cannot_leave_inr" time="0.000"><error message="failed on setup with &quot;RuntimeError: There is no current event loop in thread 'MainThread'.&quot;">E   RuntimeError: There is no current event loop in thread 'MainThread'.</error></testcase><testcase classname="tests.test_ambassador_phase2.TestPatchMe" name="test_patch_blocks_ccy_change_with_pending_balance" time="0.000"><error message="failed on setup with &quot;RuntimeError: There is no current event loop in thread 'MainThread'.&quot;">E   RuntimeError: There is no current event loop in thread 'MainThread'.</error></testcase><testcase classname="tests.test_ambassador_phase2.TestByCode" name="test_valid_code_200" time="0.000"><error message="failed on setup with &quot;RuntimeError: There is no current event loop in thread 'MainThread'.&quot;">E   RuntimeError: There is no current event loop in thread 'MainThread'.</error></testcase><testcase classname="tests.test_ambassador_phase2.TestByCode" name="test_invalid_code_404" time="0.074" /><testcase classname="tests.test_ambassador_phase2.TestAttribution" name="test_credit_and_idempotency" time="0.000"><error message="failed on setup with &quot;RuntimeError: There is no current event loop in thread 'MainThread'.&quot;">E   RuntimeError: There is no current event loop in thread 'MainThread'.</error></testcase><testcase classname="tests.test_ambassador_phase2.TestAttribution" name="test_release_promotes_pending_to_unpaid" time="0.000"><error message="failed on setup with &quot;RuntimeError: There is no current event loop in thread 'MainThread'.&quot;">E   RuntimeError: There is no current event loop in thread 'MainThread'.</error></testcase><testcase classname="tests.test_ambassador_phase2.TestAttribution" name="test_clawback_on_cancelled_order" time="0.000"><error message="failed on setup with &quot;RuntimeError: There is no current event loop in thread 'MainThread'.&quot;">E   RuntimeError: There is no current event loop in thread 'MainThread'.</error></testcase><testcase classname="tests.test_ambassador_phase2.TestCheckoutWiring" name="test_credit_pending_imported_in_checkout" time="0.000" /><testcase classname="tests.test_ambassador_phase2.TestScheduler" name="test_ambassador_release_due_registered" time="0.015" /><testcase classname="tests.test_ambassador_phase2.TestSellerReferral" name="test_seller_register_with_valid_referral_code" time="0.000"><error message="failed on setup with &quot;RuntimeError: There is no current event loop in thread 'MainThread'.&quot;">E   RuntimeError: There is no current event loop in thread 'MainThread'.</error></testcase><testcase classname="tests.test_ambassador_phase2.TestSellerReferral" name="test_seller_register_with_invalid_referral_silent" time="0.300"><failure message="RuntimeError: There is no current event loop in thread 'MainThread'.">E   RuntimeError: There is no current event loop in thread 'MainThread'.</failure></testcase></testsuite></testsuites>