<?xml version="1.0" encoding="utf-8"?><testsuites name="pytest tests"><testsuite name="pytest" errors="0" failures="0" skipped="0" tests="7" time="2.880" timestamp="2026-06-19T08:29:50.977187+00:00" hostname="agent-env-ce6bf082-33a8-45f7-a27d-0f853e2f6b82"><testcase classname="tests.test_addresses_and_points_cart.TestSavedAddresses" name="test_list_addresses_initial" time="0.545" /><testcase classname="tests.test_addresses_and_points_cart.TestSavedAddresses" name="test_create_address" time="0.205" /><testcase classname="tests.test_addresses_and_points_cart.TestSavedAddresses" name="test_patch_address" time="0.238" /><testcase classname="tests.test_addresses_and_points_cart.TestSavedAddresses" name="test_set_default" time="0.290" /><testcase classname="tests.test_addresses_and_points_cart.TestSavedAddresses" name="test_delete_promotes_default" time="0.568" /><testcase classname="tests.test_addresses_and_points_cart.TestPointsOnCart" name="test_balance_shape" time="0.107" /><testcase classname="tests.test_addresses_and_points_cart.TestPointsOnCart" name="test_apply_and_remove_points" time="0.880" /></testsuite></testsuites>