<?xml version="1.0" encoding="utf-8"?><testsuites name="pytest tests"><testsuite name="pytest" errors="0" failures="0" skipped="0" tests="38" time="10.876" timestamp="2026-06-16T11:18:14.530734+00:00" hostname="agent-env-ce6bf082-33a8-45f7-a27d-0f853e2f6b82"><testcase classname="backend.tests.test_june16_p1_parity.TestEmailVerification" name="test_status_default_false_for_new_user" time="0.771" /><testcase classname="backend.tests.test_june16_p1_parity.TestEmailVerification" name="test_me_exposes_email_verified_false" time="0.102" /><testcase classname="backend.tests.test_june16_p1_parity.TestEmailVerification" name="test_request_verification_canonical" time="0.250" /><testcase classname="backend.tests.test_june16_p1_parity.TestEmailVerification" name="test_request_verification_alias_send" time="0.278" /><testcase classname="backend.tests.test_june16_p1_parity.TestEmailVerification" name="test_request_verification_alias_resend" time="0.245" /><testcase classname="backend.tests.test_june16_p1_parity.TestEmailVerification" name="test_verify_invalid_token_400" time="0.096" /><testcase classname="backend.tests.test_june16_p1_parity.TestEmailVerification" name="test_verify_missing_token_400" time="0.103" /><testcase classname="backend.tests.test_june16_p1_parity.TestEmailVerification" name="test_verify_alias_path" time="0.104" /><testcase classname="backend.tests.test_june16_p1_parity.TestEmailVerification" name="test_verify_valid_token_flips_to_true" time="0.223" /><testcase classname="backend.tests.test_june16_p1_parity.TestEmailVerification" name="test_field_alias_code" time="0.088" /><testcase classname="backend.tests.test_june16_p1_parity.TestAccountExport" name="test_export_returns_all_buckets" time="0.581" /><testcase classname="backend.tests.test_june16_p1_parity.TestRESTAliases" name="test_orders_aliases_all_return_same_list" time="0.295" /><testcase classname="backend.tests.test_june16_p1_parity.TestRESTAliases" name="test_account_order_detail_alias_404_for_unknown" time="0.108" /><testcase classname="backend.tests.test_june16_p1_parity.TestRESTAliases" name="test_returns_aliases_all_return_same_list" time="0.422" /><testcase classname="backend.tests.test_june16_p1_parity.TestRESTAliases" name="test_post_returns_alias_validates_404_for_unknown_order" time="0.098" /><testcase classname="backend.tests.test_june16_p1_parity.TestRESTAliases" name="test_post_orders_returns_plural_alias_404" time="0.096" /><testcase classname="backend.tests.test_june16_p1_parity.TestRESTAliases" name="test_products_reviews_alias" time="0.286" /><testcase classname="backend.tests.test_june16_p1_parity.TestRESTAliases" name="test_single_review_get_404_for_unknown" time="0.101" /><testcase classname="backend.tests.test_june16_p1_parity.TestRecentlyViewed" name="test_view_with_session_id_then_get" time="0.401" /><testcase classname="backend.tests.test_june16_p1_parity.TestRecentlyViewed" name="test_view_dedupe_within_30s" time="0.289" /><testcase classname="backend.tests.test_june16_p1_parity.TestRecentlyViewed" name="test_view_unknown_product_silently_204" time="0.091" /><testcase classname="backend.tests.test_june16_p1_parity.TestRecentlyViewed" name="test_get_recently_viewed_without_identity_400" time="0.110" /><testcase classname="backend.tests.test_june16_p1_parity.TestRecentlyViewed" name="test_clear_recently_viewed" time="0.297" /><testcase classname="backend.tests.test_june16_p1_parity.TestRecentlyViewed" name="test_auth_user_view_tracked_by_user_id" time="0.287" /><testcase classname="backend.tests.test_june16_p1_parity.TestAdminReviewsModeration" name="test_list_basic" time="0.459" /><testcase classname="backend.tests.test_june16_p1_parity.TestAdminReviewsModeration" name="test_filter_rating_range" time="0.101" /><testcase classname="backend.tests.test_june16_p1_parity.TestAdminReviewsModeration" name="test_filter_has_photos_true" time="0.112" /><testcase classname="backend.tests.test_june16_p1_parity.TestAdminReviewsModeration" name="test_filter_has_photos_false" time="0.103" /><testcase classname="backend.tests.test_june16_p1_parity.TestAdminReviewsModeration" name="test_filter_status_approved" time="0.099" /><testcase classname="backend.tests.test_june16_p1_parity.TestAdminReviewsModeration" name="test_filter_status_reported" time="0.093" /><testcase classname="backend.tests.test_june16_p1_parity.TestAdminReviewsModeration" name="test_filter_status_pending" time="0.092" /><testcase classname="backend.tests.test_june16_p1_parity.TestAdminReviewsModeration" name="test_filter_status_hidden" time="0.096" /><testcase classname="backend.tests.test_june16_p1_parity.TestAdminReviewsModeration" name="test_requires_admin_auth" time="0.091" /><testcase classname="backend.tests.test_june16_p1_parity.TestAdminReviewsModeration" name="test_delete_unknown_review_404" time="0.098" /><testcase classname="backend.tests.test_june16_p1_parity.TestTokenVersionRegression" name="test_password_reset_does_not_break_future_logins" time="1.714" /><testcase classname="backend.tests.test_june16_p1_parity.TestAccountDeletion" name="test_delete_requires_correct_confirm" time="0.652" /><testcase classname="backend.tests.test_june16_p1_parity.TestAccountDeletion" name="test_delete_soft_deletes_and_invalidates_token" time="0.806" /><testcase classname="backend.tests.test_june16_p1_parity.TestAccountDeletion" name="test_delete_without_body_works" time="0.562" /></testsuite></testsuites>