<?xml version="1.0" encoding="utf-8"?><testsuites name="pytest tests"><testsuite name="pytest" errors="0" failures="0" skipped="0" tests="18" time="2.716" timestamp="2026-06-16T04:28:54.114327+00:00" hostname="agent-env-ce6bf082-33a8-45f7-a27d-0f853e2f6b82"><testcase classname="backend.tests.test_admin_users_pagination_and_funnel.TestAdminUsersPagination" name="test_default_response_shape" time="0.404" /><testcase classname="backend.tests.test_admin_users_pagination_and_funnel.TestAdminUsersPagination" name="test_limit_clamping_and_pagination" time="0.211" /><testcase classname="backend.tests.test_admin_users_pagination_and_funnel.TestAdminUsersPagination" name="test_password_hash_never_returned" time="0.048" /><testcase classname="backend.tests.test_admin_users_pagination_and_funnel.TestAdminUsersPagination" name="test_search_case_insensitive" time="0.109" /><testcase classname="backend.tests.test_admin_users_pagination_and_funnel.TestAdminUsersPagination" name="test_search_partial_match" time="0.057" /><testcase classname="backend.tests.test_admin_users_pagination_and_funnel.TestAdminUsersPagination" name="test_role_filter_seller" time="0.050" /><testcase classname="backend.tests.test_admin_users_pagination_and_funnel.TestAdminUsersPagination" name="test_role_filter_buyer" time="0.052" /><testcase classname="backend.tests.test_admin_users_pagination_and_funnel.TestAdminUsersPagination" name="test_role_plus_search_combo" time="0.054" /><testcase classname="backend.tests.test_admin_users_pagination_and_funnel.TestRBAC" name="test_support_can_access_admin_users" time="0.590" /><testcase classname="backend.tests.test_admin_users_pagination_and_funnel.TestRBAC" name="test_support_blocked_from_funnel" time="0.044" /><testcase classname="backend.tests.test_admin_users_pagination_and_funnel.TestRBAC" name="test_support_blocked_from_recent" time="0.045" /><testcase classname="backend.tests.test_admin_users_pagination_and_funnel.TestRBAC" name="test_unauthorized_request" time="0.042" /><testcase classname="backend.tests.test_admin_users_pagination_and_funnel.TestFunnel" name="test_funnel_shape_with_conversion" time="0.047" /><testcase classname="backend.tests.test_admin_users_pagination_and_funnel.TestFunnel" name="test_funnel_without_conversion_event" time="0.333" /><testcase classname="backend.tests.test_admin_users_pagination_and_funnel.TestFunnel" name="test_funnel_unknown_experiment_empty" time="0.048" /><testcase classname="backend.tests.test_admin_users_pagination_and_funnel.TestRecent" name="test_recent_default" time="0.047" /><testcase classname="backend.tests.test_admin_users_pagination_and_funnel.TestRecent" name="test_recent_name_filter" time="0.046" /><testcase classname="backend.tests.test_admin_users_pagination_and_funnel.TestEventIngestion" name="test_anonymous_event_204" time="0.435" /></testsuite></testsuites>