<?xml version="1.0" encoding="utf-8"?><testsuites name="pytest tests"><testsuite name="pytest" errors="0" failures="9" skipped="0" tests="54" time="58.333" timestamp="2026-06-19T01:17:43.159172+00:00" hostname="agent-env-ce6bf082-33a8-45f7-a27d-0f853e2f6b82"><testcase classname="tests.test_proof_of_delivery" name="test_seller_can_upload_proof_promotes_to_delivered" time="1.855" /><testcase classname="tests.test_proof_of_delivery" name="test_proof_rejects_non_seller" time="1.828" /><testcase classname="tests.test_proof_of_delivery" name="test_proof_rejects_different_seller" time="1.792" /><testcase classname="tests.test_proof_of_delivery" name="test_proof_rejects_invalid_image_format" time="1.419" /><testcase classname="tests.test_proof_of_delivery" name="test_proof_rejects_when_carrier_already_provided" time="1.398" /><testcase classname="tests.test_proof_of_delivery" name="test_proof_rejects_pre_dispatch" time="1.434" /><testcase classname="tests.test_order_tracking" name="test_tracking_paid_order_returns_first_stage" time="0.978" /><testcase classname="tests.test_order_tracking" name="test_tracking_with_events_returns_newest_first" time="0.931" /><testcase classname="tests.test_order_tracking" name="test_tracking_delivered_progress_100" time="1.017" /><testcase classname="tests.test_order_tracking" name="test_tracking_cancelled_progress_zero" time="0.953" /><testcase classname="tests.test_order_tracking" name="test_tracking_other_buyer_404" time="1.411" /><testcase classname="tests.test_order_tracking" name="test_mark_received_happy_path" time="0.951" /><testcase classname="tests.test_order_tracking" name="test_mark_received_promotes_out_for_delivery_to_delivered" time="1.033" /><testcase classname="tests.test_order_tracking" name="test_mark_received_idempotent" time="0.956" /><testcase classname="tests.test_order_tracking" name="test_mark_received_rejects_pre_dispatch" time="0.954" /><testcase classname="tests.test_order_tracking" name="test_mark_received_rejects_cancelled" time="1.375" /><testcase classname="tests.test_order_tracking" name="test_reorder_adds_items_to_cart" time="0.992" /><testcase classname="tests.test_order_tracking" name="test_reorder_skips_out_of_stock" time="1.014" /><testcase classname="tests.test_order_tracking" name="test_report_review_marks_reported_and_is_idempotent" time="1.659" /><testcase classname="tests.test_order_tracking" name="test_report_own_review_forbidden" time="0.963" /><testcase classname="tests.test_order_tracking" name="test_report_review_not_found" time="0.522" /><testcase classname="tests.test_reviews" name="test_create_review_happy_path" time="0.963" /><testcase classname="tests.test_reviews" name="test_create_review_updates_product_rating" time="1.039" /><testcase classname="tests.test_reviews" name="test_create_review_order_not_found" time="0.505" /><testcase classname="tests.test_reviews" name="test_create_review_order_not_eligible_status" time="0.932" /><testcase classname="tests.test_reviews" name="test_create_review_product_not_in_order" time="0.934" /><testcase classname="tests.test_reviews" name="test_create_review_duplicate_409" time="1.118" /><testcase classname="tests.test_reviews" name="test_create_review_unauthenticated" time="0.053" /><testcase classname="tests.test_reviews" name="test_create_review_shipped_status_works" time="0.898" /><testcase classname="tests.test_reviews" name="test_list_product_reviews_public_with_summary" time="1.045" /><testcase classname="tests.test_reviews" name="test_list_product_reviews_with_bearer_shows_eligibility" time="0.987" /><testcase classname="tests.test_reviews" name="test_list_product_reviews_sort_helpful" time="2.098" /><testcase classname="tests.test_reviews" name="test_list_product_reviews_distribution" time="0.965" /><testcase classname="tests.test_reviews" name="test_eligible_lists_only_unreviewed" time="1.068" /><testcase classname="tests.test_reviews" name="test_eligible_excludes_non_eligible_status" time="0.927" /><testcase classname="tests.test_reviews" name="test_eligible_requires_auth" time="0.050" /><testcase classname="tests.test_reviews" name="test_helpful_toggle_up_then_down" time="1.523" /><testcase classname="tests.test_reviews" name="test_helpful_not_found" time="0.510" /><testcase classname="tests.test_reviews" name="test_seller_can_reply_once" time="1.488" /><testcase classname="tests.test_reviews" name="test_non_seller_buyer_cannot_reply" time="1.134" /><testcase classname="tests.test_reviews" name="test_different_seller_cannot_reply" time="1.946" /><testcase classname="tests.test_reviews" name="test_only_author_can_delete" time="1.571" /><testcase classname="tests.test_reviews" name="test_delete_not_found" time="0.523" /><testcase classname="tests.test_shiprocket_webhook" name="test_webhook_requires_awb" time="0.052"><failure message="assert 403 == 400&#10; +  where 403 = &lt;Response [403]&gt;.status_code">tests/test_shiprocket_webhook.py:98: in test_webhook_requires_awb
    assert r.status_code == 400
E   assert 403 == 400
E    +  where 403 = &lt;Response [403]&gt;.status_code</failure></testcase><testcase classname="tests.test_shiprocket_webhook" name="test_webhook_invalid_json" time="0.050"><failure message="assert 403 == 400&#10; +  where 403 = &lt;Response [403]&gt;.status_code">tests/test_shiprocket_webhook.py:108: in test_webhook_invalid_json
    assert r.status_code == 400
E   assert 403 == 400
E    +  where 403 = &lt;Response [403]&gt;.status_code</failure></testcase><testcase classname="tests.test_shiprocket_webhook" name="test_webhook_unknown_awb_404" time="0.044"><failure message="assert 403 == 404&#10; +  where 403 = &lt;Response [403]&gt;.status_code">tests/test_shiprocket_webhook.py:116: in test_webhook_unknown_awb_404
    assert r.status_code == 404
E   assert 403 == 404
E    +  where 403 = &lt;Response [403]&gt;.status_code</failure></testcase><testcase classname="tests.test_shiprocket_webhook" name="test_webhook_shipped_transitions_order" time="0.939"><failure message="AssertionError: {&quot;detail&quot;:&quot;Invalid webhook signature&quot;}&#10;assert 403 == 200&#10; +  where 403 = &lt;Response [403]&gt;.status_code">tests/test_shiprocket_webhook.py:125: in test_webhook_shipped_transitions_order
    assert r.status_code == 200, r.text
E   AssertionError: {"detail":"Invalid webhook signature"}
E   assert 403 == 200
E    +  where 403 = &lt;Response [403]&gt;.status_code</failure></testcase><testcase classname="tests.test_shiprocket_webhook" name="test_webhook_status_id_mapping" time="0.992"><failure message="assert 403 == 200&#10; +  where 403 = &lt;Response [403]&gt;.status_code">tests/test_shiprocket_webhook.py:145: in test_webhook_status_id_mapping
    assert r.status_code == 200
E   assert 403 == 200
E    +  where 403 = &lt;Response [403]&gt;.status_code</failure></testcase><testcase classname="tests.test_shiprocket_webhook" name="test_webhook_full_lifecycle" time="0.980"><failure message="AssertionError: Shipped -&gt; {&quot;detail&quot;:&quot;Invalid webhook signature&quot;}&#10;assert 403 == 200&#10; +  where 403 = &lt;Response [403]&gt;.status_code">tests/test_shiprocket_webhook.py:157: in test_webhook_full_lifecycle
    assert r.status_code == 200, f"{status} -&gt; {r.text}"
E   AssertionError: Shipped -&gt; {"detail":"Invalid webhook signature"}
E   assert 403 == 200
E    +  where 403 = &lt;Response [403]&gt;.status_code</failure></testcase><testcase classname="tests.test_shiprocket_webhook" name="test_webhook_idempotent_same_status" time="1.598"><failure message="assert 403 == 200&#10; +  where 403 = &lt;Response [403]&gt;.status_code">tests/test_shiprocket_webhook.py:184: in test_webhook_idempotent_same_status
    assert r.status_code == 200
E   assert 403 == 200
E    +  where 403 = &lt;Response [403]&gt;.status_code</failure></testcase><testcase classname="tests.test_shiprocket_webhook" name="test_webhook_unknown_status_returns_200_no_change" time="0.998"><failure message="assert 403 == 200&#10; +  where 403 = &lt;Response [403]&gt;.status_code">tests/test_shiprocket_webhook.py:196: in test_webhook_unknown_status_returns_200_no_change
    assert r.status_code == 200
E   assert 403 == 200
E    +  where 403 = &lt;Response [403]&gt;.status_code</failure></testcase><testcase classname="tests.test_shiprocket_webhook" name="test_order_shipment_endpoint" time="1.989" /><testcase classname="tests.test_shiprocket_webhook" name="test_order_shipment_endpoint_404_other_user" time="1.460" /><testcase classname="tests.test_shiprocket_webhook" name="test_webhook_does_not_regress_delivered_order" time="1.338"><failure message="assert 403 == 200&#10; +  where 403 = &lt;Response [403]&gt;.status_code">tests/test_shiprocket_webhook.py:235: in test_webhook_does_not_regress_delivered_order
    assert r.status_code == 200
E   assert 403 == 200
E    +  where 403 = &lt;Response [403]&gt;.status_code</failure></testcase></testsuite></testsuites>