<?xml version="1.0" encoding="utf-8"?><testsuites name="pytest tests"><testsuite name="pytest" errors="0" failures="0" skipped="0" tests="29" time="2.073" timestamp="2026-06-11T00:29:12.652839+00:00" hostname="agent-env-ce6bf082-33a8-45f7-a27d-0f853e2f6b82"><testcase classname="backend.tests.test_iter7_nz" name="test_taxonomy_returns_seven_mains_in_order" time="0.354" /><testcase classname="backend.tests.test_iter7_nz" name="test_taxonomy_subcategories[0-expected0]" time="0.051" /><testcase classname="backend.tests.test_iter7_nz" name="test_taxonomy_subcategories[1-expected1]" time="0.053" /><testcase classname="backend.tests.test_iter7_nz" name="test_taxonomy_subcategories[2-expected2]" time="0.049" /><testcase classname="backend.tests.test_iter7_nz" name="test_taxonomy_subcategories[3-expected3]" time="0.050" /><testcase classname="backend.tests.test_iter7_nz" name="test_taxonomy_subcategories[4-expected4]" time="0.048" /><testcase classname="backend.tests.test_iter7_nz" name="test_taxonomy_subcategories[5-expected5]" time="0.050" /><testcase classname="backend.tests.test_iter7_nz" name="test_taxonomy_subcategories[6-expected6]" time="0.051" /><testcase classname="backend.tests.test_iter7_nz" name="test_products_subcategory_filter_sarees" time="0.051" /><testcase classname="backend.tests.test_iter7_nz" name="test_products_category_filter_ethnic_fashion" time="0.048" /><testcase classname="backend.tests.test_iter7_nz" name="test_products_search_q_still_works" time="0.049" /><testcase classname="backend.tests.test_iter7_nz" name="test_platform_seeded_products_count_nine" time="0.049" /><testcase classname="backend.tests.test_iter7_nz" name="test_duty_under_threshold" time="0.048" /><testcase classname="backend.tests.test_iter7_nz" name="test_duty_over_threshold" time="0.052" /><testcase classname="backend.tests.test_iter7_nz" name="test_duty_empty_items" time="0.051" /><testcase classname="backend.tests.test_iter7_nz" name="test_prohibited_banned[homemade laddu-homemade]" time="0.051" /><testcase classname="backend.tests.test_iter7_nz" name="test_prohibited_banned[fresh milk powder-milk powder]" time="0.047" /><testcase classname="backend.tests.test_iter7_nz" name="test_prohibited_banned[beef pickle-beef]" time="0.058" /><testcase classname="backend.tests.test_iter7_nz" name="test_prohibited_banned[seed pack-seed]" time="0.052" /><testcase classname="backend.tests.test_iter7_nz" name="test_prohibited_banned[honey jar-honey]" time="0.048" /><testcase classname="backend.tests.test_iter7_nz" name="test_prohibited_allowed[sealed saree silk]" time="0.258" /><testcase classname="backend.tests.test_iter7_nz" name="test_prohibited_allowed[darjeeling tea]" time="0.048" /><testcase classname="backend.tests.test_iter7_nz" name="test_prohibited_empty_text" time="0.052" /><testcase classname="backend.tests.test_products" name="test_list_products_returns_seeded" time="0.050" /><testcase classname="backend.tests.test_products" name="test_list_categories" time="0.049" /><testcase classname="backend.tests.test_products" name="test_products_category_filter" time="0.048" /><testcase classname="backend.tests.test_products" name="test_products_search_q" time="0.050" /><testcase classname="backend.tests.test_products" name="test_get_product_by_id" time="0.101" /><testcase classname="backend.tests.test_products" name="test_get_product_404" time="0.053" /></testsuite></testsuites>