<?xml version="1.0" encoding="utf-8"?><testsuites name="pytest tests"><testsuite name="pytest" errors="0" failures="1" skipped="0" tests="47" time="16.661" timestamp="2026-06-11T23:23:17.180556+00:00" hostname="agent-env-ce6bf082-33a8-45f7-a27d-0f853e2f6b82"><testcase classname="tests.test_bulk_zip_images_edges.TestZipSizeLimits" name="test_oversize_zip_returns_413" time="2.319" /><testcase classname="tests.test_bulk_zip_images_edges.TestZipSizeLimits" name="test_too_many_files_returns_413" time="0.154" /><testcase classname="tests.test_bulk_zip_images_edges.TestZipSizeLimits" name="test_per_image_oversize_is_skipped_not_failed" time="1.872" /><testcase classname="tests.test_bulk_zip_images_edges.TestZipSkippingRules" name="test_unsupported_extensions_go_into_skipped" time="0.734" /><testcase classname="tests.test_bulk_zip_images_edges.TestZipSkippingRules" name="test_dot_prefixed_and_macosx_entries_are_silently_skipped" time="0.715" /><testcase classname="tests.test_bulk_zip_images_edges.TestZipAuth" name="test_missing_token_returns_401" time="0.099" /><testcase classname="tests.test_bulk_zip_images_edges.TestZipAuth" name="test_buyer_returns_403" time="0.452" /><testcase classname="tests.test_bulk_zip_images_edges.TestPreviewPreserveExistingUrls" name="test_existing_http_url_tokens_are_not_rewritten" time="0.733" /><testcase classname="tests.test_bulk_zip_images_edges.TestPreviewPreserveExistingUrls" name="test_existing_data_uri_token_is_preserved" time="0.091"><failure message="AssertionError: data: URI was mangled (likely split on ';' or ','): ['data:image/png', 'base64']&#10;assert ['data:image/png', 'base64'] == ['data:image/...iVBORw0KGgo=']&#10;  &#10;  At index 0 diff: 'data:image/png' != 'data:image/png;base64,iVBORw0KGgo='&#10;  Left contains one more item: 'base64'&#10;  &#10;  Full diff:&#10;    [&#10;  -     'data:image/png;base64,iVBORw0KGgo=',...&#10;  &#10;  ...Full output truncated (3 lines hidden), use '-vv' to show">tests/test_bulk_zip_images_edges.py:307: in test_existing_data_uri_token_is_preserved
    assert imgs == [data_uri], (
E   AssertionError: data: URI was mangled (likely split on ';' or ','): ['data:image/png', 'base64']
E   assert ['data:image/png', 'base64'] == ['data:image/...iVBORw0KGgo=']
E     
E     At index 0 diff: 'data:image/png' != 'data:image/png;base64,iVBORw0KGgo='
E     Left contains one more item: 'base64'
E     
E     Full diff:
E       [
E     -     'data:image/png;base64,iVBORw0KGgo=',...
E     
E     ...Full output truncated (3 lines hidden), use '-vv' to show</failure></testcase><testcase classname="tests.test_bulk_zip_images_edges.TestPreviewPreserveExistingUrls" name="test_unknown_filename_remains_and_fails_validation" time="0.096" /><testcase classname="tests.test_bulk_zip_images" name="test_images_zip_upload_returns_mapping" time="2.039" /><testcase classname="tests.test_bulk_zip_images" name="test_images_zip_rejects_non_zip" time="0.099" /><testcase classname="tests.test_bulk_zip_images" name="test_images_zip_rejects_empty_upload" time="0.099" /><testcase classname="tests.test_bulk_zip_images" name="test_preview_substitutes_filenames_against_images_map" time="1.114" /><testcase classname="tests.test_bulk_zip_images" name="test_preview_without_images_map_flags_filename_as_invalid_url" time="0.093" /><testcase classname="tests.test_bulk_listings" name="test_csv_template_download" time="0.918" /><testcase classname="tests.test_bulk_listings" name="test_xlsx_template_download" time="0.107" /><testcase classname="tests.test_bulk_listings" name="test_columns_endpoint" time="0.095" /><testcase classname="tests.test_bulk_listings" name="test_preview_valid_csv" time="0.097" /><testcase classname="tests.test_bulk_listings" name="test_preview_validation_errors" time="0.102" /><testcase classname="tests.test_bulk_listings" name="test_full_import_creates_listings" time="0.290" /><testcase classname="tests.test_bulk_listings" name="test_round_trip_export_edit_import" time="0.396" /><testcase classname="tests.test_bulk_listings" name="test_import_rejects_other_sellers_product_id" time="0.114" /><testcase classname="tests.test_bulk_listings" name="test_xlsx_upload" time="0.214" /><testcase classname="tests.test_bulk_listings_edges.TestPreviewSizeLimits" name="test_empty_file_returns_400" time="0.447" /><testcase classname="tests.test_bulk_listings_edges.TestPreviewSizeLimits" name="test_oversize_file_returns_413" time="0.381" /><testcase classname="tests.test_bulk_listings_edges.TestPreviewSizeLimits" name="test_too_many_rows_returns_413" time="0.137" /><testcase classname="tests.test_bulk_listings_edges.TestPreviewSizeLimits" name="test_no_data_rows_returns_400" time="0.104" /><testcase classname="tests.test_bulk_listings_edges.TestAuthGating" name="test_missing_auth_blocked_on_get[/template.csv]" time="0.094" /><testcase classname="tests.test_bulk_listings_edges.TestAuthGating" name="test_missing_auth_blocked_on_get[/template.xlsx]" time="0.099" /><testcase classname="tests.test_bulk_listings_edges.TestAuthGating" name="test_missing_auth_blocked_on_get[/columns]" time="0.096" /><testcase classname="tests.test_bulk_listings_edges.TestAuthGating" name="test_missing_auth_blocked_on_get[/export.csv]" time="0.093" /><testcase classname="tests.test_bulk_listings_edges.TestAuthGating" name="test_missing_auth_blocked_on_get[/export.xlsx]" time="0.091" /><testcase classname="tests.test_bulk_listings_edges.TestAuthGating" name="test_missing_auth_blocked_on_preview" time="0.104" /><testcase classname="tests.test_bulk_listings_edges.TestAuthGating" name="test_missing_auth_blocked_on_import" time="0.099" /><testcase classname="tests.test_bulk_listings_edges.TestAuthGating" name="test_buyer_blocked_with_403_on_get[/template.csv]" time="0.427" /><testcase classname="tests.test_bulk_listings_edges.TestAuthGating" name="test_buyer_blocked_with_403_on_get[/template.xlsx]" time="0.101" /><testcase classname="tests.test_bulk_listings_edges.TestAuthGating" name="test_buyer_blocked_with_403_on_get[/columns]" time="0.094" /><testcase classname="tests.test_bulk_listings_edges.TestAuthGating" name="test_buyer_blocked_with_403_on_get[/export.csv]" time="0.098" /><testcase classname="tests.test_bulk_listings_edges.TestAuthGating" name="test_buyer_blocked_with_403_on_get[/export.xlsx]" time="0.108" /><testcase classname="tests.test_bulk_listings_edges.TestAuthGating" name="test_buyer_blocked_with_403_on_preview" time="0.105" /><testcase classname="tests.test_bulk_listings_edges.TestAuthGating" name="test_buyer_blocked_with_403_on_import" time="0.105" /><testcase classname="tests.test_bulk_listings_edges.TestSellerRegression" name="test_post_seller_products_still_works" time="0.200" /><testcase classname="tests.test_bulk_listings_edges.TestSellerRegression" name="test_get_seller_products_still_works" time="0.098" /><testcase classname="tests.test_bulk_listings_edges.TestAuthHeader" name="test_garbage_bearer_blocked" time="0.089" /><testcase classname="tests.test_bulk_listings_edges.TestAuthHeader" name="test_wrong_scheme_blocked" time="0.116" /><testcase classname="tests.test_bulk_listings_edges.TestAuthHeader" name="test_valid_bearer_works" time="0.095" /></testsuite></testsuites>