<?xml version="1.0" encoding="utf-8"?><testsuites name="pytest tests"><testsuite name="pytest" errors="1" failures="1" skipped="1" tests="151" time="65.669" timestamp="2026-06-11T02:44:01.176867+00:00" hostname="agent-env-ce6bf082-33a8-45f7-a27d-0f853e2f6b82"><testcase classname="backend.tests.test_auth" name="test_register_returns_user_and_token" time="0.461" /><testcase classname="backend.tests.test_auth" name="test_register_duplicate_email_400" time="0.342" /><testcase classname="backend.tests.test_auth" name="test_login_success" time="0.279" /><testcase classname="backend.tests.test_auth" name="test_login_invalid_password_401" time="0.281" /><testcase classname="backend.tests.test_auth" name="test_login_unknown_user_401" time="0.059" /><testcase classname="backend.tests.test_auth" name="test_me_with_token" time="0.061" /><testcase classname="backend.tests.test_auth" name="test_me_missing_token_401" time="0.051" /><testcase classname="backend.tests.test_auth" name="test_me_invalid_token_401" time="0.064" /><testcase classname="backend.tests.test_cancellation" name="test_cancel_within_window_succeeds" time="1.311" /><testcase classname="backend.tests.test_cancellation" name="test_cancel_outside_window_rejected" time="0.956" /><testcase classname="backend.tests.test_cancellation" name="test_cannot_cancel_shipped_order" time="1.008" /><testcase classname="backend.tests.test_cancellation" name="test_cancel_creates_notifications" time="1.234" /><testcase classname="backend.tests.test_cancellation" name="test_notifications_unread_count_and_read" time="1.342" /><testcase classname="backend.tests.test_cancellation" name="test_cancel_unauthenticated_401" time="0.057" /><testcase classname="backend.tests.test_cancellation" name="test_cancel_others_order_404" time="1.039" /><testcase classname="backend.tests.test_cart" name="test_cart_empty_initial" time="0.052" /><testcase classname="backend.tests.test_cart" name="test_cart_add_update_remove_flow" time="0.353" /><testcase classname="backend.tests.test_cart" name="test_cart_free_shipping_over_threshold" time="0.172" /><testcase classname="backend.tests.test_cart" name="test_cart_requires_auth" time="0.052" /><testcase classname="backend.tests.test_cart" name="test_cart_add_unknown_product_404" time="0.054" /><testcase classname="backend.tests.test_checkout_orders" name="test_checkout_empty_cart_400" time="0.117" /><testcase classname="backend.tests.test_checkout_orders" name="test_checkout_creates_session_and_order" time="0.703" /><testcase classname="backend.tests.test_checkout_orders" name="test_orders_isolated_across_users" time="0.445" /><testcase classname="backend.tests.test_checkout_orders" name="test_webhook_invalid_signature_400" time="0.058" /><testcase classname="backend.tests.test_google_auth" name="test_google_session_invalid_session_id_401" time="0.171" /><testcase classname="backend.tests.test_google_auth" name="test_google_session_missing_field_422" time="0.052" /><testcase classname="backend.tests.test_google_auth" name="test_google_session_empty_session_id_401" time="0.105" /><testcase classname="backend.tests.test_google_auth" name="test_register_includes_provider_and_picture" time="0.274" /><testcase classname="backend.tests.test_google_auth" name="test_me_includes_provider_and_picture" time="0.055" /><testcase classname="backend.tests.test_google_auth" name="test_login_returns_provider_email" time="0.279" /><testcase classname="backend.tests.test_health" name="test_root_health" time="0.056" /><testcase classname="backend.tests.test_iter7_nz" name="test_taxonomy_returns_seven_mains_in_order" time="0.052" /><testcase classname="backend.tests.test_iter7_nz" name="test_taxonomy_subcategories[0-expected0]" time="0.054" /><testcase classname="backend.tests.test_iter7_nz" name="test_taxonomy_subcategories[1-expected1]" time="0.054" /><testcase classname="backend.tests.test_iter7_nz" name="test_taxonomy_subcategories[2-expected2]" time="0.059" /><testcase classname="backend.tests.test_iter7_nz" name="test_taxonomy_subcategories[3-expected3]" time="0.051" /><testcase classname="backend.tests.test_iter7_nz" name="test_taxonomy_subcategories[4-expected4]" time="0.049" /><testcase classname="backend.tests.test_iter7_nz" name="test_taxonomy_subcategories[5-expected5]" time="0.056" /><testcase classname="backend.tests.test_iter7_nz" name="test_taxonomy_subcategories[6-expected6]" time="0.059" /><testcase classname="backend.tests.test_iter7_nz" name="test_products_subcategory_filter_sarees" time="0.064" /><testcase classname="backend.tests.test_iter7_nz" name="test_products_category_filter_ethnic_fashion" time="0.056" /><testcase classname="backend.tests.test_iter7_nz" name="test_products_search_q_still_works" time="0.054" /><testcase classname="backend.tests.test_iter7_nz" name="test_platform_seeded_products_count_nine" time="0.066" /><testcase classname="backend.tests.test_iter7_nz" name="test_duty_under_threshold" time="0.056" /><testcase classname="backend.tests.test_iter7_nz" name="test_duty_over_threshold" time="0.053" /><testcase classname="backend.tests.test_iter7_nz" name="test_duty_empty_items" time="0.055" /><testcase classname="backend.tests.test_iter7_nz" name="test_prohibited_banned[homemade laddu-homemade]" time="0.056" /><testcase classname="backend.tests.test_iter7_nz" name="test_prohibited_banned[fresh milk powder-milk powder]" time="0.056" /><testcase classname="backend.tests.test_iter7_nz" name="test_prohibited_banned[beef pickle-beef]" time="0.059" /><testcase classname="backend.tests.test_iter7_nz" name="test_prohibited_banned[seed pack-seed]" time="0.080" /><testcase classname="backend.tests.test_iter7_nz" name="test_prohibited_banned[honey jar-honey]" time="0.057" /><testcase classname="backend.tests.test_iter7_nz" name="test_prohibited_allowed[sealed saree silk]" time="0.055" /><testcase classname="backend.tests.test_iter7_nz" name="test_prohibited_allowed[darjeeling tea]" time="0.054" /><testcase classname="backend.tests.test_iter7_nz" name="test_prohibited_empty_text" time="0.056" /><testcase classname="backend.tests.test_iter8_cancellation_notifications" name="test_cancel_returns_refund_fields_and_reason" time="1.177" /><testcase classname="backend.tests.test_iter8_cancellation_notifications" name="test_cancel_fanout_buyer_seller_admin" time="1.229" /><testcase classname="backend.tests.test_iter8_cancellation_notifications" name="test_admin_notifications_requires_secret" time="0.109" /><testcase classname="backend.tests.test_iter8_cancellation_notifications" name="test_mark_single_notification_read" time="1.274" /><testcase classname="backend.tests.test_iter8_cancellation_notifications" name="test_notifications_newest_first" time="3.046" /><testcase classname="backend.tests.test_iter8_cancellation_notifications" name="test_mock_shiprocket_label_does_not_ship_order" time="0.862" /><testcase classname="backend.tests.test_product_variants" name="test_create_listing_with_colors_sizes_stock" time="0.348" /><testcase classname="backend.tests.test_product_variants" name="test_listing_zero_stock_is_out_of_stock" time="0.352" /><testcase classname="backend.tests.test_product_variants" name="test_add_to_cart_blocked_when_out_of_stock" time="0.673" /><testcase classname="backend.tests.test_product_variants" name="test_add_to_cart_blocked_when_over_stock" time="0.772" /><testcase classname="backend.tests.test_product_variants" name="test_colors_capped_at_10" time="0.330" /><testcase classname="backend.tests.test_product_variants" name="test_default_stock_count_listing" time="0.401" /><testcase classname="backend.tests.test_product_variants_extra" name="test_put_cart_blocked_when_quantity_over_stock" time="0.741" /><testcase classname="backend.tests.test_product_variants_extra" name="test_put_cart_zero_stock_returns_400" time="0.742" /><testcase classname="backend.tests.test_product_variants_extra" name="test_sizes_capped_at_12" time="0.338" /><testcase classname="backend.tests.test_product_variants_extra" name="test_seeded_saree_has_colors_sizes_and_stock" time="0.066" /><testcase classname="backend.tests.test_product_variants_extra" name="test_decrement_and_restock_helpers_idempotent" time="0.292" /><testcase classname="backend.tests.test_product_variants_extra" name="test_cancel_endpoint_restocks_product" time="0.745" /><testcase classname="backend.tests.test_products" name="test_list_products_returns_seeded" time="0.066" /><testcase classname="backend.tests.test_products" name="test_list_categories" time="0.050" /><testcase classname="backend.tests.test_products" name="test_products_category_filter" time="0.049" /><testcase classname="backend.tests.test_products" name="test_products_search_q" time="0.052" /><testcase classname="backend.tests.test_products" name="test_get_product_by_id" time="0.118" /><testcase classname="backend.tests.test_products" name="test_get_product_404" time="0.052" /><testcase classname="backend.tests.test_returns" name="test_create_return_request_defective" time="0.858" /><testcase classname="backend.tests.test_returns" name="test_change_of_mind_has_restocking_fee" time="0.838" /><testcase classname="backend.tests.test_returns" name="test_invalid_reason_400" time="0.822" /><testcase classname="backend.tests.test_returns" name="test_return_outside_window_400" time="0.810" /><testcase classname="backend.tests.test_returns" name="test_return_unauth" time="0.062" /><testcase classname="backend.tests.test_returns" name="test_return_other_users_order" time="0.905" /><testcase classname="backend.tests.test_returns" name="test_my_returns_lists" time="0.963" /><testcase classname="backend.tests.test_returns" name="test_seller_returns_visibility" time="1.107"><error message="failed on setup with &quot;pymongo.errors.DuplicateKeyError: E11000 duplicate key error collection: allsale_database.sellers index: gstin_1 dup key: { gstin: &quot;07AAA0291234A1Z&quot; }, full error: {'index': 0, 'code': 11000, 'errmsg': 'E11000 duplicate key error collection: allsale_database.sellers index: gstin_1 dup key: { gstin: &quot;07AAA0291234A1Z&quot; }', 'keyPattern': {'gstin': 1}, 'keyValue': {'gstin': '07AAA0291234A1Z'}}&quot;">E   pymongo.errors.DuplicateKeyError: E11000 duplicate key error collection: allsale_database.sellers index: gstin_1 dup key: { gstin: "07AAA0291234A1Z" }, full error: {'index': 0, 'code': 11000, 'errmsg': 'E11000 duplicate key error collection: allsale_database.sellers index: gstin_1 dup key: { gstin: "07AAA0291234A1Z" }', 'keyPattern': {'gstin': 1}, 'keyValue': {'gstin': '07AAA0291234A1Z'}}</error></testcase><testcase classname="backend.tests.test_returns" name="test_seller_approve_creates_buyer_notification" time="1.510" /><testcase classname="backend.tests.test_returns" name="test_seller_reject_creates_buyer_notification" time="1.216" /><testcase classname="backend.tests.test_returns" name="test_cannot_double_decide" time="1.519" /><testcase classname="backend.tests.test_returns" name="test_seller_cannot_decide_others_return" time="1.542" /><testcase classname="backend.tests.test_returns" name="test_returns_for_order_visibility" time="1.235" /><testcase classname="backend.tests.test_seller.TestSellerRegister" name="test_register_auto_verifies" time="0.339" /><testcase classname="backend.tests.test_seller.TestSellerRegister" name="test_invalid_gstin_400" time="0.278" /><testcase classname="backend.tests.test_seller.TestSellerRegister" name="test_invalid_pan_400" time="0.277" /><testcase classname="backend.tests.test_seller.TestSellerRegister" name="test_pan_must_match_gstin" time="0.283" /><testcase classname="backend.tests.test_seller.TestSellerRegister" name="test_duplicate_gstin_returns_409" time="0.570" /><testcase classname="backend.tests.test_seller.TestSellerRegister" name="test_missing_required_fields_422" time="0.056" /><testcase classname="backend.tests.test_seller.TestSellerUpgrade" name="test_upgrade_buyer_to_seller" time="0.449" /><testcase classname="backend.tests.test_seller.TestSellerUpgrade" name="test_upgrade_requires_token" time="0.048" /><testcase classname="backend.tests.test_seller.TestSellerMe" name="test_non_seller_returns_404" time="0.049" /><testcase classname="backend.tests.test_seller.TestListings" name="test_create_listing_appears_in_catalog" time="0.587" /><testcase classname="backend.tests.test_seller.TestListings" name="test_create_listing_forbidden_for_non_seller" time="0.057" /><testcase classname="backend.tests.test_seller.TestListings" name="test_list_my_listings_isolated" time="0.573" /><testcase classname="backend.tests.test_seller.TestAdminApprove" name="test_admin_forbidden_without_header" time="0.460" /><testcase classname="backend.tests.test_seller.TestAdminApprove" name="test_admin_approve_unknown_user" time="0.062" /><testcase classname="backend.tests.test_seller_business_types.TestCinRequiredTypes" name="test_valid_cin_succeeds[private_limited]" time="0.339" /><testcase classname="backend.tests.test_seller_business_types.TestCinRequiredTypes" name="test_valid_cin_succeeds[public_limited]" time="0.337" /><testcase classname="backend.tests.test_seller_business_types.TestCinRequiredTypes" name="test_valid_cin_succeeds[opc]" time="0.325" /><testcase classname="backend.tests.test_seller_business_types.TestCinRequiredTypes" name="test_valid_cin_succeeds[section_8]" time="0.340" /><testcase classname="backend.tests.test_seller_business_types.TestCinRequiredTypes" name="test_missing_cin_rejected[private_limited]" time="0.277" /><testcase classname="backend.tests.test_seller_business_types.TestCinRequiredTypes" name="test_missing_cin_rejected[public_limited]" time="0.278" /><testcase classname="backend.tests.test_seller_business_types.TestCinRequiredTypes" name="test_missing_cin_rejected[opc]" time="0.290" /><testcase classname="backend.tests.test_seller_business_types.TestCinRequiredTypes" name="test_missing_cin_rejected[section_8]" time="0.273" /><testcase classname="backend.tests.test_seller_business_types.TestCinRequiredTypes" name="test_cin_with_llpin_rejected_for_pvt" time="0.279" /><testcase classname="backend.tests.test_seller_business_types.TestLlp" name="test_valid_llpin_succeeds[AAB-1234]" time="0.337" /><testcase classname="backend.tests.test_seller_business_types.TestLlp" name="test_valid_llpin_succeeds[AAB1234]" time="0.340" /><testcase classname="backend.tests.test_seller_business_types.TestLlp" name="test_missing_llpin_rejected" time="0.276" /><testcase classname="backend.tests.test_seller_business_types.TestLlp" name="test_cin_set_for_llp_rejected" time="0.288" /><testcase classname="backend.tests.test_seller_business_types.TestNoMcaTypes" name="test_no_ids_succeeds[sole_proprietorship]" time="0.334" /><testcase classname="backend.tests.test_seller_business_types.TestNoMcaTypes" name="test_no_ids_succeeds[partnership_firm]" time="0.343" /><testcase classname="backend.tests.test_seller_business_types.TestNoMcaTypes" name="test_sole_prop_with_cin_rejected" time="0.280" /><testcase classname="backend.tests.test_seller_business_types.TestNoMcaTypes" name="test_partnership_with_llpin_rejected" time="0.279" /><testcase classname="backend.tests.test_seller_business_types.TestInvalidBusinessType" name="test_unknown_type_rejected" time="0.297" /><testcase classname="backend.tests.test_seller_business_types.TestPanGstinForAllTypes" name="test_pan_mismatch_rejected[private_limited-extras0]" time="0.290" /><testcase classname="backend.tests.test_seller_business_types.TestPanGstinForAllTypes" name="test_pan_mismatch_rejected[public_limited-extras1]" time="0.281" /><testcase classname="backend.tests.test_seller_business_types.TestPanGstinForAllTypes" name="test_pan_mismatch_rejected[opc-extras2]" time="0.276" /><testcase classname="backend.tests.test_seller_business_types.TestPanGstinForAllTypes" name="test_pan_mismatch_rejected[section_8-extras3]" time="0.280" /><testcase classname="backend.tests.test_seller_business_types.TestPanGstinForAllTypes" name="test_pan_mismatch_rejected[llp-extras4]" time="0.283" /><testcase classname="backend.tests.test_seller_business_types.TestPanGstinForAllTypes" name="test_pan_mismatch_rejected[sole_proprietorship-extras5]" time="0.283" /><testcase classname="backend.tests.test_seller_business_types.TestPanGstinForAllTypes" name="test_pan_mismatch_rejected[partnership_firm-extras6]" time="0.285" /><testcase classname="backend.tests.test_seller_payouts.TestSellerOrders" name="test_forbidden_for_non_seller" time="0.342" /><testcase classname="backend.tests.test_seller_payouts.TestSellerOrders" name="test_empty_for_new_seller" time="0.332" /><testcase classname="backend.tests.test_seller_payouts.TestSellerOrders" name="test_orders_filtered_per_seller" time="1.645" /><testcase classname="backend.tests.test_seller_payouts.TestSellerPayouts" name="test_forbidden_for_non_seller" time="0.342" /><testcase classname="backend.tests.test_seller_payouts.TestSellerPayouts" name="test_empty_summary_for_new_seller" time="0.334" /><testcase classname="backend.tests.test_seller_payouts.TestPayoutCreation" name="test_payouts_created_per_seller_idempotent" time="1.428"><failure message="RuntimeError: Event loop is closed">E   RuntimeError: Event loop is closed</failure></testcase><testcase classname="backend.tests.test_seller_payouts.TestPayoutCreation" name="test_seeded_items_yield_no_payout" time="0.868" /><testcase classname="backend.tests.test_seller_payouts.TestAdminMarkPaid" name="test_forbidden_without_secret" time="0.111" /><testcase classname="backend.tests.test_seller_payouts.TestAdminMarkPaid" name="test_404_unknown_id" time="0.055" /><testcase classname="backend.tests.test_seller_payouts.TestAdminMarkPaid" name="test_mark_paid_flips_status" time="0.000"><skipped type="pytest.skip" message="Dependent on TestPayoutCreation having run first">/app/backend/tests/test_seller_payouts.py:345: Dependent on TestPayoutCreation having run first</skipped></testcase><testcase classname="backend.tests.test_shiprocket_webhook" name="test_webhook_requires_awb" time="0.060" /><testcase classname="backend.tests.test_shiprocket_webhook" name="test_webhook_invalid_json" time="0.057" /><testcase classname="backend.tests.test_shiprocket_webhook" name="test_webhook_unknown_awb_404" time="0.049" /><testcase classname="backend.tests.test_shiprocket_webhook" name="test_webhook_shipped_transitions_order" time="1.018" /><testcase classname="backend.tests.test_shiprocket_webhook" name="test_webhook_status_id_mapping" time="1.076" /><testcase classname="backend.tests.test_shiprocket_webhook" name="test_webhook_full_lifecycle" time="1.178" /><testcase classname="backend.tests.test_shiprocket_webhook" name="test_webhook_idempotent_same_status" time="1.129" /><testcase classname="backend.tests.test_shiprocket_webhook" name="test_webhook_unknown_status_returns_200_no_change" time="0.922" /><testcase classname="backend.tests.test_shiprocket_webhook" name="test_order_shipment_endpoint" time="0.909" /><testcase classname="backend.tests.test_shiprocket_webhook" name="test_order_shipment_endpoint_404_other_user" time="0.865" /><testcase classname="backend.tests.test_shiprocket_webhook" name="test_webhook_does_not_regress_delivered_order" time="1.070" /></testsuite></testsuites>