<?xml version="1.0" encoding="utf-8"?><testsuites name="pytest tests"><testsuite name="pytest" errors="0" failures="0" skipped="0" tests="39" time="3.749" timestamp="2026-06-13T02:23:56.223470+00:00" hostname="agent-env-ce6bf082-33a8-45f7-a27d-0f853e2f6b82"><testcase classname="test_seller_refactor_smoke.TestOnboarding" name="test_register_returns_token_and_seller_flag" time="0.461" /><testcase classname="test_seller_refactor_smoke.TestOnboarding" name="test_seller_me_returns_profile" time="0.048" /><testcase classname="test_seller_refactor_smoke.TestOnboarding" name="test_seller_me_404_for_buyer" time="0.312" /><testcase classname="test_seller_refactor_smoke.TestOnboarding" name="test_seller_me_401_without_token" time="0.043" /><testcase classname="test_seller_refactor_smoke.TestOnboarding" name="test_upgrade_buyer_to_seller" time="0.330" /><testcase classname="test_seller_refactor_smoke.TestOnboarding" name="test_upgrade_twice_400" time="0.044" /><testcase classname="test_seller_refactor_smoke.TestListings" name="test_create_listing" time="0.051" /><testcase classname="test_seller_refactor_smoke.TestListings" name="test_create_listing_no_image_400" time="0.044" /><testcase classname="test_seller_refactor_smoke.TestListings" name="test_create_listing_forbidden_for_buyer" time="0.047" /><testcase classname="test_seller_refactor_smoke.TestListings" name="test_list_my_listings" time="0.092" /><testcase classname="test_seller_refactor_smoke.TestListings" name="test_patch_update_listing" time="0.132" /><testcase classname="test_seller_refactor_smoke.TestListings" name="test_patch_404_for_unknown" time="0.044" /><testcase classname="test_seller_refactor_smoke.TestListings" name="test_delete_listing" time="0.144" /><testcase classname="test_seller_refactor_smoke.TestListings" name="test_bulk_set_price" time="0.181" /><testcase classname="test_seller_refactor_smoke.TestListings" name="test_bulk_adjust_price_pct" time="0.090" /><testcase classname="test_seller_refactor_smoke.TestListings" name="test_bulk_set_stock" time="0.135" /><testcase classname="test_seller_refactor_smoke.TestListings" name="test_bulk_adjust_stock" time="0.093" /><testcase classname="test_seller_refactor_smoke.TestListings" name="test_bulk_set_category" time="0.094" /><testcase classname="test_seller_refactor_smoke.TestListings" name="test_bulk_set_in_stock" time="0.091" /><testcase classname="test_seller_refactor_smoke.TestListings" name="test_bulk_delete" time="0.127" /><testcase classname="test_seller_refactor_smoke.TestListings" name="test_bulk_unknown_action_400" time="0.043" /><testcase classname="test_seller_refactor_smoke.TestListings" name="test_bulk_forbidden_for_buyer" time="0.045" /><testcase classname="test_seller_refactor_smoke.TestSellerOrders" name="test_seller_orders_empty" time="0.043" /><testcase classname="test_seller_refactor_smoke.TestSellerOrders" name="test_seller_orders_403_for_buyer" time="0.044" /><testcase classname="test_seller_refactor_smoke.TestSellerOrders" name="test_seller_payouts_shape" time="0.051" /><testcase classname="test_seller_refactor_smoke.TestSellerOrders" name="test_seller_payouts_403_for_buyer" time="0.082" /><testcase classname="test_seller_refactor_smoke.TestSellerOrders" name="test_seller_orders_csv_stream" time="0.047" /><testcase classname="test_seller_refactor_smoke.TestSellerOrders" name="test_seller_orders_csv_403_for_buyer" time="0.044" /><testcase classname="test_seller_refactor_smoke.TestAnalytics" name="test_track_view_anonymous" time="0.090" /><testcase classname="test_seller_refactor_smoke.TestAnalytics" name="test_track_view_unknown_product" time="0.047" /><testcase classname="test_seller_refactor_smoke.TestAnalytics" name="test_track_cart_add_anonymous" time="0.092" /><testcase classname="test_seller_refactor_smoke.TestAnalytics" name="test_analytics_shape" time="0.132" /><testcase classname="test_seller_refactor_smoke.TestAnalytics" name="test_analytics_403_for_buyer" time="0.045" /><testcase classname="test_seller_refactor_smoke.TestAnalytics" name="test_timeseries_7_days" time="0.046" /><testcase classname="test_seller_refactor_smoke.TestAnalytics" name="test_timeseries_30_days" time="0.048" /><testcase classname="test_seller_refactor_smoke.TestAnalytics" name="test_timeseries_clamps_to_30" time="0.046" /><testcase classname="test_seller_refactor_smoke.TestAnalytics" name="test_timeseries_403_for_buyer" time="0.044" /><testcase classname="test_seller_refactor_smoke.TestAnalytics" name="test_insights_30_days" time="0.046" /><testcase classname="test_seller_refactor_smoke.TestAnalytics" name="test_insights_403_for_buyer" time="0.042" /></testsuite></testsuites>