<?xml version="1.0" encoding="utf-8"?><testsuites name="pytest tests"><testsuite name="pytest" errors="0" failures="0" skipped="0" tests="22" time="8.540" timestamp="2026-06-13T00:09:16.919194+00:00" hostname="agent-env-ce6bf082-33a8-45f7-a27d-0f853e2f6b82"><testcase classname="tests.test_points" name="test_balance_requires_auth" time="0.231" /><testcase classname="tests.test_points" name="test_balance_shape_and_welcome_bonus" time="0.356" /><testcase classname="tests.test_points" name="test_welcome_bonus_persisted_in_ledger" time="0.276" /><testcase classname="tests.test_points" name="test_welcome_bonus_idempotent" time="0.275" /><testcase classname="tests.test_points" name="test_history_requires_auth" time="0.044" /><testcase classname="tests.test_points" name="test_history_shape_sorted_desc" time="0.334" /><testcase classname="tests.test_points" name="test_history_limit_clamped" time="0.389" /><testcase classname="tests.test_points" name="test_compute_redeem_balance_cap" time="0.000" /><testcase classname="tests.test_points" name="test_compute_redeem_max_per_order_cap" time="0.000" /><testcase classname="tests.test_points" name="test_compute_redeem_cart_total_cap" time="0.000" /><testcase classname="tests.test_points" name="test_compute_redeem_rounding_multiple_of_100" time="0.000" /><testcase classname="tests.test_points" name="test_compute_redeem_zero_inputs" time="0.000" /><testcase classname="tests.test_points" name="test_redeem_preview_empty_cart" time="0.389" /><testcase classname="tests.test_points" name="test_redeem_preview_balance_cap_via_api" time="0.441" /><testcase classname="tests.test_points" name="test_apply_points_to_empty_cart_fails" time="0.434" /><testcase classname="tests.test_points" name="test_apply_then_remove_points_on_cart" time="0.507" /><testcase classname="tests.test_points" name="test_apply_points_no_balance" time="0.598" /><testcase classname="tests.test_points" name="test_cross_user_isolation" time="0.617" /><testcase classname="tests.test_points" name="test_order_earn_and_redeem_on_payment" time="2.220" /><testcase classname="tests.test_points" name="test_points_stack_with_coupon" time="0.518" /><testcase classname="tests.test_points" name="test_stale_points_to_use_dropped" time="0.512" /><testcase classname="tests.test_points" name="test_review_earn_idempotent_unit" time="0.271" /></testsuite></testsuites>