<?xml version="1.0" encoding="utf-8"?><testsuites name="pytest tests"><testsuite name="pytest" errors="0" failures="0" skipped="0" tests="5" time="3.790" timestamp="2026-06-11T23:20:58.384020+00:00" hostname="agent-env-ce6bf082-33a8-45f7-a27d-0f853e2f6b82"><testcase classname="tests.test_bulk_zip_images" name="test_images_zip_upload_returns_mapping" time="2.111" /><testcase classname="tests.test_bulk_zip_images" name="test_images_zip_rejects_non_zip" time="0.100" /><testcase classname="tests.test_bulk_zip_images" name="test_images_zip_rejects_empty_upload" time="0.105" /><testcase classname="tests.test_bulk_zip_images" name="test_preview_substitutes_filenames_against_images_map" time="1.365" /><testcase classname="tests.test_bulk_zip_images" name="test_preview_without_images_map_flags_filename_as_invalid_url" time="0.095" /></testsuite></testsuites>