<?xml version="1.0" encoding="utf-8"?><testsuites name="pytest tests"><testsuite name="pytest" errors="0" failures="0" skipped="0" tests="13" time="2.228" timestamp="2026-06-19T22:50:59.605307+00:00" hostname="agent-env-ce6bf082-33a8-45f7-a27d-0f853e2f6b82"><testcase classname="tests.test_notification_prefs.TestTypeMap" name="test_known_types_resolve_to_categories" time="0.001" /><testcase classname="tests.test_notification_prefs.TestTypeMap" name="test_unknown_type_returns_none" time="0.000" /><testcase classname="tests.test_notification_prefs.TestGetPrefs" name="test_requires_auth" time="0.216" /><testcase classname="tests.test_notification_prefs.TestGetPrefs" name="test_buyer_defaults" time="0.571" /><testcase classname="tests.test_notification_prefs.TestGetPrefs" name="test_seller_sees_seller_alerts" time="0.329" /><testcase classname="tests.test_notification_prefs.TestPutPrefs" name="test_empty_body_rejected" time="0.050" /><testcase classname="tests.test_notification_prefs.TestPutPrefs" name="test_unknown_keys_ignored" time="0.043" /><testcase classname="tests.test_notification_prefs.TestPutPrefs" name="test_partial_update_persists" time="0.141" /><testcase classname="tests.test_notification_prefs.TestPutPrefs" name="test_toggle_back_on" time="0.130" /><testcase classname="tests.test_notification_prefs.TestMuteEnforcement" name="test_muted_category_skips_insert" time="0.459" /><testcase classname="tests.test_notification_prefs.TestMuteEnforcement" name="test_enabled_category_inserts" time="0.137" /><testcase classname="tests.test_notification_prefs.TestMuteEnforcement" name="test_admin_never_muted" time="0.006" /><testcase classname="tests.test_notification_prefs.TestMuteEnforcement" name="test_unknown_type_always_delivered" time="0.044" /></testsuite></testsuites>