<?xml version="1.0" encoding="utf-8"?><testsuites name="pytest tests"><testsuite name="pytest" errors="0" failures="0" skipped="0" tests="115" time="36.252" timestamp="2026-06-11T01:16:04.124764+00:00" hostname="agent-env-ce6bf082-33a8-45f7-a27d-0f853e2f6b82"><testcase classname="backend.tests.test_auth" name="test_register_returns_user_and_token" time="0.387" /><testcase classname="backend.tests.test_auth" name="test_register_duplicate_email_400" time="0.335" /><testcase classname="backend.tests.test_auth" name="test_login_success" time="0.272" /><testcase classname="backend.tests.test_auth" name="test_login_invalid_password_401" time="0.294" /><testcase classname="backend.tests.test_auth" name="test_login_unknown_user_401" time="0.099" /><testcase classname="backend.tests.test_auth" name="test_me_with_token" time="0.079" /><testcase classname="backend.tests.test_auth" name="test_me_missing_token_401" time="0.068" /><testcase classname="backend.tests.test_auth" name="test_me_invalid_token_401" time="0.048" /><testcase classname="backend.tests.test_cancellation" name="test_cancel_within_window_succeeds" time="1.068" /><testcase classname="backend.tests.test_cancellation" name="test_cancel_outside_window_rejected" time="0.883" /><testcase classname="backend.tests.test_cancellation" name="test_cannot_cancel_shipped_order" time="0.832" /><testcase classname="backend.tests.test_cancellation" name="test_cancel_creates_notifications" time="1.140" /><testcase classname="backend.tests.test_cancellation" name="test_notifications_unread_count_and_read" time="1.178" /><testcase classname="backend.tests.test_cancellation" name="test_cancel_unauthenticated_401" time="0.047" /><testcase classname="backend.tests.test_cancellation" name="test_cancel_others_order_404" time="0.832" /><testcase classname="backend.tests.test_cart" name="test_cart_empty_initial" time="0.047" /><testcase classname="backend.tests.test_cart" name="test_cart_add_update_remove_flow" time="0.257" /><testcase classname="backend.tests.test_cart" name="test_cart_free_shipping_over_threshold" time="0.150" /><testcase classname="backend.tests.test_cart" name="test_cart_requires_auth" time="0.047" /><testcase classname="backend.tests.test_cart" name="test_cart_add_unknown_product_404" time="0.049" /><testcase classname="backend.tests.test_checkout_orders" name="test_checkout_empty_cart_400" time="0.106" /><testcase classname="backend.tests.test_checkout_orders" name="test_checkout_creates_session_and_order" time="0.707" /><testcase classname="backend.tests.test_checkout_orders" name="test_orders_isolated_across_users" time="0.422" /><testcase classname="backend.tests.test_checkout_orders" name="test_webhook_invalid_signature_400" time="0.047" /><testcase classname="backend.tests.test_google_auth" name="test_google_session_invalid_session_id_401" time="0.153" /><testcase classname="backend.tests.test_google_auth" name="test_google_session_missing_field_422" time="0.051" /><testcase classname="backend.tests.test_google_auth" name="test_google_session_empty_session_id_401" time="0.099" /><testcase classname="backend.tests.test_google_auth" name="test_register_includes_provider_and_picture" time="0.270" /><testcase classname="backend.tests.test_google_auth" name="test_me_includes_provider_and_picture" time="0.046" /><testcase classname="backend.tests.test_google_auth" name="test_login_returns_provider_email" time="0.296" /><testcase classname="backend.tests.test_health" name="test_root_health" time="0.046" /><testcase classname="backend.tests.test_iter7_nz" name="test_taxonomy_returns_seven_mains_in_order" time="0.046" /><testcase classname="backend.tests.test_iter7_nz" name="test_taxonomy_subcategories[0-expected0]" time="0.049" /><testcase classname="backend.tests.test_iter7_nz" name="test_taxonomy_subcategories[1-expected1]" time="0.046" /><testcase classname="backend.tests.test_iter7_nz" name="test_taxonomy_subcategories[2-expected2]" time="0.051" /><testcase classname="backend.tests.test_iter7_nz" name="test_taxonomy_subcategories[3-expected3]" time="0.052" /><testcase classname="backend.tests.test_iter7_nz" name="test_taxonomy_subcategories[4-expected4]" time="0.065" /><testcase classname="backend.tests.test_iter7_nz" name="test_taxonomy_subcategories[5-expected5]" time="0.054" /><testcase classname="backend.tests.test_iter7_nz" name="test_taxonomy_subcategories[6-expected6]" time="0.046" /><testcase classname="backend.tests.test_iter7_nz" name="test_products_subcategory_filter_sarees" time="0.055" /><testcase classname="backend.tests.test_iter7_nz" name="test_products_category_filter_ethnic_fashion" time="0.049" /><testcase classname="backend.tests.test_iter7_nz" name="test_products_search_q_still_works" time="0.054" /><testcase classname="backend.tests.test_iter7_nz" name="test_platform_seeded_products_count_nine" time="0.049" /><testcase classname="backend.tests.test_iter7_nz" name="test_duty_under_threshold" time="0.048" /><testcase classname="backend.tests.test_iter7_nz" name="test_duty_over_threshold" time="0.045" /><testcase classname="backend.tests.test_iter7_nz" name="test_duty_empty_items" time="0.044" /><testcase classname="backend.tests.test_iter7_nz" name="test_prohibited_banned[homemade laddu-homemade]" time="0.048" /><testcase classname="backend.tests.test_iter7_nz" name="test_prohibited_banned[fresh milk powder-milk powder]" time="0.047" /><testcase classname="backend.tests.test_iter7_nz" name="test_prohibited_banned[beef pickle-beef]" time="0.050" /><testcase classname="backend.tests.test_iter7_nz" name="test_prohibited_banned[seed pack-seed]" time="0.047" /><testcase classname="backend.tests.test_iter7_nz" name="test_prohibited_banned[honey jar-honey]" time="0.048" /><testcase classname="backend.tests.test_iter7_nz" name="test_prohibited_allowed[sealed saree silk]" time="0.047" /><testcase classname="backend.tests.test_iter7_nz" name="test_prohibited_allowed[darjeeling tea]" time="0.047" /><testcase classname="backend.tests.test_iter7_nz" name="test_prohibited_empty_text" time="0.048" /><testcase classname="backend.tests.test_iter8_cancellation_notifications" name="test_cancel_returns_refund_fields_and_reason" time="1.113" /><testcase classname="backend.tests.test_iter8_cancellation_notifications" name="test_cancel_fanout_buyer_seller_admin" time="1.312" /><testcase classname="backend.tests.test_iter8_cancellation_notifications" name="test_admin_notifications_requires_secret" time="0.110" /><testcase classname="backend.tests.test_iter8_cancellation_notifications" name="test_mark_single_notification_read" time="1.222" /><testcase classname="backend.tests.test_iter8_cancellation_notifications" name="test_notifications_newest_first" time="2.993" /><testcase classname="backend.tests.test_iter8_cancellation_notifications" name="test_mock_shiprocket_label_does_not_ship_order" time="0.808" /><testcase classname="backend.tests.test_products" name="test_list_products_returns_seeded" time="0.048" /><testcase classname="backend.tests.test_products" name="test_list_categories" time="0.049" /><testcase classname="backend.tests.test_products" name="test_products_category_filter" time="0.048" /><testcase classname="backend.tests.test_products" name="test_products_search_q" time="0.048" /><testcase classname="backend.tests.test_products" name="test_get_product_by_id" time="0.098" /><testcase classname="backend.tests.test_products" name="test_get_product_404" time="0.048" /><testcase classname="backend.tests.test_seller.TestSellerRegister" name="test_register_auto_verifies" time="0.330" /><testcase classname="backend.tests.test_seller.TestSellerRegister" name="test_invalid_gstin_400" time="0.269" /><testcase classname="backend.tests.test_seller.TestSellerRegister" name="test_invalid_pan_400" time="0.271" /><testcase classname="backend.tests.test_seller.TestSellerRegister" name="test_pan_must_match_gstin" time="0.273" /><testcase classname="backend.tests.test_seller.TestSellerRegister" name="test_duplicate_gstin_returns_409" time="0.554" /><testcase classname="backend.tests.test_seller.TestSellerRegister" name="test_missing_required_fields_422" time="0.048" /><testcase classname="backend.tests.test_seller.TestSellerUpgrade" name="test_upgrade_buyer_to_seller" time="0.422" /><testcase classname="backend.tests.test_seller.TestSellerUpgrade" name="test_upgrade_requires_token" time="0.050" /><testcase classname="backend.tests.test_seller.TestSellerMe" name="test_non_seller_returns_404" time="0.048" /><testcase classname="backend.tests.test_seller.TestListings" name="test_create_listing_appears_in_catalog" time="0.561" /><testcase classname="backend.tests.test_seller.TestListings" name="test_create_listing_forbidden_for_non_seller" time="0.055" /><testcase classname="backend.tests.test_seller.TestListings" name="test_list_my_listings_isolated" time="0.485" /><testcase classname="backend.tests.test_seller.TestAdminApprove" name="test_admin_forbidden_without_header" time="0.509" /><testcase classname="backend.tests.test_seller.TestAdminApprove" name="test_admin_approve_unknown_user" time="0.052" /><testcase classname="backend.tests.test_seller_business_types.TestCinRequiredTypes" name="test_valid_cin_succeeds[private_limited]" time="0.329" /><testcase classname="backend.tests.test_seller_business_types.TestCinRequiredTypes" name="test_valid_cin_succeeds[public_limited]" time="0.320" /><testcase classname="backend.tests.test_seller_business_types.TestCinRequiredTypes" name="test_valid_cin_succeeds[opc]" time="0.325" /><testcase classname="backend.tests.test_seller_business_types.TestCinRequiredTypes" name="test_valid_cin_succeeds[section_8]" time="0.318" /><testcase classname="backend.tests.test_seller_business_types.TestCinRequiredTypes" name="test_missing_cin_rejected[private_limited]" time="0.271" /><testcase classname="backend.tests.test_seller_business_types.TestCinRequiredTypes" name="test_missing_cin_rejected[public_limited]" time="0.273" /><testcase classname="backend.tests.test_seller_business_types.TestCinRequiredTypes" name="test_missing_cin_rejected[opc]" time="0.272" /><testcase classname="backend.tests.test_seller_business_types.TestCinRequiredTypes" name="test_missing_cin_rejected[section_8]" time="0.268" /><testcase classname="backend.tests.test_seller_business_types.TestCinRequiredTypes" name="test_cin_with_llpin_rejected_for_pvt" time="0.273" /><testcase classname="backend.tests.test_seller_business_types.TestLlp" name="test_valid_llpin_succeeds[AAB-1234]" time="0.318" /><testcase classname="backend.tests.test_seller_business_types.TestLlp" name="test_valid_llpin_succeeds[AAB1234]" time="0.319" /><testcase classname="backend.tests.test_seller_business_types.TestLlp" name="test_missing_llpin_rejected" time="0.273" /><testcase classname="backend.tests.test_seller_business_types.TestLlp" name="test_cin_set_for_llp_rejected" time="0.274" /><testcase classname="backend.tests.test_seller_business_types.TestNoMcaTypes" name="test_no_ids_succeeds[sole_proprietorship]" time="0.320" /><testcase classname="backend.tests.test_seller_business_types.TestNoMcaTypes" name="test_no_ids_succeeds[partnership_firm]" time="0.339" /><testcase classname="backend.tests.test_seller_business_types.TestNoMcaTypes" name="test_sole_prop_with_cin_rejected" time="0.270" /><testcase classname="backend.tests.test_seller_business_types.TestNoMcaTypes" name="test_partnership_with_llpin_rejected" time="0.270" /><testcase classname="backend.tests.test_seller_business_types.TestInvalidBusinessType" name="test_unknown_type_rejected" time="0.272" /><testcase classname="backend.tests.test_seller_business_types.TestPanGstinForAllTypes" name="test_pan_mismatch_rejected[private_limited-extras0]" time="0.270" /><testcase classname="backend.tests.test_seller_business_types.TestPanGstinForAllTypes" name="test_pan_mismatch_rejected[public_limited-extras1]" time="0.275" /><testcase classname="backend.tests.test_seller_business_types.TestPanGstinForAllTypes" name="test_pan_mismatch_rejected[opc-extras2]" time="0.269" /><testcase classname="backend.tests.test_seller_business_types.TestPanGstinForAllTypes" name="test_pan_mismatch_rejected[section_8-extras3]" time="0.269" /><testcase classname="backend.tests.test_seller_business_types.TestPanGstinForAllTypes" name="test_pan_mismatch_rejected[llp-extras4]" time="0.280" /><testcase classname="backend.tests.test_seller_business_types.TestPanGstinForAllTypes" name="test_pan_mismatch_rejected[sole_proprietorship-extras5]" time="0.273" /><testcase classname="backend.tests.test_seller_business_types.TestPanGstinForAllTypes" name="test_pan_mismatch_rejected[partnership_firm-extras6]" time="0.288" /><testcase classname="backend.tests.test_seller_payouts.TestSellerOrders" name="test_forbidden_for_non_seller" time="0.317" /><testcase classname="backend.tests.test_seller_payouts.TestSellerOrders" name="test_empty_for_new_seller" time="0.319" /><testcase classname="backend.tests.test_seller_payouts.TestSellerOrders" name="test_orders_filtered_per_seller" time="1.601" /><testcase classname="backend.tests.test_seller_payouts.TestSellerPayouts" name="test_forbidden_for_non_seller" time="0.325" /><testcase classname="backend.tests.test_seller_payouts.TestSellerPayouts" name="test_empty_summary_for_new_seller" time="0.318" /><testcase classname="backend.tests.test_seller_payouts.TestPayoutCreation" name="test_payouts_created_per_seller_idempotent" time="1.685" /><testcase classname="backend.tests.test_seller_payouts.TestPayoutCreation" name="test_seeded_items_yield_no_payout" time="0.740" /><testcase classname="backend.tests.test_seller_payouts.TestAdminMarkPaid" name="test_forbidden_without_secret" time="0.099" /><testcase classname="backend.tests.test_seller_payouts.TestAdminMarkPaid" name="test_404_unknown_id" time="0.048" /><testcase classname="backend.tests.test_seller_payouts.TestAdminMarkPaid" name="test_mark_paid_flips_status" time="0.099" /></testsuite></testsuites>