<?xml version="1.0" encoding="utf-8"?><testsuites name="pytest tests"><testsuite name="pytest" errors="0" failures="0" skipped="0" tests="17" time="3.116" timestamp="2026-06-19T23:20:38.765558+00:00" hostname="agent-env-ce6bf082-33a8-45f7-a27d-0f853e2f6b82"><testcase classname="tests.test_qa.TestAuth" name="test_list_is_public" time="0.208" /><testcase classname="tests.test_qa.TestAuth" name="test_ask_requires_auth" time="0.057" /><testcase classname="tests.test_qa.TestAuth" name="test_answer_requires_auth" time="0.046" /><testcase classname="tests.test_qa.TestValidation" name="test_ask_too_short" time="0.519" /><testcase classname="tests.test_qa.TestValidation" name="test_ask_too_long" time="0.054" /><testcase classname="tests.test_qa.TestValidation" name="test_answer_too_short" time="0.107" /><testcase classname="tests.test_qa.TestNotFound" name="test_ask_on_unknown_product" time="0.043" /><testcase classname="tests.test_qa.TestNotFound" name="test_answer_unknown_question" time="0.045" /><testcase classname="tests.test_qa.TestNotFound" name="test_vote_unknown_question" time="0.046" /><testcase classname="tests.test_qa.TestListingShape" name="test_question_carries_top_answer_and_count" time="0.232" /><testcase classname="tests.test_qa.TestListingShape" name="test_sort_helpful_vs_recent" time="0.287" /><testcase classname="tests.test_qa.TestVoting" name="test_upvote_is_idempotent" time="0.232" /><testcase classname="tests.test_qa.TestVoting" name="test_clear_undoes_upvote" time="0.198" /><testcase classname="tests.test_qa.TestVoting" name="test_helpful_vote_on_answer" time="0.187" /><testcase classname="tests.test_qa.TestSellerBadge" name="test_seller_answering_own_listing" time="0.383" /><testcase classname="tests.test_qa.TestSellerBadge" name="test_verified_purchase_badge_when_buyer_has_paid_order" time="0.111" /><testcase classname="tests.test_qa.TestSellerBadge" name="test_answer_count_increments" time="0.243" /></testsuite></testsuites>