<?xml version="1.0" encoding="utf-8"?><testsuites name="pytest tests"><testsuite name="pytest" errors="0" failures="4" skipped="1" tests="75" time="61.959" timestamp="2026-06-17T20:54:06.580497+00:00" hostname="agent-env-ce6bf082-33a8-45f7-a27d-0f853e2f6b82"><testcase classname="tests.test_stripe_connect_commission" name="test_calculate_application_fee_tiers" time="0.007" /><testcase classname="tests.test_stripe_connect_commission" name="test_calculate_application_fee_rounding_floor" time="0.000" /><testcase classname="tests.test_stripe_connect_commission" name="test_to_minor_units_currency_aware" time="0.002" /><testcase classname="tests.test_stripe_connect_commission" name="test_checkout_persists_commission_breakdown_on_order" time="1.441" /><testcase classname="tests.test_stripe_connect_commission" name="test_webhook_dev_mode_accepts_unsigned" time="0.050" /><testcase classname="tests.test_checkout_orders" name="test_checkout_empty_cart_400" time="0.149" /><testcase classname="tests.test_checkout_orders" name="test_checkout_creates_session_and_order" time="0.598" /><testcase classname="tests.test_checkout_orders" name="test_orders_isolated_across_users" time="0.591" /><testcase classname="tests.test_checkout_orders" name="test_webhook_invalid_signature_400" time="0.046" /><testcase classname="tests.test_cancellation" name="test_cancel_within_window_succeeds" time="1.147" /><testcase classname="tests.test_cancellation" name="test_cancel_outside_window_now_allowed" time="1.122" /><testcase classname="tests.test_cancellation" name="test_cannot_cancel_shipped_order" time="0.965" /><testcase classname="tests.test_cancellation" name="test_cancel_creates_notifications" time="1.167" /><testcase classname="tests.test_cancellation" name="test_notifications_unread_count_and_read" time="1.259" /><testcase classname="tests.test_cancellation" name="test_cancel_unauthenticated_401" time="0.051" /><testcase classname="tests.test_cancellation" name="test_cancel_others_order_404" time="0.953" /><testcase classname="tests.test_flash_sales.TestPublicActive" name="test_no_auth_required" time="0.055" /><testcase classname="tests.test_flash_sales.TestPublicActive" name="test_returns_only_active_within_window" time="0.684" /><testcase classname="tests.test_flash_sales.TestPublicActive" name="test_excludes_sold_out" time="0.550" /><testcase classname="tests.test_flash_sales.TestPublicActive" name="test_featured_first_then_discount" time="0.654" /><testcase classname="tests.test_flash_sales.TestPublicActive" name="test_hydration_product_name_image" time="0.616" /><testcase classname="tests.test_flash_sales.TestSellerCreate" name="test_unverified_buyer_403" time="0.505" /><testcase classname="tests.test_flash_sales.TestSellerCreate" name="test_product_not_owned_404" time="0.967" /><testcase classname="tests.test_flash_sales.TestSellerCreate" name="test_sale_price_above_list_400" time="0.532" /><testcase classname="tests.test_flash_sales.TestSellerCreate" name="test_min_discount_10_pct" time="0.520" /><testcase classname="tests.test_flash_sales.TestSellerCreate" name="test_valid_to_must_be_after_from" time="0.495" /><testcase classname="tests.test_flash_sales.TestSellerCreate" name="test_valid_to_must_be_future" time="0.505" /><testcase classname="tests.test_flash_sales.TestSellerCreate" name="test_max_duration_7_days" time="0.485" /><testcase classname="tests.test_flash_sales.TestSellerCreate" name="test_max_active_per_seller_10" time="1.007" /><testcase classname="tests.test_flash_sales.TestSellerCreate" name="test_create_computes_discount_pct_and_sets_seller" time="0.610" /><testcase classname="tests.test_flash_sales.TestSellerManage" name="test_list_sorted_desc" time="0.719" /><testcase classname="tests.test_flash_sales.TestSellerManage" name="test_patch_recomputes_discount" time="0.570" /><testcase classname="tests.test_flash_sales.TestSellerManage" name="test_patch_rejects_price_above_list" time="0.558" /><testcase classname="tests.test_flash_sales.TestSellerManage" name="test_patch_other_owner_403" time="1.002" /><testcase classname="tests.test_flash_sales.TestSellerManage" name="test_delete_owner" time="0.535" /><testcase classname="tests.test_flash_sales.TestSellerManage" name="test_delete_other_403" time="1.020" /><testcase classname="tests.test_flash_sales.TestCartHydration" name="test_cart_uses_sale_price" time="1.330" /><testcase classname="tests.test_flash_sales.TestCartHydration" name="test_inactive_sale_uses_list_price" time="1.061" /><testcase classname="tests.test_flash_sales.TestCartHydration" name="test_sold_out_uses_list_price" time="1.067" /><testcase classname="tests.test_flash_sales.TestCartHydration" name="test_non_sale_item_has_null_flash_sale_id" time="0.975" /><testcase classname="tests.test_flash_sales.TestBestDiscount" name="test_best_discount_picked" time="1.107" /><testcase classname="tests.test_flash_sales.TestOrderAndUnits" name="test_record_units_sold_idempotent" time="0.008" /><testcase classname="tests.test_flash_sales.TestOrderAndUnits" name="test_checkout_order_persists_flash_sale_fields" time="1.353" /><testcase classname="tests.test_flash_sales.TestOrderAndUnits" name="test_payment_success_increments_units_sold_idempotent" time="3.023" /><testcase classname="tests.test_flash_sales.TestSoldOutAuto" name="test_get_active_for_product_returns_none_when_sold_out" time="0.494" /><testcase classname="tests.test_flash_sales.TestStacks" name="test_flash_plus_coupon_plus_points" time="1.120" /><testcase classname="tests.test_returns" name="test_create_return_request_defective" time="1.059" /><testcase classname="tests.test_returns" name="test_change_of_mind_has_restocking_fee" time="1.009" /><testcase classname="tests.test_returns" name="test_invalid_reason_400" time="1.569" /><testcase classname="tests.test_returns" name="test_return_outside_window_400" time="0.929" /><testcase classname="tests.test_returns" name="test_return_unauth" time="0.049" /><testcase classname="tests.test_returns" name="test_return_other_users_order" time="0.979" /><testcase classname="tests.test_returns" name="test_my_returns_lists" time="0.951" /><testcase classname="tests.test_returns" name="test_seller_returns_visibility" time="2.482" /><testcase classname="tests.test_returns" name="test_seller_approve_creates_buyer_notification" time="1.658" /><testcase classname="tests.test_returns" name="test_seller_reject_creates_buyer_notification" time="1.565" /><testcase classname="tests.test_returns" name="test_cannot_double_decide" time="1.726" /><testcase classname="tests.test_returns" name="test_seller_cannot_decide_others_return" time="2.021" /><testcase classname="tests.test_returns" name="test_returns_for_order_visibility" time="1.452" /><testcase classname="tests.test_returns" name="test_seller_paid_reason_without_photos_400" time="0.970" /><testcase classname="tests.test_returns" name="test_change_of_mind_without_photos_ok" time="1.059" /><testcase classname="tests.test_returns" name="test_max_photos_enforced" time="0.977" /><testcase classname="tests.test_returns" name="test_seller_sees_proof_photos" time="1.433" /><testcase classname="tests.test_returns" name="test_max_one_video_enforced" time="1.146" /><testcase classname="tests.test_returns" name="test_video_optional_and_visible_to_seller" time="1.406" /><testcase classname="tests.test_seller_payouts.TestSellerOrders" name="test_forbidden_for_non_seller" time="0.511" /><testcase classname="tests.test_seller_payouts.TestSellerOrders" name="test_empty_for_new_seller" time="0.325" /><testcase classname="tests.test_seller_payouts.TestSellerOrders" name="test_orders_filtered_per_seller" time="0.620"><failure message="AssertionError: {&quot;detail&quot;:&quot;Please upload your ID proof and business proof to continue.&quot;}&#10;assert 403 == 200&#10; +  where 403 = &lt;Response [403]&gt;.status_code">tests/test_seller_payouts.py:124: in test_orders_filtered_per_seller
    a_listing = _create_listing(api_client, seller_a["access_token"], "TEST_A_item", price=30.0)
                ^^^^^^^^^^^^^^^^^^^^^^^^^^^^^^^^^^^^^^^^^^^^^^^^^^^^^^^^^^^^^^^^^^^^^^^^^^^^^^^^
tests/test_seller_payouts.py:97: in _create_listing
    assert r.status_code == 200, r.text
E   AssertionError: {"detail":"Please upload your ID proof and business proof to continue."}
E   assert 403 == 200
E    +  where 403 = &lt;Response [403]&gt;.status_code</failure></testcase><testcase classname="tests.test_seller_payouts.TestSellerPayouts" name="test_forbidden_for_non_seller" time="0.543" /><testcase classname="tests.test_seller_payouts.TestSellerPayouts" name="test_empty_summary_for_new_seller" time="0.327" /><testcase classname="tests.test_seller_payouts.TestPayoutCreation" name="test_payouts_created_per_seller_idempotent" time="0.622"><failure message="AssertionError: {&quot;detail&quot;:&quot;Please upload your ID proof and business proof to continue.&quot;}&#10;assert 403 == 200&#10; +  where 403 = &lt;Response [403]&gt;.status_code">tests/test_seller_payouts.py:220: in test_payouts_created_per_seller_idempotent
    a_listing = _create_listing(api_client, seller_a["access_token"], "TEST_PA_item", price=50.0)
                ^^^^^^^^^^^^^^^^^^^^^^^^^^^^^^^^^^^^^^^^^^^^^^^^^^^^^^^^^^^^^^^^^^^^^^^^^^^^^^^^^
tests/test_seller_payouts.py:97: in _create_listing
    assert r.status_code == 200, r.text
E   AssertionError: {"detail":"Please upload your ID proof and business proof to continue."}
E   assert 403 == 200
E    +  where 403 = &lt;Response [403]&gt;.status_code</failure></testcase><testcase classname="tests.test_seller_payouts.TestPayoutCreation" name="test_seeded_items_yield_no_payout" time="0.546"><failure message="AssertionError: no seeded product found&#10;assert None is not None">tests/test_seller_payouts.py:292: in test_seeded_items_yield_no_payout
    assert seeded is not None, "no seeded product found"
E   AssertionError: no seeded product found
E   assert None is not None</failure></testcase><testcase classname="tests.test_seller_payouts.TestAdminMarkPaid" name="test_forbidden_without_secret" time="0.052"><failure message="assert 401 == 403&#10; +  where 401 = &lt;Response [401]&gt;.status_code">tests/test_seller_payouts.py:341: in test_forbidden_without_secret
    assert r.status_code == 403
E   assert 401 == 403
E    +  where 401 = &lt;Response [401]&gt;.status_code</failure></testcase><testcase classname="tests.test_seller_payouts.TestAdminMarkPaid" name="test_404_unknown_id" time="0.048" /><testcase classname="tests.test_seller_payouts.TestAdminMarkPaid" name="test_mark_paid_flips_status" time="0.001"><skipped type="pytest.skip" message="Dependent on TestPayoutCreation having run first">/app/backend/tests/test_seller_payouts.py:358: Dependent on TestPayoutCreation having run first</skipped></testcase></testsuite></testsuites>