<?xml version="1.0" encoding="utf-8"?><testsuites name="pytest tests"><testsuite name="pytest" errors="0" failures="0" skipped="0" tests="73" time="22.694" timestamp="2026-06-11T00:29:19.132000+00:00" hostname="agent-env-ce6bf082-33a8-45f7-a27d-0f853e2f6b82"><testcase classname="backend.tests.test_auth" name="test_register_returns_user_and_token" time="0.383" /><testcase classname="backend.tests.test_auth" name="test_register_duplicate_email_400" time="0.340" /><testcase classname="backend.tests.test_auth" name="test_login_success" time="0.278" /><testcase classname="backend.tests.test_auth" name="test_login_invalid_password_401" time="0.282" /><testcase classname="backend.tests.test_auth" name="test_login_unknown_user_401" time="0.056" /><testcase classname="backend.tests.test_auth" name="test_me_with_token" time="0.057" /><testcase classname="backend.tests.test_auth" name="test_me_missing_token_401" time="0.053" /><testcase classname="backend.tests.test_auth" name="test_me_invalid_token_401" time="0.057" /><testcase classname="backend.tests.test_cart" name="test_cart_empty_initial" time="0.056" /><testcase classname="backend.tests.test_cart" name="test_cart_add_update_remove_flow" time="0.343" /><testcase classname="backend.tests.test_cart" name="test_cart_free_shipping_over_threshold" time="0.174" /><testcase classname="backend.tests.test_cart" name="test_cart_requires_auth" time="0.156" /><testcase classname="backend.tests.test_cart" name="test_cart_add_unknown_product_404" time="0.057" /><testcase classname="backend.tests.test_checkout_orders" name="test_checkout_empty_cart_400" time="0.117" /><testcase classname="backend.tests.test_checkout_orders" name="test_checkout_creates_session_and_order" time="0.819" /><testcase classname="backend.tests.test_checkout_orders" name="test_orders_isolated_across_users" time="0.448" /><testcase classname="backend.tests.test_checkout_orders" name="test_webhook_invalid_signature_400" time="0.062" /><testcase classname="backend.tests.test_google_auth" name="test_google_session_invalid_session_id_401" time="0.171" /><testcase classname="backend.tests.test_google_auth" name="test_google_session_missing_field_422" time="0.059" /><testcase classname="backend.tests.test_google_auth" name="test_google_session_empty_session_id_401" time="0.106" /><testcase classname="backend.tests.test_google_auth" name="test_register_includes_provider_and_picture" time="0.279" /><testcase classname="backend.tests.test_google_auth" name="test_me_includes_provider_and_picture" time="0.067" /><testcase classname="backend.tests.test_google_auth" name="test_login_returns_provider_email" time="0.286" /><testcase classname="backend.tests.test_health" name="test_root_health" time="0.053" /><testcase classname="backend.tests.test_seller.TestSellerRegister" name="test_register_auto_verifies" time="0.340" /><testcase classname="backend.tests.test_seller.TestSellerRegister" name="test_invalid_gstin_400" time="0.280" /><testcase classname="backend.tests.test_seller.TestSellerRegister" name="test_invalid_pan_400" time="0.280" /><testcase classname="backend.tests.test_seller.TestSellerRegister" name="test_pan_must_match_gstin" time="0.291" /><testcase classname="backend.tests.test_seller.TestSellerRegister" name="test_duplicate_gstin_returns_409" time="0.585" /><testcase classname="backend.tests.test_seller.TestSellerRegister" name="test_missing_required_fields_422" time="0.058" /><testcase classname="backend.tests.test_seller.TestSellerUpgrade" name="test_upgrade_buyer_to_seller" time="0.471" /><testcase classname="backend.tests.test_seller.TestSellerUpgrade" name="test_upgrade_requires_token" time="0.060" /><testcase classname="backend.tests.test_seller.TestSellerMe" name="test_non_seller_returns_404" time="0.055" /><testcase classname="backend.tests.test_seller.TestListings" name="test_create_listing_appears_in_catalog" time="0.582" /><testcase classname="backend.tests.test_seller.TestListings" name="test_create_listing_forbidden_for_non_seller" time="0.070" /><testcase classname="backend.tests.test_seller.TestListings" name="test_list_my_listings_isolated" time="0.513" /><testcase classname="backend.tests.test_seller.TestAdminApprove" name="test_admin_forbidden_without_header" time="0.465" /><testcase classname="backend.tests.test_seller.TestAdminApprove" name="test_admin_approve_unknown_user" time="0.066" /><testcase classname="backend.tests.test_seller_business_types.TestCinRequiredTypes" name="test_valid_cin_succeeds[private_limited]" time="0.350" /><testcase classname="backend.tests.test_seller_business_types.TestCinRequiredTypes" name="test_valid_cin_succeeds[public_limited]" time="0.381" /><testcase classname="backend.tests.test_seller_business_types.TestCinRequiredTypes" name="test_valid_cin_succeeds[opc]" time="0.367" /><testcase classname="backend.tests.test_seller_business_types.TestCinRequiredTypes" name="test_valid_cin_succeeds[section_8]" time="0.349" /><testcase classname="backend.tests.test_seller_business_types.TestCinRequiredTypes" name="test_missing_cin_rejected[private_limited]" time="0.278" /><testcase classname="backend.tests.test_seller_business_types.TestCinRequiredTypes" name="test_missing_cin_rejected[public_limited]" time="0.277" /><testcase classname="backend.tests.test_seller_business_types.TestCinRequiredTypes" name="test_missing_cin_rejected[opc]" time="0.274" /><testcase classname="backend.tests.test_seller_business_types.TestCinRequiredTypes" name="test_missing_cin_rejected[section_8]" time="0.276" /><testcase classname="backend.tests.test_seller_business_types.TestCinRequiredTypes" name="test_cin_with_llpin_rejected_for_pvt" time="0.280" /><testcase classname="backend.tests.test_seller_business_types.TestLlp" name="test_valid_llpin_succeeds[AAB-1234]" time="0.335" /><testcase classname="backend.tests.test_seller_business_types.TestLlp" name="test_valid_llpin_succeeds[AAB1234]" time="0.332" /><testcase classname="backend.tests.test_seller_business_types.TestLlp" name="test_missing_llpin_rejected" time="0.279" /><testcase classname="backend.tests.test_seller_business_types.TestLlp" name="test_cin_set_for_llp_rejected" time="0.277" /><testcase classname="backend.tests.test_seller_business_types.TestNoMcaTypes" name="test_no_ids_succeeds[sole_proprietorship]" time="0.336" /><testcase classname="backend.tests.test_seller_business_types.TestNoMcaTypes" name="test_no_ids_succeeds[partnership_firm]" time="0.344" /><testcase classname="backend.tests.test_seller_business_types.TestNoMcaTypes" name="test_sole_prop_with_cin_rejected" time="0.278" /><testcase classname="backend.tests.test_seller_business_types.TestNoMcaTypes" name="test_partnership_with_llpin_rejected" time="0.278" /><testcase classname="backend.tests.test_seller_business_types.TestInvalidBusinessType" name="test_unknown_type_rejected" time="0.281" /><testcase classname="backend.tests.test_seller_business_types.TestPanGstinForAllTypes" name="test_pan_mismatch_rejected[private_limited-extras0]" time="0.283" /><testcase classname="backend.tests.test_seller_business_types.TestPanGstinForAllTypes" name="test_pan_mismatch_rejected[public_limited-extras1]" time="0.284" /><testcase classname="backend.tests.test_seller_business_types.TestPanGstinForAllTypes" name="test_pan_mismatch_rejected[opc-extras2]" time="0.281" /><testcase classname="backend.tests.test_seller_business_types.TestPanGstinForAllTypes" name="test_pan_mismatch_rejected[section_8-extras3]" time="0.276" /><testcase classname="backend.tests.test_seller_business_types.TestPanGstinForAllTypes" name="test_pan_mismatch_rejected[llp-extras4]" time="0.279" /><testcase classname="backend.tests.test_seller_business_types.TestPanGstinForAllTypes" name="test_pan_mismatch_rejected[sole_proprietorship-extras5]" time="0.277" /><testcase classname="backend.tests.test_seller_business_types.TestPanGstinForAllTypes" name="test_pan_mismatch_rejected[partnership_firm-extras6]" time="0.316" /><testcase classname="backend.tests.test_seller_payouts.TestSellerOrders" name="test_forbidden_for_non_seller" time="0.339" /><testcase classname="backend.tests.test_seller_payouts.TestSellerOrders" name="test_empty_for_new_seller" time="0.343" /><testcase classname="backend.tests.test_seller_payouts.TestSellerOrders" name="test_orders_filtered_per_seller" time="1.700" /><testcase classname="backend.tests.test_seller_payouts.TestSellerPayouts" name="test_forbidden_for_non_seller" time="0.344" /><testcase classname="backend.tests.test_seller_payouts.TestSellerPayouts" name="test_empty_summary_for_new_seller" time="0.340" /><testcase classname="backend.tests.test_seller_payouts.TestPayoutCreation" name="test_payouts_created_per_seller_idempotent" time="1.870" /><testcase classname="backend.tests.test_seller_payouts.TestPayoutCreation" name="test_seeded_items_yield_no_payout" time="0.865" /><testcase classname="backend.tests.test_seller_payouts.TestAdminMarkPaid" name="test_forbidden_without_secret" time="0.110" /><testcase classname="backend.tests.test_seller_payouts.TestAdminMarkPaid" name="test_404_unknown_id" time="0.075" /><testcase classname="backend.tests.test_seller_payouts.TestAdminMarkPaid" name="test_mark_paid_flips_status" time="0.205" /></testsuite></testsuites>