<?xml version="1.0" encoding="utf-8"?><testsuites name="pytest tests"><testsuite name="pytest" errors="0" failures="0" skipped="0" tests="6" time="8.332" timestamp="2026-06-11T01:15:51.110290+00:00" hostname="agent-env-ce6bf082-33a8-45f7-a27d-0f853e2f6b82"><testcase classname="backend.tests.test_iter8_cancellation_notifications" name="test_cancel_returns_refund_fields_and_reason" time="1.717" /><testcase classname="backend.tests.test_iter8_cancellation_notifications" name="test_cancel_fanout_buyer_seller_admin" time="1.184" /><testcase classname="backend.tests.test_iter8_cancellation_notifications" name="test_admin_notifications_requires_secret" time="0.098" /><testcase classname="backend.tests.test_iter8_cancellation_notifications" name="test_mark_single_notification_read" time="1.248" /><testcase classname="backend.tests.test_iter8_cancellation_notifications" name="test_notifications_newest_first" time="3.174" /><testcase classname="backend.tests.test_iter8_cancellation_notifications" name="test_mock_shiprocket_label_does_not_ship_order" time="0.811" /></testsuite></testsuites>