<?xml version="1.0" encoding="utf-8"?><testsuites name="pytest tests"><testsuite name="pytest" errors="0" failures="0" skipped="1" tests="12" time="3.396" timestamp="2026-06-19T09:25:46.196299+00:00" hostname="agent-env-ce6bf082-33a8-45f7-a27d-0f853e2f6b82"><testcase classname="backend.tests.test_admin_user_actions" name="test_get_user_returns_safe_fields" time="0.986" /><testcase classname="backend.tests.test_admin_user_actions" name="test_get_user_404" time="0.096" /><testcase classname="backend.tests.test_admin_user_actions" name="test_suspend_invalidates_old_jwt_and_blocks_login" time="0.730" /><testcase classname="backend.tests.test_admin_user_actions" name="test_reactivate_clears_suspension" time="0.204" /><testcase classname="backend.tests.test_admin_user_actions" name="test_suspend_short_reason_422" time="0.103" /><testcase classname="backend.tests.test_admin_user_actions" name="test_reset_2fa" time="0.182" /><testcase classname="backend.tests.test_admin_user_actions" name="test_points_adjust_credit" time="0.283" /><testcase classname="backend.tests.test_admin_user_actions" name="test_points_adjust_zero_delta_400" time="0.101" /><testcase classname="backend.tests.test_admin_user_actions" name="test_points_adjust_negative_below_zero_400" time="0.093" /><testcase classname="backend.tests.test_admin_user_actions" name="test_points_adjust_short_reason_422" time="0.099" /><testcase classname="backend.tests.test_admin_user_actions" name="test_activity_log_captures_actions" time="0.155" /><testcase classname="backend.tests.test_admin_user_actions" name="test_support_role_cannot_suspend" time="0.316"><skipped type="pytest.skip" message="admin/team endpoint did not return a usable temp password">/app/backend/tests/test_admin_user_actions.py:279: admin/team endpoint did not return a usable temp password</skipped></testcase></testsuite></testsuites>