<?xml version="1.0" encoding="utf-8"?><testsuites name="pytest tests"><testsuite name="pytest" errors="0" failures="0" skipped="0" tests="105" time="31.619" timestamp="2026-06-13T02:24:11.139710+00:00" hostname="agent-env-ce6bf082-33a8-45f7-a27d-0f853e2f6b82"><testcase classname="tests.test_seller.TestSellerRegister" name="test_register_auto_verifies" time="0.401" /><testcase classname="tests.test_seller.TestSellerRegister" name="test_invalid_gstin_400" time="0.272" /><testcase classname="tests.test_seller.TestSellerRegister" name="test_invalid_pan_400" time="0.270" /><testcase classname="tests.test_seller.TestSellerRegister" name="test_pan_must_match_gstin" time="0.269" /><testcase classname="tests.test_seller.TestSellerRegister" name="test_duplicate_gstin_returns_409" time="0.544" /><testcase classname="tests.test_seller.TestSellerRegister" name="test_missing_required_fields_422" time="0.045" /><testcase classname="tests.test_seller.TestSellerUpgrade" name="test_upgrade_buyer_to_seller" time="0.412" /><testcase classname="tests.test_seller.TestSellerUpgrade" name="test_upgrade_requires_token" time="0.044" /><testcase classname="tests.test_seller.TestSellerMe" name="test_non_seller_returns_404" time="0.314" /><testcase classname="tests.test_seller.TestListings" name="test_create_listing_appears_in_catalog" time="0.577" /><testcase classname="tests.test_seller.TestListings" name="test_create_listing_forbidden_for_non_seller" time="0.046" /><testcase classname="tests.test_seller.TestListings" name="test_list_my_listings_isolated" time="0.453" /><testcase classname="tests.test_seller.TestAdminApprove" name="test_admin_forbidden_without_header" time="0.406" /><testcase classname="tests.test_seller.TestAdminApprove" name="test_admin_approve_unknown_user" time="0.045" /><testcase classname="tests.test_edit_listing" name="test_edit_listing_partial_fields" time="0.405" /><testcase classname="tests.test_edit_listing" name="test_edit_listing_stock_flips_in_stock" time="0.458" /><testcase classname="tests.test_edit_listing" name="test_edit_listing_replace_images" time="0.408" /><testcase classname="tests.test_edit_listing" name="test_edit_listing_requires_at_least_one_image" time="0.408" /><testcase classname="tests.test_edit_listing" name="test_edit_listing_other_seller_404" time="0.766" /><testcase classname="tests.test_edit_listing" name="test_edit_listing_empty_body_is_noop" time="0.403" /><testcase classname="tests.test_edit_listing" name="test_edit_listing_clean_colors_dedupe_cap" time="0.404" /><testcase classname="tests.test_edit_listing" name="test_edit_listing_unauth" time="0.045" /><testcase classname="tests.test_bulk_listings_edges.TestPreviewSizeLimits" name="test_empty_file_returns_400" time="0.449" /><testcase classname="tests.test_bulk_listings_edges.TestPreviewSizeLimits" name="test_oversize_file_returns_413" time="0.573" /><testcase classname="tests.test_bulk_listings_edges.TestPreviewSizeLimits" name="test_too_many_rows_returns_413" time="0.122" /><testcase classname="tests.test_bulk_listings_edges.TestPreviewSizeLimits" name="test_no_data_rows_returns_400" time="0.091" /><testcase classname="tests.test_bulk_listings_edges.TestAuthGating" name="test_missing_auth_blocked_on_get[/template.csv]" time="0.109" /><testcase classname="tests.test_bulk_listings_edges.TestAuthGating" name="test_missing_auth_blocked_on_get[/template.xlsx]" time="0.099" /><testcase classname="tests.test_bulk_listings_edges.TestAuthGating" name="test_missing_auth_blocked_on_get[/columns]" time="0.103" /><testcase classname="tests.test_bulk_listings_edges.TestAuthGating" name="test_missing_auth_blocked_on_get[/export.csv]" time="0.132" /><testcase classname="tests.test_bulk_listings_edges.TestAuthGating" name="test_missing_auth_blocked_on_get[/export.xlsx]" time="0.095" /><testcase classname="tests.test_bulk_listings_edges.TestAuthGating" name="test_missing_auth_blocked_on_preview" time="0.099" /><testcase classname="tests.test_bulk_listings_edges.TestAuthGating" name="test_missing_auth_blocked_on_import" time="0.111" /><testcase classname="tests.test_bulk_listings_edges.TestAuthGating" name="test_buyer_blocked_with_403_on_get[/template.csv]" time="0.413" /><testcase classname="tests.test_bulk_listings_edges.TestAuthGating" name="test_buyer_blocked_with_403_on_get[/template.xlsx]" time="0.108" /><testcase classname="tests.test_bulk_listings_edges.TestAuthGating" name="test_buyer_blocked_with_403_on_get[/columns]" time="0.098" /><testcase classname="tests.test_bulk_listings_edges.TestAuthGating" name="test_buyer_blocked_with_403_on_get[/export.csv]" time="0.103" /><testcase classname="tests.test_bulk_listings_edges.TestAuthGating" name="test_buyer_blocked_with_403_on_get[/export.xlsx]" time="0.094" /><testcase classname="tests.test_bulk_listings_edges.TestAuthGating" name="test_buyer_blocked_with_403_on_preview" time="0.093" /><testcase classname="tests.test_bulk_listings_edges.TestAuthGating" name="test_buyer_blocked_with_403_on_import" time="0.097" /><testcase classname="tests.test_bulk_listings_edges.TestSellerRegression" name="test_post_seller_products_still_works" time="0.192" /><testcase classname="tests.test_bulk_listings_edges.TestSellerRegression" name="test_get_seller_products_still_works" time="0.094" /><testcase classname="tests.test_bulk_listings_edges.TestAuthHeader" name="test_garbage_bearer_blocked" time="0.093" /><testcase classname="tests.test_bulk_listings_edges.TestAuthHeader" name="test_wrong_scheme_blocked" time="0.106" /><testcase classname="tests.test_bulk_listings_edges.TestAuthHeader" name="test_valid_bearer_works" time="0.098" /><testcase classname="tests.test_analytics_timeseries" name="test_timeseries_default_7_days" time="0.321" /><testcase classname="tests.test_analytics_timeseries" name="test_timeseries_30_days_param" time="0.319" /><testcase classname="tests.test_analytics_timeseries" name="test_timeseries_days_clamped_to_30" time="0.319" /><testcase classname="tests.test_analytics_timeseries" name="test_timeseries_requires_seller_account" time="0.043" /><testcase classname="tests.test_analytics_timeseries" name="test_track_view_inserts_event" time="0.505" /><testcase classname="tests.test_analytics_insights.TestAuth" name="test_no_token_returns_401_or_403" time="0.047" /><testcase classname="tests.test_analytics_insights.TestAuth" name="test_buyer_account_returns_403" time="0.050" /><testcase classname="tests.test_analytics_insights.TestDaysParam" name="test_default_days_is_30" time="0.319" /><testcase classname="tests.test_analytics_insights.TestDaysParam" name="test_days_clamped_high" time="0.315" /><testcase classname="tests.test_analytics_insights.TestDaysParam" name="test_days_clamped_low" time="0.320" /><testcase classname="tests.test_analytics_insights.TestDaysParam" name="test_days_negative_clamped_to_1" time="0.317" /><testcase classname="tests.test_analytics_insights.TestEmptyState" name="test_empty_seller_has_zero_everything" time="0.317" /><testcase classname="tests.test_analytics_insights.TestReturns" name="test_returns_rate_math" time="0.342" /><testcase classname="tests.test_analytics_insights.TestReturns" name="test_refund_total_only_counts_refunded_and_approved" time="0.341" /><testcase classname="tests.test_analytics_insights.TestReturns" name="test_returns_outside_window_excluded" time="0.332" /><testcase classname="tests.test_analytics_insights.TestReturns" name="test_by_reason_sorted_desc_and_lowercase" time="0.343" /><testcase classname="tests.test_analytics_insights.TestByRegion" name="test_seller_isolation_other_sellers_items_excluded" time="0.326" /><testcase classname="tests.test_analytics_insights.TestByRegion" name="test_country_grouping_uppercase_and_missing_default_to_NZ" time="0.332" /><testcase classname="tests.test_analytics_insights.TestByRegion" name="test_share_pct_math_sums_to_100" time="0.334" /><testcase classname="tests.test_analytics_insights.TestByRegion" name="test_orders_outside_window_excluded" time="0.334" /><testcase classname="tests.test_analytics_insights.TestByRegion" name="test_cancelled_and_refunded_orders_excluded" time="0.333" /><testcase classname="tests.test_analytics_insights.TestCustomers" name="test_aov_math" time="0.328" /><testcase classname="tests.test_analytics_insights.TestCustomers" name="test_repeat_rate" time="0.333" /><testcase classname="tests.test_analytics_insights.TestCustomers" name="test_customers_by_country_breakdown" time="0.333" /><testcase classname="tests.test_analytics_insights.TestResponseShape" name="test_response_keys" time="0.319" /><testcase classname="tests.test_seller_business_types.TestCinRequiredTypes" name="test_valid_cin_succeeds[private_limited]" time="0.316" /><testcase classname="tests.test_seller_business_types.TestCinRequiredTypes" name="test_valid_cin_succeeds[public_limited]" time="0.316" /><testcase classname="tests.test_seller_business_types.TestCinRequiredTypes" name="test_valid_cin_succeeds[opc]" time="0.319" /><testcase classname="tests.test_seller_business_types.TestCinRequiredTypes" name="test_valid_cin_succeeds[section_8]" time="0.319" /><testcase classname="tests.test_seller_business_types.TestCinRequiredTypes" name="test_missing_cin_rejected[private_limited]" time="0.269" /><testcase classname="tests.test_seller_business_types.TestCinRequiredTypes" name="test_missing_cin_rejected[public_limited]" time="0.267" /><testcase classname="tests.test_seller_business_types.TestCinRequiredTypes" name="test_missing_cin_rejected[opc]" time="0.272" /><testcase classname="tests.test_seller_business_types.TestCinRequiredTypes" name="test_missing_cin_rejected[section_8]" time="0.267" /><testcase classname="tests.test_seller_business_types.TestCinRequiredTypes" name="test_cin_with_llpin_rejected_for_pvt" time="0.269" /><testcase classname="tests.test_seller_business_types.TestLlp" name="test_valid_llpin_succeeds[AAB-1234]" time="0.330" /><testcase classname="tests.test_seller_business_types.TestLlp" name="test_valid_llpin_succeeds[AAB1234]" time="0.340" /><testcase classname="tests.test_seller_business_types.TestLlp" name="test_missing_llpin_rejected" time="0.268" /><testcase classname="tests.test_seller_business_types.TestLlp" name="test_cin_set_for_llp_rejected" time="0.268" /><testcase classname="tests.test_seller_business_types.TestNoMcaTypes" name="test_no_ids_succeeds[sole_proprietorship]" time="0.320" /><testcase classname="tests.test_seller_business_types.TestNoMcaTypes" name="test_no_ids_succeeds[partnership_firm]" time="0.327" /><testcase classname="tests.test_seller_business_types.TestNoMcaTypes" name="test_sole_prop_with_cin_rejected" time="0.310" /><testcase classname="tests.test_seller_business_types.TestNoMcaTypes" name="test_partnership_with_llpin_rejected" time="0.267" /><testcase classname="tests.test_seller_business_types.TestInvalidBusinessType" name="test_unknown_type_rejected" time="0.265" /><testcase classname="tests.test_seller_business_types.TestPanGstinForAllTypes" name="test_pan_mismatch_rejected[private_limited-extras0]" time="0.270" /><testcase classname="tests.test_seller_business_types.TestPanGstinForAllTypes" name="test_pan_mismatch_rejected[public_limited-extras1]" time="0.266" /><testcase classname="tests.test_seller_business_types.TestPanGstinForAllTypes" name="test_pan_mismatch_rejected[opc-extras2]" time="0.266" /><testcase classname="tests.test_seller_business_types.TestPanGstinForAllTypes" name="test_pan_mismatch_rejected[section_8-extras3]" time="0.269" /><testcase classname="tests.test_seller_business_types.TestPanGstinForAllTypes" name="test_pan_mismatch_rejected[llp-extras4]" time="0.269" /><testcase classname="tests.test_seller_business_types.TestPanGstinForAllTypes" name="test_pan_mismatch_rejected[sole_proprietorship-extras5]" time="0.267" /><testcase classname="tests.test_seller_business_types.TestPanGstinForAllTypes" name="test_pan_mismatch_rejected[partnership_firm-extras6]" time="0.268" /><testcase classname="tests.test_seller_payouts.TestSellerOrders" name="test_forbidden_for_non_seller" time="0.325" /><testcase classname="tests.test_seller_payouts.TestSellerOrders" name="test_empty_for_new_seller" time="0.327" /><testcase classname="tests.test_seller_payouts.TestSellerOrders" name="test_orders_filtered_per_seller" time="1.603" /><testcase classname="tests.test_seller_payouts.TestSellerPayouts" name="test_forbidden_for_non_seller" time="0.317" /><testcase classname="tests.test_seller_payouts.TestSellerPayouts" name="test_empty_summary_for_new_seller" time="0.320" /><testcase classname="tests.test_seller_payouts.TestPayoutCreation" name="test_payouts_created_per_seller_idempotent" time="1.955" /><testcase classname="tests.test_seller_payouts.TestPayoutCreation" name="test_seeded_items_yield_no_payout" time="0.714" /><testcase classname="tests.test_seller_payouts.TestAdminMarkPaid" name="test_forbidden_without_secret" time="0.090" /><testcase classname="tests.test_seller_payouts.TestAdminMarkPaid" name="test_404_unknown_id" time="0.045" /><testcase classname="tests.test_seller_payouts.TestAdminMarkPaid" name="test_mark_paid_flips_status" time="0.093" /></testsuite></testsuites>