<?xml version="1.0" encoding="utf-8"?><testsuites name="pytest tests"><testsuite name="pytest" errors="0" failures="0" skipped="0" tests="9" time="2.104" timestamp="2026-06-11T23:06:22.499900+00:00" hostname="agent-env-ce6bf082-33a8-45f7-a27d-0f853e2f6b82"><testcase classname="tests.test_bulk_listings" name="test_csv_template_download" time="0.459" /><testcase classname="tests.test_bulk_listings" name="test_xlsx_template_download" time="0.111" /><testcase classname="tests.test_bulk_listings" name="test_columns_endpoint" time="0.122" /><testcase classname="tests.test_bulk_listings" name="test_preview_valid_csv" time="0.099" /><testcase classname="tests.test_bulk_listings" name="test_preview_validation_errors" time="0.107" /><testcase classname="tests.test_bulk_listings" name="test_full_import_creates_listings" time="0.318" /><testcase classname="tests.test_bulk_listings" name="test_round_trip_export_edit_import" time="0.400" /><testcase classname="tests.test_bulk_listings" name="test_import_rejects_other_sellers_product_id" time="0.097" /><testcase classname="tests.test_bulk_listings" name="test_xlsx_upload" time="0.213" /></testsuite></testsuites>