<?xml version="1.0" encoding="utf-8"?><testsuites name="pytest tests"><testsuite name="pytest" errors="0" failures="0" skipped="0" tests="35" time="22.500" timestamp="2026-06-12T22:38:09.994971+00:00" hostname="agent-env-ce6bf082-33a8-45f7-a27d-0f853e2f6b82"><testcase classname="tests.test_coupons.TestSellerCRUD" name="test_unverified_seller_cannot_create" time="0.529" /><testcase classname="tests.test_coupons.TestSellerCRUD" name="test_verified_seller_create_percent" time="0.322" /><testcase classname="tests.test_coupons.TestSellerCRUD" name="test_create_forces_seller_scope_even_when_all_requested" time="0.321" /><testcase classname="tests.test_coupons.TestSellerCRUD" name="test_reject_invalid_type" time="0.325" /><testcase classname="tests.test_coupons.TestSellerCRUD" name="test_reject_percent_outside_1_to_90" time="0.366" /><testcase classname="tests.test_coupons.TestSellerCRUD" name="test_duplicate_code_409" time="0.368" /><testcase classname="tests.test_coupons.TestSellerCRUD" name="test_list_seller_own" time="0.408" /><testcase classname="tests.test_coupons.TestSellerCRUD" name="test_patch_toggle_active" time="0.368" /><testcase classname="tests.test_coupons.TestSellerCRUD" name="test_patch_other_owner_403" time="0.650" /><testcase classname="tests.test_coupons.TestSellerCRUD" name="test_delete_owner" time="0.365" /><testcase classname="tests.test_coupons.TestSellerCRUD" name="test_delete_other_403" time="0.635" /><testcase classname="tests.test_coupons.TestValidate" name="test_empty_cart" time="0.320" /><testcase classname="tests.test_coupons.TestValidate" name="test_invalid_code" time="0.647" /><testcase classname="tests.test_coupons.TestValidate" name="test_percent_discount" time="0.729" /><testcase classname="tests.test_coupons.TestValidate" name="test_percent_with_max_cap" time="0.695" /><testcase classname="tests.test_coupons.TestValidate" name="test_fixed_discount" time="0.729" /><testcase classname="tests.test_coupons.TestValidate" name="test_fixed_capped_at_eligible_subtotal" time="0.723" /><testcase classname="tests.test_coupons.TestValidate" name="test_free_shipping" time="0.728" /><testcase classname="tests.test_coupons.TestValidate" name="test_min_order" time="0.683" /><testcase classname="tests.test_coupons.TestValidate" name="test_scope_seller_other_seller_not_eligible" time="0.957" /><testcase classname="tests.test_coupons.TestValidate" name="test_per_user_limit_after_redemption" time="0.745" /><testcase classname="tests.test_coupons.TestValidate" name="test_expired" time="0.686" /><testcase classname="tests.test_coupons.TestValidate" name="test_inactive" time="0.731" /><testcase classname="tests.test_coupons.TestValidate" name="test_country_lock_excludes_other_region" time="0.695" /><testcase classname="tests.test_coupons.TestCartCoupon" name="test_apply_then_remove" time="0.819" /><testcase classname="tests.test_coupons.TestCartCoupon" name="test_apply_invalid_code_400" time="0.634" /><testcase classname="tests.test_coupons.TestCartCoupon" name="test_apply_empty_cart_400" time="0.314" /><testcase classname="tests.test_coupons.TestCartCoupon" name="test_stale_coupon_silently_dropped_on_get" time="0.778" /><testcase classname="tests.test_coupons.TestActive" name="test_active_list_excludes_inactive" time="0.696" /><testcase classname="tests.test_coupons.TestActive" name="test_active_list_excludes_expired" time="0.646" /><testcase classname="tests.test_coupons.TestActive" name="test_active_list_region_locked" time="0.642" /><testcase classname="tests.test_coupons.TestActive" name="test_active_requires_auth" time="0.043" /><testcase classname="tests.test_coupons.TestCheckoutAndRedemption" name="test_checkout_persists_discount_on_order" time="1.206" /><testcase classname="tests.test_coupons.TestCheckoutAndRedemption" name="test_redemption_idempotent" time="0.596" /><testcase classname="tests.test_coupons.TestCheckoutAndRedemption" name="test_on_payment_succeeded_records_once" time="2.259" /></testsuite></testsuites>