<?xml version="1.0" encoding="utf-8"?><testsuites name="pytest tests"><testsuite name="pytest" errors="0" failures="1" skipped="0" tests="9" time="7.720" timestamp="2026-06-11T23:22:29.484614+00:00" hostname="agent-env-ce6bf082-33a8-45f7-a27d-0f853e2f6b82"><testcase classname="tests.test_bulk_zip_images_edges.TestZipSizeLimits" name="test_oversize_zip_returns_413" time="2.520" /><testcase classname="tests.test_bulk_zip_images_edges.TestZipSizeLimits" name="test_too_many_files_returns_413" time="0.133" /><testcase classname="tests.test_bulk_zip_images_edges.TestZipSizeLimits" name="test_per_image_oversize_is_skipped_not_failed" time="1.966" /><testcase classname="tests.test_bulk_zip_images_edges.TestZipSkippingRules" name="test_unsupported_extensions_go_into_skipped" time="0.640" /><testcase classname="tests.test_bulk_zip_images_edges.TestZipSkippingRules" name="test_dot_prefixed_and_macosx_entries_are_silently_skipped" time="0.711" /><testcase classname="tests.test_bulk_zip_images_edges.TestZipAuth" name="test_missing_token_returns_401" time="0.096" /><testcase classname="tests.test_bulk_zip_images_edges.TestZipAuth" name="test_buyer_returns_403" time="0.478" /><testcase classname="tests.test_bulk_zip_images_edges.TestPreviewPreserveExistingUrls" name="test_existing_url_and_data_uri_tokens_are_not_rewritten" time="1.029"><failure message="AssertionError: {'errors': 1, 'rows': [{'data': {'category': 'Ethnic Fashion', 'colors': [], 'description': 'A product with three image tokens of different types.', 'images': ['https://res.cloudinary.com/dfk7mtpk9/image/upload/v1781220156/allsale/products/user_4eb5fc190cce/0450c5b577bd.png', 'https://cdn.example.com/keep.jpg', 'data:image/png', 'base64', 'iVBORw0KGgo='], ...}, 'errors': [&quot;image_url 'base64…' is not a valid URL&quot;], 'mode': 'create', 'ok': False, ...}], 'total': 1, 'valid': 0, ...}&#10;assert 0 == 1">tests/test_bulk_zip_images_edges.py:289: in test_existing_url_and_data_uri_tokens_are_not_rewritten
    assert body["valid"] == 1, body
E   AssertionError: {'errors': 1, 'rows': [{'data': {'category': 'Ethnic Fashion', 'colors': [], 'description': 'A product with three image tokens of different types.', 'images': ['https://res.cloudinary.com/dfk7mtpk9/image/upload/v1781220156/allsale/products/user_4eb5fc190cce/0450c5b577bd.png', 'https://cdn.example.com/keep.jpg', 'data:image/png', 'base64', 'iVBORw0KGgo='], ...}, 'errors': ["image_url 'base64…' is not a valid URL"], 'mode': 'create', 'ok': False, ...}], 'total': 1, 'valid': 0, ...}
E   assert 0 == 1</failure></testcase><testcase classname="tests.test_bulk_zip_images_edges.TestPreviewPreserveExistingUrls" name="test_unknown_filename_remains_and_fails_validation" time="0.092" /></testsuite></testsuites>