<?xml version="1.0" encoding="utf-8"?><testsuites name="pytest tests"><testsuite name="pytest" errors="0" failures="0" skipped="0" tests="30" time="17.253" timestamp="2026-06-13T00:24:34.811453+00:00" hostname="agent-env-ce6bf082-33a8-45f7-a27d-0f853e2f6b82"><testcase classname="tests.test_flash_sales.TestPublicActive" name="test_no_auth_required" time="0.267" /><testcase classname="tests.test_flash_sales.TestPublicActive" name="test_returns_only_active_within_window" time="0.518" /><testcase classname="tests.test_flash_sales.TestPublicActive" name="test_excludes_sold_out" time="0.377" /><testcase classname="tests.test_flash_sales.TestPublicActive" name="test_featured_first_then_discount" time="0.489" /><testcase classname="tests.test_flash_sales.TestPublicActive" name="test_hydration_product_name_image" time="0.372" /><testcase classname="tests.test_flash_sales.TestSellerCreate" name="test_unverified_buyer_403" time="0.315" /><testcase classname="tests.test_flash_sales.TestSellerCreate" name="test_product_not_owned_404" time="0.714" /><testcase classname="tests.test_flash_sales.TestSellerCreate" name="test_sale_price_above_list_400" time="0.366" /><testcase classname="tests.test_flash_sales.TestSellerCreate" name="test_min_discount_10_pct" time="0.335" /><testcase classname="tests.test_flash_sales.TestSellerCreate" name="test_valid_to_must_be_after_from" time="0.338" /><testcase classname="tests.test_flash_sales.TestSellerCreate" name="test_valid_to_must_be_future" time="0.333" /><testcase classname="tests.test_flash_sales.TestSellerCreate" name="test_max_duration_7_days" time="0.324" /><testcase classname="tests.test_flash_sales.TestSellerCreate" name="test_max_active_per_seller_10" time="0.860" /><testcase classname="tests.test_flash_sales.TestSellerCreate" name="test_create_computes_discount_pct_and_sets_seller" time="0.322" /><testcase classname="tests.test_flash_sales.TestSellerManage" name="test_list_sorted_desc" time="0.519" /><testcase classname="tests.test_flash_sales.TestSellerManage" name="test_patch_recomputes_discount" time="0.377" /><testcase classname="tests.test_flash_sales.TestSellerManage" name="test_patch_rejects_price_above_list" time="0.383" /><testcase classname="tests.test_flash_sales.TestSellerManage" name="test_patch_other_owner_403" time="0.645" /><testcase classname="tests.test_flash_sales.TestSellerManage" name="test_delete_owner" time="0.373" /><testcase classname="tests.test_flash_sales.TestSellerManage" name="test_delete_other_403" time="0.649" /><testcase classname="tests.test_flash_sales.TestCartHydration" name="test_cart_uses_sale_price" time="0.694" /><testcase classname="tests.test_flash_sales.TestCartHydration" name="test_inactive_sale_uses_list_price" time="0.690" /><testcase classname="tests.test_flash_sales.TestCartHydration" name="test_sold_out_uses_list_price" time="0.810" /><testcase classname="tests.test_flash_sales.TestCartHydration" name="test_non_sale_item_has_null_flash_sale_id" time="0.766" /><testcase classname="tests.test_flash_sales.TestBestDiscount" name="test_best_discount_picked" time="0.767" /><testcase classname="tests.test_flash_sales.TestOrderAndUnits" name="test_record_units_sold_idempotent" time="0.011" /><testcase classname="tests.test_flash_sales.TestOrderAndUnits" name="test_checkout_order_persists_flash_sale_fields" time="1.211" /><testcase classname="tests.test_flash_sales.TestOrderAndUnits" name="test_payment_success_increments_units_sold_idempotent" time="2.201" /><testcase classname="tests.test_flash_sales.TestSoldOutAuto" name="test_get_active_for_product_returns_none_when_sold_out" time="0.334" /><testcase classname="tests.test_flash_sales.TestStacks" name="test_flash_plus_coupon_plus_points" time="0.758" /></testsuite></testsuites>