<?xml version="1.0" encoding="utf-8"?><testsuites name="pytest tests"><testsuite name="pytest" errors="0" failures="2" skipped="2" tests="213" time="84.661" timestamp="2026-06-11T23:07:23.482380+00:00" hostname="agent-env-ce6bf082-33a8-45f7-a27d-0f853e2f6b82"><testcase classname="tests.test_analytics_timeseries" name="test_timeseries_default_7_days" time="0.435" /><testcase classname="tests.test_analytics_timeseries" name="test_timeseries_30_days_param" time="0.339" /><testcase classname="tests.test_analytics_timeseries" name="test_timeseries_days_clamped_to_30" time="0.348" /><testcase classname="tests.test_analytics_timeseries" name="test_timeseries_requires_seller_account" time="0.351" /><testcase classname="tests.test_analytics_timeseries" name="test_track_view_inserts_event" time="0.649" /><testcase classname="tests.test_auth" name="test_register_returns_user_and_token" time="0.285" /><testcase classname="tests.test_auth" name="test_register_duplicate_email_400" time="0.055" /><testcase classname="tests.test_auth" name="test_login_success" time="0.273" /><testcase classname="tests.test_auth" name="test_login_invalid_password_401" time="0.269" /><testcase classname="tests.test_auth" name="test_login_unknown_user_401" time="0.050" /><testcase classname="tests.test_auth" name="test_me_with_token" time="0.051" /><testcase classname="tests.test_auth" name="test_me_missing_token_401" time="0.057" /><testcase classname="tests.test_auth" name="test_me_invalid_token_401" time="0.053" /><testcase classname="tests.test_bulk_listings" name="test_csv_template_download" time="0.426" /><testcase classname="tests.test_bulk_listings" name="test_xlsx_template_download" time="0.103" /><testcase classname="tests.test_bulk_listings" name="test_columns_endpoint" time="0.109" /><testcase classname="tests.test_bulk_listings" name="test_preview_valid_csv" time="0.092" /><testcase classname="tests.test_bulk_listings" name="test_preview_validation_errors" time="0.097" /><testcase classname="tests.test_bulk_listings" name="test_full_import_creates_listings" time="0.313" /><testcase classname="tests.test_bulk_listings" name="test_round_trip_export_edit_import" time="0.422" /><testcase classname="tests.test_bulk_listings" name="test_import_rejects_other_sellers_product_id" time="0.102" /><testcase classname="tests.test_bulk_listings" name="test_xlsx_upload" time="0.285" /><testcase classname="tests.test_bulk_listings_edges.TestPreviewSizeLimits" name="test_empty_file_returns_400" time="0.422" /><testcase classname="tests.test_bulk_listings_edges.TestPreviewSizeLimits" name="test_oversize_file_returns_413" time="0.407" /><testcase classname="tests.test_bulk_listings_edges.TestPreviewSizeLimits" name="test_too_many_rows_returns_413" time="0.134" /><testcase classname="tests.test_bulk_listings_edges.TestPreviewSizeLimits" name="test_no_data_rows_returns_400" time="0.096" /><testcase classname="tests.test_bulk_listings_edges.TestAuthGating" name="test_missing_auth_blocked_on_get[/template.csv]" time="0.095" /><testcase classname="tests.test_bulk_listings_edges.TestAuthGating" name="test_missing_auth_blocked_on_get[/template.xlsx]" time="0.110" /><testcase classname="tests.test_bulk_listings_edges.TestAuthGating" name="test_missing_auth_blocked_on_get[/columns]" time="0.111" /><testcase classname="tests.test_bulk_listings_edges.TestAuthGating" name="test_missing_auth_blocked_on_get[/export.csv]" time="0.107" /><testcase classname="tests.test_bulk_listings_edges.TestAuthGating" name="test_missing_auth_blocked_on_get[/export.xlsx]" time="0.095" /><testcase classname="tests.test_bulk_listings_edges.TestAuthGating" name="test_missing_auth_blocked_on_preview" time="0.103" /><testcase classname="tests.test_bulk_listings_edges.TestAuthGating" name="test_missing_auth_blocked_on_import" time="0.099" /><testcase classname="tests.test_bulk_listings_edges.TestAuthGating" name="test_buyer_blocked_with_403_on_get[/template.csv]" time="0.429" /><testcase classname="tests.test_bulk_listings_edges.TestAuthGating" name="test_buyer_blocked_with_403_on_get[/template.xlsx]" time="0.100" /><testcase classname="tests.test_bulk_listings_edges.TestAuthGating" name="test_buyer_blocked_with_403_on_get[/columns]" time="0.106" /><testcase classname="tests.test_bulk_listings_edges.TestAuthGating" name="test_buyer_blocked_with_403_on_get[/export.csv]" time="0.110" /><testcase classname="tests.test_bulk_listings_edges.TestAuthGating" name="test_buyer_blocked_with_403_on_get[/export.xlsx]" time="0.114" /><testcase classname="tests.test_bulk_listings_edges.TestAuthGating" name="test_buyer_blocked_with_403_on_preview" time="0.100" /><testcase classname="tests.test_bulk_listings_edges.TestAuthGating" name="test_buyer_blocked_with_403_on_import" time="0.101" /><testcase classname="tests.test_bulk_listings_edges.TestSellerRegression" name="test_post_seller_products_still_works" time="0.197" /><testcase classname="tests.test_bulk_listings_edges.TestSellerRegression" name="test_get_seller_products_still_works" time="0.104" /><testcase classname="tests.test_bulk_listings_edges.TestAuthHeader" name="test_garbage_bearer_blocked" time="0.115" /><testcase classname="tests.test_bulk_listings_edges.TestAuthHeader" name="test_wrong_scheme_blocked" time="0.095" /><testcase classname="tests.test_bulk_listings_edges.TestAuthHeader" name="test_valid_bearer_works" time="0.113" /><testcase classname="tests.test_cancellation" name="test_cancel_within_window_succeeds" time="1.488" /><testcase classname="tests.test_cancellation" name="test_cancel_outside_window_now_allowed" time="1.133" /><testcase classname="tests.test_cancellation" name="test_cannot_cancel_shipped_order" time="0.907" /><testcase classname="tests.test_cancellation" name="test_cancel_creates_notifications" time="1.209" /><testcase classname="tests.test_cancellation" name="test_notifications_unread_count_and_read" time="1.262" /><testcase classname="tests.test_cancellation" name="test_cancel_unauthenticated_401" time="0.050" /><testcase classname="tests.test_cancellation" name="test_cancel_others_order_404" time="1.058" /><testcase classname="tests.test_cart" name="test_cart_empty_initial" time="0.051" /><testcase classname="tests.test_cart" name="test_cart_add_update_remove_flow" time="0.355" /><testcase classname="tests.test_cart" name="test_cart_free_shipping_over_threshold" time="0.160" /><testcase classname="tests.test_cart" name="test_cart_requires_auth" time="0.053" /><testcase classname="tests.test_cart" name="test_cart_add_unknown_product_404" time="0.055" /><testcase classname="tests.test_checkout_orders" name="test_checkout_empty_cart_400" time="0.107" /><testcase classname="tests.test_checkout_orders" name="test_checkout_creates_session_and_order" time="0.715" /><testcase classname="tests.test_checkout_orders" name="test_orders_isolated_across_users" time="0.427" /><testcase classname="tests.test_checkout_orders" name="test_webhook_invalid_signature_400" time="0.054" /><testcase classname="tests.test_cloudinary_upload" name="test_upload_requires_auth" time="0.048" /><testcase classname="tests.test_cloudinary_upload" name="test_upload_rejects_empty" time="0.320" /><testcase classname="tests.test_cloudinary_upload" name="test_upload_rejects_bad_base64" time="0.329" /><testcase classname="tests.test_cloudinary_upload" name="test_upload_live_cloudinary" time="0.000"><skipped type="pytest.skip" message="Cloudinary credentials not configured">/app/backend/tests/test_cloudinary_upload.py:46: Cloudinary credentials not configured</skipped></testcase><testcase classname="tests.test_cloudinary_upload" name="test_upload_rejects_too_large" time="0.652" /><testcase classname="tests.test_edit_listing" name="test_edit_listing_partial_fields" time="0.436" /><testcase classname="tests.test_edit_listing" name="test_edit_listing_stock_flips_in_stock" time="0.500" /><testcase classname="tests.test_edit_listing" name="test_edit_listing_replace_images" time="0.507" /><testcase classname="tests.test_edit_listing" name="test_edit_listing_requires_at_least_one_image" time="0.436" /><testcase classname="tests.test_edit_listing" name="test_edit_listing_other_seller_404" time="0.792" /><testcase classname="tests.test_edit_listing" name="test_edit_listing_empty_body_is_noop" time="0.427" /><testcase classname="tests.test_edit_listing" name="test_edit_listing_clean_colors_dedupe_cap" time="0.420" /><testcase classname="tests.test_edit_listing" name="test_edit_listing_unauth" time="0.045" /><testcase classname="tests.test_google_auth" name="test_google_session_invalid_session_id_401" time="0.141" /><testcase classname="tests.test_google_auth" name="test_google_session_missing_field_422" time="0.045" /><testcase classname="tests.test_google_auth" name="test_google_session_empty_session_id_401" time="0.097" /><testcase classname="tests.test_google_auth" name="test_register_includes_provider_and_picture" time="0.270" /><testcase classname="tests.test_google_auth" name="test_me_includes_provider_and_picture" time="0.045" /><testcase classname="tests.test_google_auth" name="test_login_returns_provider_email" time="0.269" /><testcase classname="tests.test_health" name="test_root_health" time="0.056" /><testcase classname="tests.test_iter7_nz" name="test_taxonomy_returns_seven_mains_in_order" time="0.050" /><testcase classname="tests.test_iter7_nz" name="test_taxonomy_subcategories[0-expected0]" time="0.046" /><testcase classname="tests.test_iter7_nz" name="test_taxonomy_subcategories[1-expected1]" time="0.048" /><testcase classname="tests.test_iter7_nz" name="test_taxonomy_subcategories[2-expected2]" time="0.050" /><testcase classname="tests.test_iter7_nz" name="test_taxonomy_subcategories[3-expected3]" time="0.047" /><testcase classname="tests.test_iter7_nz" name="test_taxonomy_subcategories[4-expected4]" time="0.049" /><testcase classname="tests.test_iter7_nz" name="test_taxonomy_subcategories[5-expected5]" time="0.054" /><testcase classname="tests.test_iter7_nz" name="test_taxonomy_subcategories[6-expected6]" time="0.052" /><testcase classname="tests.test_iter7_nz" name="test_products_subcategory_filter_sarees" time="0.058" /><testcase classname="tests.test_iter7_nz" name="test_products_category_filter_ethnic_fashion" time="0.054" /><testcase classname="tests.test_iter7_nz" name="test_products_search_q_still_works" time="0.048" /><testcase classname="tests.test_iter7_nz" name="test_platform_seeded_products_count_nine" time="0.070" /><testcase classname="tests.test_iter7_nz" name="test_duty_under_threshold" time="0.050" /><testcase classname="tests.test_iter7_nz" name="test_duty_over_threshold" time="0.056" /><testcase classname="tests.test_iter7_nz" name="test_duty_empty_items" time="0.052" /><testcase classname="tests.test_iter7_nz" name="test_prohibited_banned[homemade laddu-homemade]" time="0.050" /><testcase classname="tests.test_iter7_nz" name="test_prohibited_banned[fresh milk powder-milk powder]" time="0.052" /><testcase classname="tests.test_iter7_nz" name="test_prohibited_banned[beef pickle-beef]" time="0.045" /><testcase classname="tests.test_iter7_nz" name="test_prohibited_banned[seed pack-seed]" time="0.057" /><testcase classname="tests.test_iter7_nz" name="test_prohibited_banned[honey jar-honey]" time="0.045" /><testcase classname="tests.test_iter7_nz" name="test_prohibited_allowed[sealed saree silk]" time="0.048" /><testcase classname="tests.test_iter7_nz" name="test_prohibited_allowed[darjeeling tea]" time="0.048" /><testcase classname="tests.test_iter7_nz" name="test_prohibited_empty_text" time="0.046" /><testcase classname="tests.test_iter8_cancellation_notifications" name="test_cancel_returns_refund_fields_and_reason" time="1.190" /><testcase classname="tests.test_iter8_cancellation_notifications" name="test_cancel_fanout_buyer_seller_admin" time="1.170" /><testcase classname="tests.test_iter8_cancellation_notifications" name="test_admin_notifications_requires_secret" time="0.095" /><testcase classname="tests.test_iter8_cancellation_notifications" name="test_mark_single_notification_read" time="1.243" /><testcase classname="tests.test_iter8_cancellation_notifications" name="test_notifications_newest_first" time="3.233" /><testcase classname="tests.test_iter8_cancellation_notifications" name="test_mock_shiprocket_label_does_not_ship_order" time="0.863" /><testcase classname="tests.test_product_variants" name="test_create_listing_with_colors_sizes_stock" time="0.376" /><testcase classname="tests.test_product_variants" name="test_listing_zero_stock_is_out_of_stock" time="0.318" /><testcase classname="tests.test_product_variants" name="test_add_to_cart_blocked_when_out_of_stock" time="0.649" /><testcase classname="tests.test_product_variants" name="test_add_to_cart_blocked_when_over_stock" time="0.719" /><testcase classname="tests.test_product_variants" name="test_colors_capped_at_10" time="0.333" /><testcase classname="tests.test_product_variants" name="test_default_stock_count_listing" time="0.404" /><testcase classname="tests.test_product_variants_extra" name="test_put_cart_blocked_when_quantity_over_stock" time="0.701" /><testcase classname="tests.test_product_variants_extra" name="test_put_cart_zero_stock_returns_400" time="1.331" /><testcase classname="tests.test_product_variants_extra" name="test_sizes_capped_at_12" time="0.343" /><testcase classname="tests.test_product_variants_extra" name="test_seeded_saree_has_colors_sizes_and_stock" time="0.081" /><testcase classname="tests.test_product_variants_extra" name="test_decrement_and_restock_helpers_idempotent" time="0.373" /><testcase classname="tests.test_product_variants_extra" name="test_cancel_endpoint_restocks_product" time="0.700" /><testcase classname="tests.test_products" name="test_list_products_returns_seeded" time="0.070" /><testcase classname="tests.test_products" name="test_list_categories" time="0.050" /><testcase classname="tests.test_products" name="test_products_category_filter" time="0.049" /><testcase classname="tests.test_products" name="test_products_search_q" time="0.053" /><testcase classname="tests.test_products" name="test_get_product_by_id" time="0.144" /><testcase classname="tests.test_products" name="test_get_product_404" time="0.053" /><testcase classname="tests.test_returns" name="test_create_return_request_defective" time="0.839" /><testcase classname="tests.test_returns" name="test_change_of_mind_has_restocking_fee" time="0.847" /><testcase classname="tests.test_returns" name="test_invalid_reason_400" time="0.870" /><testcase classname="tests.test_returns" name="test_return_outside_window_400" time="0.877" /><testcase classname="tests.test_returns" name="test_return_unauth" time="0.055" /><testcase classname="tests.test_returns" name="test_return_other_users_order" time="0.876" /><testcase classname="tests.test_returns" name="test_my_returns_lists" time="0.918" /><testcase classname="tests.test_returns" name="test_seller_returns_visibility" time="1.235" /><testcase classname="tests.test_returns" name="test_seller_approve_creates_buyer_notification" time="1.434" /><testcase classname="tests.test_returns" name="test_seller_reject_creates_buyer_notification" time="1.243" /><testcase classname="tests.test_returns" name="test_cannot_double_decide" time="1.466" /><testcase classname="tests.test_returns" name="test_seller_cannot_decide_others_return" time="1.570" /><testcase classname="tests.test_returns" name="test_returns_for_order_visibility" time="1.146" /><testcase classname="tests.test_returns" name="test_seller_paid_reason_without_photos_400" time="0.871" /><testcase classname="tests.test_returns" name="test_change_of_mind_without_photos_ok" time="0.845" /><testcase classname="tests.test_returns" name="test_max_photos_enforced" time="0.877" /><testcase classname="tests.test_returns" name="test_seller_sees_proof_photos" time="1.167" /><testcase classname="tests.test_returns" name="test_max_one_video_enforced" time="0.861" /><testcase classname="tests.test_returns" name="test_video_optional_and_visible_to_seller" time="1.170" /><testcase classname="tests.test_seed_counters" name="test_reseed_carries_over_view_counters" time="0.001"><failure message="RuntimeError: Event loop is closed">E   RuntimeError: Event loop is closed

During handling of the above exception, another exception occurred:
E   RuntimeError: Event loop is closed</failure></testcase><testcase classname="tests.test_seller.TestSellerRegister" name="test_register_auto_verifies" time="0.327" /><testcase classname="tests.test_seller.TestSellerRegister" name="test_invalid_gstin_400" time="0.271" /><testcase classname="tests.test_seller.TestSellerRegister" name="test_invalid_pan_400" time="0.278" /><testcase classname="tests.test_seller.TestSellerRegister" name="test_pan_must_match_gstin" time="0.271" /><testcase classname="tests.test_seller.TestSellerRegister" name="test_duplicate_gstin_returns_409" time="0.551" /><testcase classname="tests.test_seller.TestSellerRegister" name="test_missing_required_fields_422" time="0.053" /><testcase classname="tests.test_seller.TestSellerUpgrade" name="test_upgrade_buyer_to_seller" time="0.436" /><testcase classname="tests.test_seller.TestSellerUpgrade" name="test_upgrade_requires_token" time="0.049" /><testcase classname="tests.test_seller.TestSellerMe" name="test_non_seller_returns_404" time="0.050" /><testcase classname="tests.test_seller.TestListings" name="test_create_listing_appears_in_catalog" time="0.542" /><testcase classname="tests.test_seller.TestListings" name="test_create_listing_forbidden_for_non_seller" time="0.052" /><testcase classname="tests.test_seller.TestListings" name="test_list_my_listings_isolated" time="0.470" /><testcase classname="tests.test_seller.TestAdminApprove" name="test_admin_forbidden_without_header" time="0.422" /><testcase classname="tests.test_seller.TestAdminApprove" name="test_admin_approve_unknown_user" time="0.048" /><testcase classname="tests.test_seller_business_types.TestCinRequiredTypes" name="test_valid_cin_succeeds[private_limited]" time="0.325" /><testcase classname="tests.test_seller_business_types.TestCinRequiredTypes" name="test_valid_cin_succeeds[public_limited]" time="0.330" /><testcase classname="tests.test_seller_business_types.TestCinRequiredTypes" name="test_valid_cin_succeeds[opc]" time="0.325" /><testcase classname="tests.test_seller_business_types.TestCinRequiredTypes" name="test_valid_cin_succeeds[section_8]" time="0.321" /><testcase classname="tests.test_seller_business_types.TestCinRequiredTypes" name="test_missing_cin_rejected[private_limited]" time="0.268" /><testcase classname="tests.test_seller_business_types.TestCinRequiredTypes" name="test_missing_cin_rejected[public_limited]" time="0.268" /><testcase classname="tests.test_seller_business_types.TestCinRequiredTypes" name="test_missing_cin_rejected[opc]" time="0.269" /><testcase classname="tests.test_seller_business_types.TestCinRequiredTypes" name="test_missing_cin_rejected[section_8]" time="0.296" /><testcase classname="tests.test_seller_business_types.TestCinRequiredTypes" name="test_cin_with_llpin_rejected_for_pvt" time="0.307" /><testcase classname="tests.test_seller_business_types.TestLlp" name="test_valid_llpin_succeeds[AAB-1234]" time="0.324" /><testcase classname="tests.test_seller_business_types.TestLlp" name="test_valid_llpin_succeeds[AAB1234]" time="0.321" /><testcase classname="tests.test_seller_business_types.TestLlp" name="test_missing_llpin_rejected" time="0.269" /><testcase classname="tests.test_seller_business_types.TestLlp" name="test_cin_set_for_llp_rejected" time="0.270" /><testcase classname="tests.test_seller_business_types.TestNoMcaTypes" name="test_no_ids_succeeds[sole_proprietorship]" time="0.321" /><testcase classname="tests.test_seller_business_types.TestNoMcaTypes" name="test_no_ids_succeeds[partnership_firm]" time="0.320" /><testcase classname="tests.test_seller_business_types.TestNoMcaTypes" name="test_sole_prop_with_cin_rejected" time="0.275" /><testcase classname="tests.test_seller_business_types.TestNoMcaTypes" name="test_partnership_with_llpin_rejected" time="0.270" /><testcase classname="tests.test_seller_business_types.TestInvalidBusinessType" name="test_unknown_type_rejected" time="0.269" /><testcase classname="tests.test_seller_business_types.TestPanGstinForAllTypes" name="test_pan_mismatch_rejected[private_limited-extras0]" time="0.270" /><testcase classname="tests.test_seller_business_types.TestPanGstinForAllTypes" name="test_pan_mismatch_rejected[public_limited-extras1]" time="0.275" /><testcase classname="tests.test_seller_business_types.TestPanGstinForAllTypes" name="test_pan_mismatch_rejected[opc-extras2]" time="0.278" /><testcase classname="tests.test_seller_business_types.TestPanGstinForAllTypes" name="test_pan_mismatch_rejected[section_8-extras3]" time="0.285" /><testcase classname="tests.test_seller_business_types.TestPanGstinForAllTypes" name="test_pan_mismatch_rejected[llp-extras4]" time="0.272" /><testcase classname="tests.test_seller_business_types.TestPanGstinForAllTypes" name="test_pan_mismatch_rejected[sole_proprietorship-extras5]" time="0.273" /><testcase classname="tests.test_seller_business_types.TestPanGstinForAllTypes" name="test_pan_mismatch_rejected[partnership_firm-extras6]" time="0.276" /><testcase classname="tests.test_seller_payouts.TestSellerOrders" name="test_forbidden_for_non_seller" time="0.318" /><testcase classname="tests.test_seller_payouts.TestSellerOrders" name="test_empty_for_new_seller" time="0.322" /><testcase classname="tests.test_seller_payouts.TestSellerOrders" name="test_orders_filtered_per_seller" time="1.467" /><testcase classname="tests.test_seller_payouts.TestSellerPayouts" name="test_forbidden_for_non_seller" time="0.315" /><testcase classname="tests.test_seller_payouts.TestSellerPayouts" name="test_empty_summary_for_new_seller" time="0.323" /><testcase classname="tests.test_seller_payouts.TestPayoutCreation" name="test_payouts_created_per_seller_idempotent" time="1.398"><failure message="RuntimeError: Event loop is closed">E   RuntimeError: Event loop is closed</failure></testcase><testcase classname="tests.test_seller_payouts.TestPayoutCreation" name="test_seeded_items_yield_no_payout" time="0.753" /><testcase classname="tests.test_seller_payouts.TestAdminMarkPaid" name="test_forbidden_without_secret" time="0.094" /><testcase classname="tests.test_seller_payouts.TestAdminMarkPaid" name="test_404_unknown_id" time="0.051" /><testcase classname="tests.test_seller_payouts.TestAdminMarkPaid" name="test_mark_paid_flips_status" time="0.000"><skipped type="pytest.skip" message="Dependent on TestPayoutCreation having run first">/app/backend/tests/test_seller_payouts.py:358: Dependent on TestPayoutCreation having run first</skipped></testcase><testcase classname="tests.test_shiprocket_webhook" name="test_webhook_requires_awb" time="0.047" /><testcase classname="tests.test_shiprocket_webhook" name="test_webhook_invalid_json" time="0.047" /><testcase classname="tests.test_shiprocket_webhook" name="test_webhook_unknown_awb_404" time="0.048" /><testcase classname="tests.test_shiprocket_webhook" name="test_webhook_shipped_transitions_order" time="0.975" /><testcase classname="tests.test_shiprocket_webhook" name="test_webhook_status_id_mapping" time="0.935" /><testcase classname="tests.test_shiprocket_webhook" name="test_webhook_full_lifecycle" time="1.114" /><testcase classname="tests.test_shiprocket_webhook" name="test_webhook_idempotent_same_status" time="0.992" /><testcase classname="tests.test_shiprocket_webhook" name="test_webhook_unknown_status_returns_200_no_change" time="0.917" /><testcase classname="tests.test_shiprocket_webhook" name="test_order_shipment_endpoint" time="0.879" /><testcase classname="tests.test_shiprocket_webhook" name="test_order_shipment_endpoint_404_other_user" time="0.914" /><testcase classname="tests.test_shiprocket_webhook" name="test_webhook_does_not_regress_delivered_order" time="0.890" /><testcase classname="tests.test_solo_seller_photos" name="test_sole_prop_register_without_gstin" time="0.375" /><testcase classname="tests.test_solo_seller_photos" name="test_private_limited_still_requires_gstin" time="0.317" /><testcase classname="tests.test_solo_seller_photos" name="test_multi_photo_listing_via_images_field" time="0.370" /><testcase classname="tests.test_solo_seller_photos" name="test_listing_must_have_at_least_one_photo" time="0.371" /><testcase classname="tests.test_solo_seller_photos" name="test_listing_capped_at_10_photos" time="0.500" /></testsuite></testsuites>