<?xml version="1.0" encoding="utf-8"?><testsuites name="pytest tests"><testsuite name="pytest" errors="0" failures="0" skipped="0" tests="16" time="5.854" timestamp="2026-06-12T23:29:53.849556+00:00" hostname="agent-env-ce6bf082-33a8-45f7-a27d-0f853e2f6b82"><testcase classname="backend.tests.test_wishlist.TestWishlistAuth" name="test_get_list_requires_auth" time="1.043" /><testcase classname="backend.tests.test_wishlist.TestWishlistAuth" name="test_get_ids_requires_auth" time="0.132" /><testcase classname="backend.tests.test_wishlist.TestWishlistAuth" name="test_post_requires_auth" time="0.100" /><testcase classname="backend.tests.test_wishlist.TestWishlistAuth" name="test_delete_requires_auth" time="0.094" /><testcase classname="backend.tests.test_wishlist.TestWishlistAuth" name="test_bad_bearer_token_rejected" time="0.156" /><testcase classname="backend.tests.test_wishlist.TestWishlistCRUD" name="test_initial_empty" time="0.092" /><testcase classname="backend.tests.test_wishlist.TestWishlistCRUD" name="test_initial_ids_empty" time="0.140" /><testcase classname="backend.tests.test_wishlist.TestWishlistCRUD" name="test_add_unknown_product_404" time="0.128" /><testcase classname="backend.tests.test_wishlist.TestWishlistCRUD" name="test_add_then_list" time="0.313" /><testcase classname="backend.tests.test_wishlist.TestWishlistCRUD" name="test_add_is_idempotent" time="0.313" /><testcase classname="backend.tests.test_wishlist.TestWishlistCRUD" name="test_sorted_by_added_at_desc" time="1.406" /><testcase classname="backend.tests.test_wishlist.TestWishlistCRUD" name="test_delete_removes_and_returns_count" time="0.290" /><testcase classname="backend.tests.test_wishlist.TestWishlistCRUD" name="test_delete_idempotent_on_missing" time="0.194" /><testcase classname="backend.tests.test_wishlist.TestWishlistCRUD" name="test_delete_unknown_product_still_200" time="0.106" /><testcase classname="backend.tests.test_wishlist.TestWishlistIsolation" name="test_b_starts_empty" time="0.205" /><testcase classname="backend.tests.test_wishlist.TestWishlistIsolation" name="test_b_isolated_from_a" time="1.091" /></testsuite></testsuites>