<?xml version="1.0" encoding="utf-8"?><testsuites name="pytest tests"><testsuite name="pytest" errors="0" failures="0" skipped="0" tests="23" time="3.789" timestamp="2026-06-11T23:07:13.549650+00:00" hostname="agent-env-ce6bf082-33a8-45f7-a27d-0f853e2f6b82"><testcase classname="tests.test_bulk_listings_edges.TestPreviewSizeLimits" name="test_empty_file_returns_400" time="0.493" /><testcase classname="tests.test_bulk_listings_edges.TestPreviewSizeLimits" name="test_oversize_file_returns_413" time="0.634" /><testcase classname="tests.test_bulk_listings_edges.TestPreviewSizeLimits" name="test_too_many_rows_returns_413" time="0.129" /><testcase classname="tests.test_bulk_listings_edges.TestPreviewSizeLimits" name="test_no_data_rows_returns_400" time="0.099" /><testcase classname="tests.test_bulk_listings_edges.TestAuthGating" name="test_missing_auth_blocked_on_get[/template.csv]" time="0.099" /><testcase classname="tests.test_bulk_listings_edges.TestAuthGating" name="test_missing_auth_blocked_on_get[/template.xlsx]" time="0.133" /><testcase classname="tests.test_bulk_listings_edges.TestAuthGating" name="test_missing_auth_blocked_on_get[/columns]" time="0.100" /><testcase classname="tests.test_bulk_listings_edges.TestAuthGating" name="test_missing_auth_blocked_on_get[/export.csv]" time="0.101" /><testcase classname="tests.test_bulk_listings_edges.TestAuthGating" name="test_missing_auth_blocked_on_get[/export.xlsx]" time="0.130" /><testcase classname="tests.test_bulk_listings_edges.TestAuthGating" name="test_missing_auth_blocked_on_preview" time="0.098" /><testcase classname="tests.test_bulk_listings_edges.TestAuthGating" name="test_missing_auth_blocked_on_import" time="0.092" /><testcase classname="tests.test_bulk_listings_edges.TestAuthGating" name="test_buyer_blocked_with_403_on_get[/template.csv]" time="0.433" /><testcase classname="tests.test_bulk_listings_edges.TestAuthGating" name="test_buyer_blocked_with_403_on_get[/template.xlsx]" time="0.111" /><testcase classname="tests.test_bulk_listings_edges.TestAuthGating" name="test_buyer_blocked_with_403_on_get[/columns]" time="0.099" /><testcase classname="tests.test_bulk_listings_edges.TestAuthGating" name="test_buyer_blocked_with_403_on_get[/export.csv]" time="0.098" /><testcase classname="tests.test_bulk_listings_edges.TestAuthGating" name="test_buyer_blocked_with_403_on_get[/export.xlsx]" time="0.105" /><testcase classname="tests.test_bulk_listings_edges.TestAuthGating" name="test_buyer_blocked_with_403_on_preview" time="0.100" /><testcase classname="tests.test_bulk_listings_edges.TestAuthGating" name="test_buyer_blocked_with_403_on_import" time="0.098" /><testcase classname="tests.test_bulk_listings_edges.TestSellerRegression" name="test_post_seller_products_still_works" time="0.205" /><testcase classname="tests.test_bulk_listings_edges.TestSellerRegression" name="test_get_seller_products_still_works" time="0.099" /><testcase classname="tests.test_bulk_listings_edges.TestAuthHeader" name="test_garbage_bearer_blocked" time="0.095" /><testcase classname="tests.test_bulk_listings_edges.TestAuthHeader" name="test_wrong_scheme_blocked" time="0.096" /><testcase classname="tests.test_bulk_listings_edges.TestAuthHeader" name="test_valid_bearer_works" time="0.096" /></testsuite></testsuites>