<?xml version="1.0" encoding="utf-8"?><testsuites name="pytest tests"><testsuite name="pytest" errors="0" failures="0" skipped="0" tests="15" time="5.954" timestamp="2026-06-19T20:44:28.716857+00:00" hostname="agent-env-ce6bf082-33a8-45f7-a27d-0f853e2f6b82"><testcase classname="tests.test_analytics_low_stock.TestAuth" name="test_no_token" time="0.272" /><testcase classname="tests.test_analytics_low_stock.TestAuth" name="test_buyer_account" time="0.578" /><testcase classname="tests.test_analytics_low_stock.TestEmpty" name="test_no_listings_returns_empty" time="0.317" /><testcase classname="tests.test_analytics_low_stock.TestParamClamping" name="test_threshold_clamped_to_1_and_100" time="0.386" /><testcase classname="tests.test_analytics_low_stock.TestParamClamping" name="test_window_clamped_to_7_and_90" time="0.372" /><testcase classname="tests.test_analytics_low_stock.TestClassification" name="test_out_of_stock_by_zero_count" time="0.334" /><testcase classname="tests.test_analytics_low_stock.TestClassification" name="test_out_of_stock_by_in_stock_flag" time="0.352" /><testcase classname="tests.test_analytics_low_stock.TestClassification" name="test_critical_when_low_days_of_cover" time="0.403" /><testcase classname="tests.test_analytics_low_stock.TestClassification" name="test_low_when_stock_under_threshold_no_sales" time="0.328" /><testcase classname="tests.test_analytics_low_stock.TestClassification" name="test_healthy_listing_excluded" time="0.339" /><testcase classname="tests.test_analytics_low_stock.TestSort" name="test_out_before_critical_before_low" time="0.369" /><testcase classname="tests.test_analytics_low_stock.TestIsolation" name="test_other_sellers_products_excluded" time="0.609" /><testcase classname="tests.test_analytics_low_stock.TestVelocity" name="test_cancelled_orders_excluded" time="0.376" /><testcase classname="tests.test_analytics_low_stock.TestVelocity" name="test_old_orders_outside_window_excluded" time="0.464" /><testcase classname="tests.test_analytics_low_stock.TestRecommended" name="test_recommended_restock_rounded_to_5" time="0.358" /></testsuite></testsuites>