<?xml version="1.0" encoding="utf-8"?><testsuites name="pytest tests"><testsuite name="pytest" errors="0" failures="0" skipped="0" tests="16" time="3.319" timestamp="2026-06-19T08:40:58.126212+00:00" hostname="agent-env-ce6bf082-33a8-45f7-a27d-0f853e2f6b82"><testcase classname="backend.tests.test_admin_users_pagination_and_funnel.TestAdminUsersPagination" name="test_default_response_shape" time="0.549" /><testcase classname="backend.tests.test_admin_users_pagination_and_funnel.TestAdminUsersPagination" name="test_limit_clamping_and_pagination" time="0.159" /><testcase classname="backend.tests.test_admin_users_pagination_and_funnel.TestAdminUsersPagination" name="test_password_hash_never_returned" time="0.052" /><testcase classname="backend.tests.test_admin_users_pagination_and_funnel.TestAdminUsersPagination" name="test_search_case_insensitive" time="0.118" /><testcase classname="backend.tests.test_admin_users_pagination_and_funnel.TestAdminUsersPagination" name="test_search_partial_match" time="0.058" /><testcase classname="backend.tests.test_admin_users_pagination_and_funnel.TestAdminUsersPagination" name="test_role_filter_seller" time="0.054" /><testcase classname="backend.tests.test_admin_users_pagination_and_funnel.TestAdminUsersPagination" name="test_role_filter_buyer" time="0.055" /><testcase classname="backend.tests.test_admin_users_pagination_and_funnel.TestAdminUsersPagination" name="test_role_plus_search_combo" time="0.054" /><testcase classname="backend.tests.test_admin_users_pagination_and_funnel.TestRBAC" name="test_support_can_access_admin_users" time="0.669" /><testcase classname="backend.tests.test_admin_users_pagination_and_funnel.TestRBAC" name="test_support_blocked_from_funnel" time="0.083" /><testcase classname="backend.tests.test_admin_users_pagination_and_funnel.TestRBAC" name="test_support_blocked_from_recent" time="0.045" /><testcase classname="backend.tests.test_admin_users_pagination_and_funnel.TestRBAC" name="test_unauthorized_request" time="0.085" /><testcase classname="backend.tests.test_admin_users_iter36_regression" name="test_q_alias_matches_search" time="0.596" /><testcase classname="backend.tests.test_admin_users_iter36_regression" name="test_role_plus_q_combined_not_ord_away" time="0.120" /><testcase classname="backend.tests.test_admin_users_iter36_regression" name="test_has_more_flips_false_on_last_page" time="0.371" /><testcase classname="backend.tests.test_admin_users_iter36_regression" name="test_default_limit_50_and_cap_200" time="0.210" /></testsuite></testsuites>