<?xml version="1.0" encoding="utf-8"?><testsuites name="pytest tests"><testsuite name="pytest" errors="0" failures="1" skipped="0" tests="13" time="3.158" timestamp="2026-06-20T02:45:16.468860+00:00" hostname="agent-env-ce6bf082-33a8-45f7-a27d-0f853e2f6b82"><testcase classname="backend.tests.test_wishlist_collections_move.TestCollectionsCRUD" name="test_create_collection_returns_id" time="0.572" /><testcase classname="backend.tests.test_wishlist_collections_move.TestCollectionsCRUD" name="test_list_collections_includes_new" time="0.138" /><testcase classname="backend.tests.test_wishlist_collections_move.TestMoveFlow" name="test_seed_wishlist_items" time="0.861" /><testcase classname="backend.tests.test_wishlist_collections_move.TestMoveFlow" name="test_patch_move_item_to_collection" time="0.128" /><testcase classname="backend.tests.test_wishlist_collections_move.TestMoveFlow" name="test_move_second_item_to_collection" time="0.109" /><testcase classname="backend.tests.test_wishlist_collections_move.TestMoveFlow" name="test_filter_by_collection_id_returns_only_those" time="0.100" /><testcase classname="backend.tests.test_wishlist_collections_move.TestMoveFlow" name="test_collection_count_updated_on_collections_list" time="0.129" /><testcase classname="backend.tests.test_wishlist_collections_move.TestMoveFlow" name="test_empty_collection_id_returns_all" time="0.100"><failure message="AssertionError: GET /api/wishlist?collection_id= should return all items (treat empty as None) but 55f0a169-c66c-4f3b-8ead-91dc18491778 missing&#10;assert '55f0a169-c66c-4f3b-8ead-91dc18491778' in set()">backend/tests/test_wishlist_collections_move.py:202: in test_empty_collection_id_returns_all
    assert pid in ids, (
E   AssertionError: GET /api/wishlist?collection_id= should return all items (treat empty as None) but 55f0a169-c66c-4f3b-8ead-91dc18491778 missing
E   assert '55f0a169-c66c-4f3b-8ead-91dc18491778' in set()</failure></testcase><testcase classname="backend.tests.test_wishlist_collections_move.TestMoveFlow" name="test_get_wishlist_no_filter_returns_all" time="0.100" /><testcase classname="backend.tests.test_wishlist_collections_move.TestMoveFlow" name="test_patch_move_item_back_to_all_saved" time="0.207" /><testcase classname="backend.tests.test_wishlist_collections_move.TestEdgeCases" name="test_patch_nonexistent_collection_returns_404" time="0.094" /><testcase classname="backend.tests.test_wishlist_collections_move.TestEdgeCases" name="test_patch_product_not_in_wishlist_returns_404" time="0.134" /><testcase classname="backend.tests.test_wishlist_collections_move.TestCleanup" name="test_cleanup_wishlist" time="0.425" /></testsuite></testsuites>