<?xml version="1.0" encoding="utf-8"?><testsuites name="pytest tests"><testsuite name="pytest" errors="0" failures="0" skipped="0" tests="20" time="6.573" timestamp="2026-06-12T22:53:51.709835+00:00" hostname="agent-env-ce6bf082-33a8-45f7-a27d-0f853e2f6b82"><testcase classname="tests.test_analytics_insights.TestAuth" name="test_no_token_returns_401_or_403" time="0.263" /><testcase classname="tests.test_analytics_insights.TestAuth" name="test_buyer_account_returns_403" time="0.338" /><testcase classname="tests.test_analytics_insights.TestDaysParam" name="test_default_days_is_30" time="0.324" /><testcase classname="tests.test_analytics_insights.TestDaysParam" name="test_days_clamped_high" time="0.314" /><testcase classname="tests.test_analytics_insights.TestDaysParam" name="test_days_clamped_low" time="0.317" /><testcase classname="tests.test_analytics_insights.TestDaysParam" name="test_days_negative_clamped_to_1" time="0.320" /><testcase classname="tests.test_analytics_insights.TestEmptyState" name="test_empty_seller_has_zero_everything" time="0.314" /><testcase classname="tests.test_analytics_insights.TestReturns" name="test_returns_rate_math" time="0.359" /><testcase classname="tests.test_analytics_insights.TestReturns" name="test_refund_total_only_counts_refunded_and_approved" time="0.332" /><testcase classname="tests.test_analytics_insights.TestReturns" name="test_returns_outside_window_excluded" time="0.327" /><testcase classname="tests.test_analytics_insights.TestReturns" name="test_by_reason_sorted_desc_and_lowercase" time="0.338" /><testcase classname="tests.test_analytics_insights.TestByRegion" name="test_seller_isolation_other_sellers_items_excluded" time="0.323" /><testcase classname="tests.test_analytics_insights.TestByRegion" name="test_country_grouping_uppercase_and_missing_default_to_NZ" time="0.328" /><testcase classname="tests.test_analytics_insights.TestByRegion" name="test_share_pct_math_sums_to_100" time="0.330" /><testcase classname="tests.test_analytics_insights.TestByRegion" name="test_orders_outside_window_excluded" time="0.330" /><testcase classname="tests.test_analytics_insights.TestByRegion" name="test_cancelled_and_refunded_orders_excluded" time="0.324" /><testcase classname="tests.test_analytics_insights.TestCustomers" name="test_aov_math" time="0.323" /><testcase classname="tests.test_analytics_insights.TestCustomers" name="test_repeat_rate" time="0.331" /><testcase classname="tests.test_analytics_insights.TestCustomers" name="test_customers_by_country_breakdown" time="0.326" /><testcase classname="tests.test_analytics_insights.TestResponseShape" name="test_response_keys" time="0.314" /></testsuite></testsuites>