<?xml version="1.0" encoding="utf-8"?><testsuites name="pytest tests"><testsuite name="pytest" errors="0" failures="4" skipped="1" tests="78" time="64.864" timestamp="2026-06-17T21:00:29.381556+00:00" hostname="agent-env-ce6bf082-33a8-45f7-a27d-0f853e2f6b82"><testcase classname="tests.test_stripe_connect_commission" name="test_calculate_application_fee_tiers" time="0.008" /><testcase classname="tests.test_stripe_connect_commission" name="test_calculate_application_fee_rounding_floor" time="0.000" /><testcase classname="tests.test_stripe_connect_commission" name="test_to_minor_units_currency_aware" time="0.002" /><testcase classname="tests.test_stripe_connect_commission" name="test_checkout_persists_commission_breakdown_on_order" time="1.135" /><testcase classname="tests.test_stripe_connect_commission" name="test_webhook_dev_mode_accepts_unsigned" time="0.052" /><testcase classname="tests.test_stripe_connect_payouts_e2e" name="test_create_payouts_tiered_commission_via_webhook" time="1.200" /><testcase classname="tests.test_stripe_connect_payouts_e2e" name="test_checkout_populates_commission_ledger_keys" time="0.525" /><testcase classname="tests.test_stripe_connect_payouts_e2e" name="test_webhook_idempotent_replay" time="0.094" /><testcase classname="tests.test_checkout_orders" name="test_checkout_empty_cart_400" time="0.149" /><testcase classname="tests.test_checkout_orders" name="test_checkout_creates_session_and_order" time="0.645" /><testcase classname="tests.test_checkout_orders" name="test_orders_isolated_across_users" time="0.620" /><testcase classname="tests.test_checkout_orders" name="test_webhook_invalid_signature_400" time="0.044" /><testcase classname="tests.test_cancellation" name="test_cancel_within_window_succeeds" time="1.276" /><testcase classname="tests.test_cancellation" name="test_cancel_outside_window_now_allowed" time="1.265" /><testcase classname="tests.test_cancellation" name="test_cannot_cancel_shipped_order" time="1.015" /><testcase classname="tests.test_cancellation" name="test_cancel_creates_notifications" time="1.262" /><testcase classname="tests.test_cancellation" name="test_notifications_unread_count_and_read" time="1.249" /><testcase classname="tests.test_cancellation" name="test_cancel_unauthenticated_401" time="0.109" /><testcase classname="tests.test_cancellation" name="test_cancel_others_order_404" time="1.072" /><testcase classname="tests.test_flash_sales.TestPublicActive" name="test_no_auth_required" time="0.053" /><testcase classname="tests.test_flash_sales.TestPublicActive" name="test_returns_only_active_within_window" time="0.707" /><testcase classname="tests.test_flash_sales.TestPublicActive" name="test_excludes_sold_out" time="0.566" /><testcase classname="tests.test_flash_sales.TestPublicActive" name="test_featured_first_then_discount" time="0.687" /><testcase classname="tests.test_flash_sales.TestPublicActive" name="test_hydration_product_name_image" time="0.563" /><testcase classname="tests.test_flash_sales.TestSellerCreate" name="test_unverified_buyer_403" time="0.505" /><testcase classname="tests.test_flash_sales.TestSellerCreate" name="test_product_not_owned_404" time="1.025" /><testcase classname="tests.test_flash_sales.TestSellerCreate" name="test_sale_price_above_list_400" time="0.553" /><testcase classname="tests.test_flash_sales.TestSellerCreate" name="test_min_discount_10_pct" time="0.507" /><testcase classname="tests.test_flash_sales.TestSellerCreate" name="test_valid_to_must_be_after_from" time="0.520" /><testcase classname="tests.test_flash_sales.TestSellerCreate" name="test_valid_to_must_be_future" time="0.610" /><testcase classname="tests.test_flash_sales.TestSellerCreate" name="test_max_duration_7_days" time="0.508" /><testcase classname="tests.test_flash_sales.TestSellerCreate" name="test_max_active_per_seller_10" time="1.097" /><testcase classname="tests.test_flash_sales.TestSellerCreate" name="test_create_computes_discount_pct_and_sets_seller" time="0.489" /><testcase classname="tests.test_flash_sales.TestSellerManage" name="test_list_sorted_desc" time="0.701" /><testcase classname="tests.test_flash_sales.TestSellerManage" name="test_patch_recomputes_discount" time="0.536" /><testcase classname="tests.test_flash_sales.TestSellerManage" name="test_patch_rejects_price_above_list" time="0.596" /><testcase classname="tests.test_flash_sales.TestSellerManage" name="test_patch_other_owner_403" time="1.014" /><testcase classname="tests.test_flash_sales.TestSellerManage" name="test_delete_owner" time="0.560" /><testcase classname="tests.test_flash_sales.TestSellerManage" name="test_delete_other_403" time="0.989" /><testcase classname="tests.test_flash_sales.TestCartHydration" name="test_cart_uses_sale_price" time="1.103" /><testcase classname="tests.test_flash_sales.TestCartHydration" name="test_inactive_sale_uses_list_price" time="1.932" /><testcase classname="tests.test_flash_sales.TestCartHydration" name="test_sold_out_uses_list_price" time="1.148" /><testcase classname="tests.test_flash_sales.TestCartHydration" name="test_non_sale_item_has_null_flash_sale_id" time="1.051" /><testcase classname="tests.test_flash_sales.TestBestDiscount" name="test_best_discount_picked" time="1.340" /><testcase classname="tests.test_flash_sales.TestOrderAndUnits" name="test_record_units_sold_idempotent" time="0.009" /><testcase classname="tests.test_flash_sales.TestOrderAndUnits" name="test_checkout_order_persists_flash_sale_fields" time="1.430" /><testcase classname="tests.test_flash_sales.TestOrderAndUnits" name="test_payment_success_increments_units_sold_idempotent" time="3.051" /><testcase classname="tests.test_flash_sales.TestSoldOutAuto" name="test_get_active_for_product_returns_none_when_sold_out" time="0.524" /><testcase classname="tests.test_flash_sales.TestStacks" name="test_flash_plus_coupon_plus_points" time="1.121" /><testcase classname="tests.test_returns" name="test_create_return_request_defective" time="0.996" /><testcase classname="tests.test_returns" name="test_change_of_mind_has_restocking_fee" time="0.974" /><testcase classname="tests.test_returns" name="test_invalid_reason_400" time="1.158" /><testcase classname="tests.test_returns" name="test_return_outside_window_400" time="0.957" /><testcase classname="tests.test_returns" name="test_return_unauth" time="0.047" /><testcase classname="tests.test_returns" name="test_return_other_users_order" time="1.083" /><testcase classname="tests.test_returns" name="test_my_returns_lists" time="0.972" /><testcase classname="tests.test_returns" name="test_seller_returns_visibility" time="1.476" /><testcase classname="tests.test_returns" name="test_seller_approve_creates_buyer_notification" time="1.947" /><testcase classname="tests.test_returns" name="test_seller_reject_creates_buyer_notification" time="1.583" /><testcase classname="tests.test_returns" name="test_cannot_double_decide" time="2.014" /><testcase classname="tests.test_returns" name="test_seller_cannot_decide_others_return" time="1.824" /><testcase classname="tests.test_returns" name="test_returns_for_order_visibility" time="1.397" /><testcase classname="tests.test_returns" name="test_seller_paid_reason_without_photos_400" time="0.975" /><testcase classname="tests.test_returns" name="test_change_of_mind_without_photos_ok" time="0.956" /><testcase classname="tests.test_returns" name="test_max_photos_enforced" time="0.917" /><testcase classname="tests.test_returns" name="test_seller_sees_proof_photos" time="1.457" /><testcase classname="tests.test_returns" name="test_max_one_video_enforced" time="0.992" /><testcase classname="tests.test_returns" name="test_video_optional_and_visible_to_seller" time="1.949" /><testcase classname="tests.test_seller_payouts.TestSellerOrders" name="test_forbidden_for_non_seller" time="0.784" /><testcase classname="tests.test_seller_payouts.TestSellerOrders" name="test_empty_for_new_seller" time="0.326" /><testcase classname="tests.test_seller_payouts.TestSellerOrders" name="test_orders_filtered_per_seller" time="0.611"><failure message="AssertionError: {&quot;detail&quot;:&quot;Please upload your ID proof and business proof to continue.&quot;}&#10;assert 403 == 200&#10; +  where 403 = &lt;Response [403]&gt;.status_code">E   AssertionError: {"detail":"Please upload your ID proof and business proof to continue."}
    assert 403 == 200
     +  where 403 = &lt;Response [403]&gt;.status_code</failure></testcase><testcase classname="tests.test_seller_payouts.TestSellerPayouts" name="test_forbidden_for_non_seller" time="0.492" /><testcase classname="tests.test_seller_payouts.TestSellerPayouts" name="test_empty_summary_for_new_seller" time="0.337" /><testcase classname="tests.test_seller_payouts.TestPayoutCreation" name="test_payouts_created_per_seller_idempotent" time="0.608"><failure message="AssertionError: {&quot;detail&quot;:&quot;Please upload your ID proof and business proof to continue.&quot;}&#10;assert 403 == 200&#10; +  where 403 = &lt;Response [403]&gt;.status_code">E   AssertionError: {"detail":"Please upload your ID proof and business proof to continue."}
    assert 403 == 200
     +  where 403 = &lt;Response [403]&gt;.status_code</failure></testcase><testcase classname="tests.test_seller_payouts.TestPayoutCreation" name="test_seeded_items_yield_no_payout" time="0.540"><failure message="AssertionError: no seeded product found&#10;assert None is not None">E   AssertionError: no seeded product found
    assert None is not None</failure></testcase><testcase classname="tests.test_seller_payouts.TestAdminMarkPaid" name="test_forbidden_without_secret" time="0.052"><failure message="assert 401 == 403&#10; +  where 401 = &lt;Response [401]&gt;.status_code">E   assert 401 == 403
     +  where 401 = &lt;Response [401]&gt;.status_code</failure></testcase><testcase classname="tests.test_seller_payouts.TestAdminMarkPaid" name="test_404_unknown_id" time="0.055" /><testcase classname="tests.test_seller_payouts.TestAdminMarkPaid" name="test_mark_paid_flips_status" time="0.001"><skipped type="pytest.skip" message="Dependent on TestPayoutCreation having run first">/app/backend/tests/test_seller_payouts.py:358: Dependent on TestPayoutCreation having run first</skipped></testcase></testsuite></testsuites>