<?xml version="1.0" encoding="utf-8"?><testsuites name="pytest tests"><testsuite name="pytest" errors="0" failures="0" skipped="0" tests="14" time="3.596" timestamp="2026-06-18T20:27:47.565776+00:00" hostname="agent-env-ce6bf082-33a8-45f7-a27d-0f853e2f6b82"><testcase classname="backend.tests.test_ambassador_phase3_admin.TestWithdrawRegression" name="test_withdraw_blocked_when_below_min" time="2.225" /><testcase classname="backend.tests.test_ambassador_phase3_admin.TestWithdrawRegression" name="test_withdraw_queued_when_above_min" time="0.062" /><testcase classname="backend.tests.test_ambassador_phase3_admin.TestUnsuspend" name="test_unsuspend_404_when_not_suspended" time="0.336" /><testcase classname="backend.tests.test_ambassador_phase3_admin.TestUnsuspend" name="test_suspend_then_unsuspend_clears_fields" time="0.106" /><testcase classname="backend.tests.test_ambassador_phase3_admin.TestUnsuspend" name="test_unsuspend_404_when_id_unknown" time="0.054" /><testcase classname="backend.tests.test_ambassador_phase3_admin.TestAdminListContent" name="test_list_pending_newest_first" time="0.240" /><testcase classname="backend.tests.test_ambassador_phase3_admin.TestAdminListContent" name="test_list_filters_by_verified_status" time="0.113" /><testcase classname="backend.tests.test_ambassador_phase3_admin.TestAdminListContent" name="test_list_filters_by_rejected_status" time="0.098" /><testcase classname="backend.tests.test_ambassador_phase3_admin.TestAdminListContent" name="test_list_no_status_returns_all" time="0.047" /><testcase classname="backend.tests.test_ambassador_phase3_admin.TestAdminListContent" name="test_list_requires_admin_auth" time="0.044" /><testcase classname="backend.tests.test_ambassador_phase3_admin.TestRegressionAdminActions" name="test_mark_paid_zero_balance_idempotent" time="0.048" /><testcase classname="backend.tests.test_ambassador_phase3_admin.TestRegressionAdminActions" name="test_mark_paid_zeros_out_balance" time="0.071" /><testcase classname="backend.tests.test_ambassador_phase3_admin.TestRegressionAdminActions" name="test_suspend_validates_reason_min_length" time="0.050" /><testcase classname="backend.tests.test_ambassador_phase3_admin.TestRegressionAdminActions" name="test_content_review_404_unknown" time="0.047" /></testsuite></testsuites>