<?xml version="1.0" encoding="utf-8"?><testsuites name="pytest tests"><testsuite name="pytest" errors="0" failures="0" skipped="0" tests="31" time="4.671" timestamp="2026-06-18T20:50:41.747576+00:00" hostname="agent-env-ce6bf082-33a8-45f7-a27d-0f853e2f6b82"><testcase classname="tests.test_ambassador_phase2.TestJoin" name="test_join_nz_creates_canonical_coupon" time="0.678" /><testcase classname="tests.test_ambassador_phase2.TestJoin" name="test_join_validates_via_coupon_validator" time="0.002" /><testcase classname="tests.test_ambassador_phase2.TestJoin" name="test_join_in_creates_both_codes" time="0.620" /><testcase classname="tests.test_ambassador_phase2.TestMe" name="test_me_returns_new_profile_fields" time="0.054" /><testcase classname="tests.test_ambassador_phase2.TestPatchMe" name="test_patch_basic_fields" time="0.059" /><testcase classname="tests.test_ambassador_phase2.TestPatchMe" name="test_patch_invalid_phone_400" time="0.053" /><testcase classname="tests.test_ambassador_phase2.TestPatchMe" name="test_patch_india_cannot_leave_inr" time="0.049" /><testcase classname="tests.test_ambassador_phase2.TestPatchMe" name="test_patch_blocks_ccy_change_with_pending_balance" time="0.054" /><testcase classname="tests.test_ambassador_phase2.TestByCode" name="test_valid_code_200" time="0.056" /><testcase classname="tests.test_ambassador_phase2.TestByCode" name="test_invalid_code_404" time="0.052" /><testcase classname="tests.test_ambassador_phase2.TestAttribution" name="test_credit_and_idempotency" time="0.008" /><testcase classname="tests.test_ambassador_phase2.TestAttribution" name="test_release_promotes_pending_to_unpaid" time="0.010" /><testcase classname="tests.test_ambassador_phase2.TestAttribution" name="test_clawback_on_cancelled_order" time="0.008" /><testcase classname="tests.test_ambassador_phase2.TestCheckoutWiring" name="test_credit_pending_imported_in_checkout" time="0.000" /><testcase classname="tests.test_ambassador_phase2.TestScheduler" name="test_ambassador_release_due_registered" time="0.016" /><testcase classname="tests.test_ambassador_phase2.TestSellerReferral" name="test_seller_register_with_valid_referral_code" time="0.306" /><testcase classname="tests.test_ambassador_phase2.TestSellerReferral" name="test_seller_register_with_invalid_referral_silent" time="0.288" /><testcase classname="tests.test_ambassador_phase3_admin.TestWithdrawRegression" name="test_withdraw_blocked_when_below_min" time="0.658" /><testcase classname="tests.test_ambassador_phase3_admin.TestWithdrawRegression" name="test_withdraw_queued_when_above_min" time="0.055" /><testcase classname="tests.test_ambassador_phase3_admin.TestUnsuspend" name="test_unsuspend_404_when_not_suspended" time="0.329" /><testcase classname="tests.test_ambassador_phase3_admin.TestUnsuspend" name="test_suspend_then_unsuspend_clears_fields" time="0.149" /><testcase classname="tests.test_ambassador_phase3_admin.TestUnsuspend" name="test_unsuspend_404_when_id_unknown" time="0.050" /><testcase classname="tests.test_ambassador_phase3_admin.TestAdminListContent" name="test_list_pending_newest_first" time="0.211" /><testcase classname="tests.test_ambassador_phase3_admin.TestAdminListContent" name="test_list_filters_by_verified_status" time="0.103" /><testcase classname="tests.test_ambassador_phase3_admin.TestAdminListContent" name="test_list_filters_by_rejected_status" time="0.107" /><testcase classname="tests.test_ambassador_phase3_admin.TestAdminListContent" name="test_list_no_status_returns_all" time="0.049" /><testcase classname="tests.test_ambassador_phase3_admin.TestAdminListContent" name="test_list_requires_admin_auth" time="0.051" /><testcase classname="tests.test_ambassador_phase3_admin.TestRegressionAdminActions" name="test_mark_paid_zero_balance_idempotent" time="0.051" /><testcase classname="tests.test_ambassador_phase3_admin.TestRegressionAdminActions" name="test_mark_paid_zeros_out_balance" time="0.052" /><testcase classname="tests.test_ambassador_phase3_admin.TestRegressionAdminActions" name="test_suspend_validates_reason_min_length" time="0.050" /><testcase classname="tests.test_ambassador_phase3_admin.TestRegressionAdminActions" name="test_content_review_404_unknown" time="0.056" /></testsuite></testsuites>