<?xml version="1.0" encoding="utf-8"?><testsuites name="pytest tests"><testsuite name="pytest" errors="0" failures="1" skipped="0" tests="6" time="0.994" timestamp="2026-06-19T23:52:13.130011+00:00" hostname="agent-env-ce6bf082-33a8-45f7-a27d-0f853e2f6b82"><testcase classname="tests.test_iter46_deals_smoke.TestFlashSalesActivePublic" name="test_public_no_auth" time="0.261" /><testcase classname="tests.test_iter46_deals_smoke.TestFlashSalesActivePublic" name="test_shape_when_present" time="0.048" /><testcase classname="tests.test_iter46_deals_smoke.TestProductsMinDiscountFacet" name="test_min_discount_pct_filter" time="0.048" /><testcase classname="tests.test_iter46_deals_smoke.TestProductsMinDiscountFacet" name="test_unfiltered_returns_more_or_equal" time="0.112" /><testcase classname="tests.test_iter46_deals_smoke.TestCouponsActiveAuthGated" name="test_anonymous_401" time="0.152" /><testcase classname="tests.test_iter46_deals_smoke.TestCouponsActiveAuthGated" name="test_auth_returns_list" time="0.331"><failure message="AssertionError: Internal Server Error&#10;assert 500 == 200&#10; +  where 500 = &lt;Response [500]&gt;.status_code">tests/test_iter46_deals_smoke.py:81: in test_auth_returns_list
    assert r.status_code == 200, r.text
E   AssertionError: Internal Server Error
E   assert 500 == 200
E    +  where 500 = &lt;Response [500]&gt;.status_code</failure></testcase></testsuite></testsuites>