<?xml version="1.0" encoding="utf-8"?><testsuites name="pytest tests"><testsuite name="pytest" errors="0" failures="0" skipped="0" tests="15" time="15.350" timestamp="2026-06-19T01:00:36.009954+00:00" hostname="agent-env-ce6bf082-33a8-45f7-a27d-0f853e2f6b82"><testcase classname="tests.test_order_tracking" name="test_tracking_paid_order_returns_first_stage" time="1.236" /><testcase classname="tests.test_order_tracking" name="test_tracking_with_events_returns_newest_first" time="0.972" /><testcase classname="tests.test_order_tracking" name="test_tracking_delivered_progress_100" time="0.952" /><testcase classname="tests.test_order_tracking" name="test_tracking_cancelled_progress_zero" time="0.879" /><testcase classname="tests.test_order_tracking" name="test_tracking_other_buyer_404" time="1.379" /><testcase classname="tests.test_order_tracking" name="test_mark_received_happy_path" time="1.017" /><testcase classname="tests.test_order_tracking" name="test_mark_received_promotes_out_for_delivery_to_delivered" time="0.970" /><testcase classname="tests.test_order_tracking" name="test_mark_received_idempotent" time="1.002" /><testcase classname="tests.test_order_tracking" name="test_mark_received_rejects_pre_dispatch" time="0.863" /><testcase classname="tests.test_order_tracking" name="test_mark_received_rejects_cancelled" time="0.972" /><testcase classname="tests.test_order_tracking" name="test_reorder_adds_items_to_cart" time="0.956" /><testcase classname="tests.test_order_tracking" name="test_reorder_skips_out_of_stock" time="1.063" /><testcase classname="tests.test_order_tracking" name="test_report_review_marks_reported_and_is_idempotent" time="1.518" /><testcase classname="tests.test_order_tracking" name="test_report_own_review_forbidden" time="0.975" /><testcase classname="tests.test_order_tracking" name="test_report_review_not_found" time="0.502" /></testsuite></testsuites>