<?xml version="1.0" encoding="utf-8"?><testsuites name="pytest tests"><testsuite name="pytest" errors="0" failures="6" skipped="1" tests="79" time="19.209" timestamp="2026-06-11T00:17:22.209113+00:00" hostname="agent-env-ce6bf082-33a8-45f7-a27d-0f853e2f6b82"><testcase classname="backend.tests.test_auth" name="test_register_returns_user_and_token" time="0.588" /><testcase classname="backend.tests.test_auth" name="test_register_duplicate_email_400" time="0.346" /><testcase classname="backend.tests.test_auth" name="test_login_success" time="0.287" /><testcase classname="backend.tests.test_auth" name="test_login_invalid_password_401" time="0.288" /><testcase classname="backend.tests.test_auth" name="test_login_unknown_user_401" time="0.059" /><testcase classname="backend.tests.test_auth" name="test_me_with_token" time="0.059" /><testcase classname="backend.tests.test_auth" name="test_me_missing_token_401" time="0.054" /><testcase classname="backend.tests.test_auth" name="test_me_invalid_token_401" time="0.067" /><testcase classname="backend.tests.test_cart" name="test_cart_empty_initial" time="0.076" /><testcase classname="backend.tests.test_cart" name="test_cart_add_update_remove_flow" time="0.333" /><testcase classname="backend.tests.test_cart" name="test_cart_free_shipping_over_threshold" time="0.193" /><testcase classname="backend.tests.test_cart" name="test_cart_requires_auth" time="0.059" /><testcase classname="backend.tests.test_cart" name="test_cart_add_unknown_product_404" time="0.068" /><testcase classname="backend.tests.test_checkout_orders" name="test_checkout_empty_cart_400" time="0.125" /><testcase classname="backend.tests.test_checkout_orders" name="test_checkout_creates_session_and_order" time="0.942" /><testcase classname="backend.tests.test_checkout_orders" name="test_orders_isolated_across_users" time="0.462" /><testcase classname="backend.tests.test_checkout_orders" name="test_webhook_invalid_signature_400" time="0.063" /><testcase classname="backend.tests.test_google_auth" name="test_google_session_invalid_session_id_401" time="0.181" /><testcase classname="backend.tests.test_google_auth" name="test_google_session_missing_field_422" time="0.145" /><testcase classname="backend.tests.test_google_auth" name="test_google_session_empty_session_id_401" time="0.110" /><testcase classname="backend.tests.test_google_auth" name="test_register_includes_provider_and_picture" time="0.283" /><testcase classname="backend.tests.test_google_auth" name="test_me_includes_provider_and_picture" time="0.063" /><testcase classname="backend.tests.test_google_auth" name="test_login_returns_provider_email" time="0.289" /><testcase classname="backend.tests.test_health" name="test_root_health" time="0.060" /><testcase classname="backend.tests.test_products" name="test_list_products_returns_seeded" time="0.065"><failure message="AssertionError: expected 9 seeded products, got 18&#10;assert 18 == 9&#10; +  where 18 = len([{'category': 'Ethnic Wear', 'description': 'Authentic Banarasi silk saree handwoven by artisans in Varanasi. Comes with matching blouse piece. Perfect for weddings and festive occasions.', 'id': '60a955c2-e9db-4a8c-82dc-a9febf889211', 'image': 'https://images.unsplash.com/photo-1717585679395-bbe39b5fb6bc?crop=entropy&amp;cs=srgb&amp;fm=jpg&amp;ixid=M3w3NDQ2NDF8MHwxfHNlYXJjaHwzfHxpbmRpYW4lMjBldGhuaWMlMjB3ZWFyJTIwZmFzaGlvbnxlbnwwfHx8fDE3ODExMzIyNjl8MA&amp;ixlib=rb-4.1.0&amp;q=85', ...}, {'category': 'Ethnic Wear', 'description': 'Three-piece Anarkali suit with intricate zari embroidery. Includes dupatta and bottoms. Imported directly from Jaipur.', 'id': 'fa7ec4ea-4307-43b6-a47b-f3c9ab56bee9', 'image': 'https://images.unsplash.com/photo-1503160865267-af4660ce7bf2?crop=entropy&amp;cs=srgb&amp;fm=jpg&amp;ixid=M3w3NDQ2NDF8MHwxfHNlYXJjaHwxfHxpbmRpYW4lMjBldGhuaWMlMjB3ZWFyJTIwZmFzaGlvbnxlbnwwfHx8fDE3ODExMzIyNjl8MA&amp;ixlib=rb-4.1.0&amp;q=85', ...}, {'category': 'Ethnic Wear', 'description': 'Bridal-grade lehenga with mirror work and sequins. Three-piece set. Custom alterations available on request.', 'id': '67a53141-4349-4332-a506-40715bbd5cce', 'image': 'https://images.pexels.com/photos/14928074/pexels-photo-14928074.jpeg?a...ess&amp;cs=tinysrgb&amp;dpr=2&amp;h=650&amp;w=940', ...}, {'category': 'Home &amp; Decor', 'description': 'Hand-cast brass Ganesha idol from Moradabad. Polished finish, weighs 850g. Perfect for home temple or as a gift.', 'id': 'dbb6b65e-0c74-4e49-aedc-bdc7330f896c', 'image': 'https://images.unsplash.com/photo-1650383044645-5d32141ad1a3?crop=entropy&amp;cs=srgb&amp;fm=jpg&amp;ixid=M3w3NTY2ODh8MHwxfHNlYXJjaHwzfHxpbmRpYW4lMjBoYW5kaWNyYWZ0cyUyMGJyYXNzfGVufDB8fHx8MTc4MTEzMjI2OXww&amp;ixlib=rb-4.1.0&amp;q=85', ...}, {'category': 'Home &amp; Decor', 'description': 'Traditional oil lamps for Diwali and daily worship. Hand-engraved with floral motifs.', 'id': 'b5691a80-4b69-4fc4-b600-bd9865030777', 'image': 'https://images.unsplash.com/photo-1652960018678-1f19799996c5?crop=entropy&amp;cs=srgb&amp;fm=jpg&amp;ixid=M3w3NTY2ODh8MHwxfHNlYXJjaHwxfHxpbmRpYW4lMjBoYW5kaWNyYWZ0cyUyMGJyYXNzfGVufDB8fHx8MTc4MTEzMjI2OXww&amp;ixlib=rb-4.1.0&amp;q=85', ...}, {'category': 'Home &amp; Decor', 'description': 'Full pooja kit: thali, bell, incense holder, kalash and diya. Wedding gift favourite.', 'id': '2f60d661-53a3-4357-a45e-b91c6d753441', 'image': 'https://images.pexels.com/photos/15755947/pexels-photo-15755947.jpeg?auto=compress&amp;cs=tinysrgb&amp;dpr=2&amp;h=650&amp;w=940', ...}, ...])">backend/tests/test_products.py:9: in test_list_products_returns_seeded
    assert len(items) == 9, f"expected 9 seeded products, got {len(items)}"
E   AssertionError: expected 9 seeded products, got 18
E   assert 18 == 9
E    +  where 18 = len([{'category': 'Ethnic Wear', 'description': 'Authentic Banarasi silk saree handwoven by artisans in Varanasi. Comes with matching blouse piece. Perfect for weddings and festive occasions.', 'id': '60a955c2-e9db-4a8c-82dc-a9febf889211', 'image': 'https://images.unsplash.com/photo-1717585679395-bbe39b5fb6bc?crop=entropy&amp;cs=srgb&amp;fm=jpg&amp;ixid=M3w3NDQ2NDF8MHwxfHNlYXJjaHwzfHxpbmRpYW4lMjBldGhuaWMlMjB3ZWFyJTIwZmFzaGlvbnxlbnwwfHx8fDE3ODExMzIyNjl8MA&amp;ixlib=rb-4.1.0&amp;q=85', ...}, {'category': 'Ethnic Wear', 'description': 'Three-piece Anarkali suit with intricate zari embroidery. Includes dupatta and bottoms. Imported directly from Jaipur.', 'id': 'fa7ec4ea-4307-43b6-a47b-f3c9ab56bee9', 'image': 'https://images.unsplash.com/photo-1503160865267-af4660ce7bf2?crop=entropy&amp;cs=srgb&amp;fm=jpg&amp;ixid=M3w3NDQ2NDF8MHwxfHNlYXJjaHwxfHxpbmRpYW4lMjBldGhuaWMlMjB3ZWFyJTIwZmFzaGlvbnxlbnwwfHx8fDE3ODExMzIyNjl8MA&amp;ixlib=rb-4.1.0&amp;q=85', ...}, {'category': 'Ethnic Wear', 'description': 'Bridal-grade lehenga with mirror work and sequins. Three-piece set. Custom alterations available on request.', 'id': '67a53141-4349-4332-a506-40715bbd5cce', 'image': 'https://images.pexels.com/photos/14928074/pexels-photo-14928074.jpeg?a...ess&amp;cs=tinysrgb&amp;dpr=2&amp;h=650&amp;w=940', ...}, {'category': 'Home &amp; Decor', 'description': 'Hand-cast brass Ganesha idol from Moradabad. Polished finish, weighs 850g. Perfect for home temple or as a gift.', 'id': 'dbb6b65e-0c74-4e49-aedc-bdc7330f896c', 'image': 'https://images.unsplash.com/photo-1650383044645-5d32141ad1a3?crop=entropy&amp;cs=srgb&amp;fm=jpg&amp;ixid=M3w3NTY2ODh8MHwxfHNlYXJjaHwzfHxpbmRpYW4lMjBoYW5kaWNyYWZ0cyUyMGJyYXNzfGVufDB8fHx8MTc4MTEzMjI2OXww&amp;ixlib=rb-4.1.0&amp;q=85', ...}, {'category': 'Home &amp; Decor', 'description': 'Traditional oil lamps for Diwali and daily worship. Hand-engraved with floral motifs.', 'id': 'b5691a80-4b69-4fc4-b600-bd9865030777', 'image': 'https://images.unsplash.com/photo-1652960018678-1f19799996c5?crop=entropy&amp;cs=srgb&amp;fm=jpg&amp;ixid=M3w3NTY2ODh8MHwxfHNlYXJjaHwxfHxpbmRpYW4lMjBoYW5kaWNyYWZ0cyUyMGJyYXNzfGVufDB8fHx8MTc4MTEzMjI2OXww&amp;ixlib=rb-4.1.0&amp;q=85', ...}, {'category': 'Home &amp; Decor', 'description': 'Full pooja kit: thali, bell, incense holder, kalash and diya. Wedding gift favourite.', 'id': '2f60d661-53a3-4357-a45e-b91c6d753441', 'image': 'https://images.pexels.com/photos/15755947/pexels-photo-15755947.jpeg?auto=compress&amp;cs=tinysrgb&amp;dpr=2&amp;h=650&amp;w=940', ...}, ...])</failure></testcase><testcase classname="backend.tests.test_products" name="test_list_categories" time="0.061" /><testcase classname="backend.tests.test_products" name="test_products_category_filter" time="0.058" /><testcase classname="backend.tests.test_products" name="test_products_search_q" time="0.058" /><testcase classname="backend.tests.test_products" name="test_get_product_by_id" time="0.116" /><testcase classname="backend.tests.test_products" name="test_get_product_404" time="0.060" /><testcase classname="backend.tests.test_seller.TestSellerRegister" name="test_register_auto_verifies" time="0.354" /><testcase classname="backend.tests.test_seller.TestSellerRegister" name="test_invalid_gstin_400" time="0.279" /><testcase classname="backend.tests.test_seller.TestSellerRegister" name="test_invalid_pan_400" time="0.287" /><testcase classname="backend.tests.test_seller.TestSellerRegister" name="test_pan_must_match_gstin" time="0.285" /><testcase classname="backend.tests.test_seller.TestSellerRegister" name="test_duplicate_gstin_returns_409" time="0.282"><failure message="AssertionError: {&quot;detail&quot;:&quot;This GSTIN is already registered with another seller&quot;}&#10;assert 409 == 200&#10; +  where 409 = &lt;Response [409]&gt;.status_code">backend/tests/test_seller.py:123: in test_duplicate_gstin_returns_409
    assert r1.status_code == 200, r1.text
E   AssertionError: {"detail":"This GSTIN is already registered with another seller"}
E   assert 409 == 200
E    +  where 409 = &lt;Response [409]&gt;.status_code</failure></testcase><testcase classname="backend.tests.test_seller.TestSellerRegister" name="test_missing_required_fields_422" time="0.055" /><testcase classname="backend.tests.test_seller.TestSellerUpgrade" name="test_upgrade_buyer_to_seller" time="0.463" /><testcase classname="backend.tests.test_seller.TestSellerUpgrade" name="test_upgrade_requires_token" time="0.055" /><testcase classname="backend.tests.test_seller.TestSellerMe" name="test_non_seller_returns_404" time="0.060" /><testcase classname="backend.tests.test_seller.TestListings" name="test_create_listing_appears_in_catalog" time="0.584" /><testcase classname="backend.tests.test_seller.TestListings" name="test_create_listing_forbidden_for_non_seller" time="0.064" /><testcase classname="backend.tests.test_seller.TestListings" name="test_list_my_listings_isolated" time="0.553" /><testcase classname="backend.tests.test_seller.TestAdminApprove" name="test_admin_forbidden_without_header" time="0.543" /><testcase classname="backend.tests.test_seller.TestAdminApprove" name="test_admin_approve_unknown_user" time="0.062" /><testcase classname="backend.tests.test_seller_business_types.TestCinRequiredTypes" name="test_valid_cin_succeeds[private_limited]" time="0.347" /><testcase classname="backend.tests.test_seller_business_types.TestCinRequiredTypes" name="test_valid_cin_succeeds[public_limited]" time="0.345" /><testcase classname="backend.tests.test_seller_business_types.TestCinRequiredTypes" name="test_valid_cin_succeeds[opc]" time="0.347" /><testcase classname="backend.tests.test_seller_business_types.TestCinRequiredTypes" name="test_valid_cin_succeeds[section_8]" time="0.342" /><testcase classname="backend.tests.test_seller_business_types.TestCinRequiredTypes" name="test_missing_cin_rejected[private_limited]" time="0.281" /><testcase classname="backend.tests.test_seller_business_types.TestCinRequiredTypes" name="test_missing_cin_rejected[public_limited]" time="0.277" /><testcase classname="backend.tests.test_seller_business_types.TestCinRequiredTypes" name="test_missing_cin_rejected[opc]" time="0.281" /><testcase classname="backend.tests.test_seller_business_types.TestCinRequiredTypes" name="test_missing_cin_rejected[section_8]" time="0.282" /><testcase classname="backend.tests.test_seller_business_types.TestCinRequiredTypes" name="test_cin_with_llpin_rejected_for_pvt" time="0.277" /><testcase classname="backend.tests.test_seller_business_types.TestLlp" name="test_valid_llpin_succeeds[AAB-1234]" time="0.338" /><testcase classname="backend.tests.test_seller_business_types.TestLlp" name="test_valid_llpin_succeeds[AAB1234]" time="0.338" /><testcase classname="backend.tests.test_seller_business_types.TestLlp" name="test_missing_llpin_rejected" time="0.277" /><testcase classname="backend.tests.test_seller_business_types.TestLlp" name="test_cin_set_for_llp_rejected" time="0.282" /><testcase classname="backend.tests.test_seller_business_types.TestNoMcaTypes" name="test_no_ids_succeeds[sole_proprietorship]" time="0.347" /><testcase classname="backend.tests.test_seller_business_types.TestNoMcaTypes" name="test_no_ids_succeeds[partnership_firm]" time="0.334" /><testcase classname="backend.tests.test_seller_business_types.TestNoMcaTypes" name="test_sole_prop_with_cin_rejected" time="0.283" /><testcase classname="backend.tests.test_seller_business_types.TestNoMcaTypes" name="test_partnership_with_llpin_rejected" time="0.284" /><testcase classname="backend.tests.test_seller_business_types.TestInvalidBusinessType" name="test_unknown_type_rejected" time="0.281" /><testcase classname="backend.tests.test_seller_business_types.TestPanGstinForAllTypes" name="test_pan_mismatch_rejected[private_limited-extras0]" time="0.280" /><testcase classname="backend.tests.test_seller_business_types.TestPanGstinForAllTypes" name="test_pan_mismatch_rejected[public_limited-extras1]" time="0.277" /><testcase classname="backend.tests.test_seller_business_types.TestPanGstinForAllTypes" name="test_pan_mismatch_rejected[opc-extras2]" time="0.284" /><testcase classname="backend.tests.test_seller_business_types.TestPanGstinForAllTypes" name="test_pan_mismatch_rejected[section_8-extras3]" time="0.279" /><testcase classname="backend.tests.test_seller_business_types.TestPanGstinForAllTypes" name="test_pan_mismatch_rejected[llp-extras4]" time="0.287" /><testcase classname="backend.tests.test_seller_business_types.TestPanGstinForAllTypes" name="test_pan_mismatch_rejected[sole_proprietorship-extras5]" time="0.310" /><testcase classname="backend.tests.test_seller_business_types.TestPanGstinForAllTypes" name="test_pan_mismatch_rejected[partnership_firm-extras6]" time="0.285" /><testcase classname="backend.tests.test_seller_payouts.TestSellerOrders" name="test_forbidden_for_non_seller" time="0.336" /><testcase classname="backend.tests.test_seller_payouts.TestSellerOrders" name="test_empty_for_new_seller" time="0.057"><failure message="AssertionError: {&quot;detail&quot;:[{&quot;type&quot;:&quot;missing&quot;,&quot;loc&quot;:[&quot;body&quot;,&quot;business&quot;,&quot;business_type&quot;],&quot;msg&quot;:&quot;Field required&quot;,&quot;input&quot;:{&quot;company_name&quot;:&quot;TEST Payouts Co&quot;,&quot;gstin&quot;:&quot;33ABCDE1234FCZ0&quot;,&quot;pan&quot;:&quot;ABCDE1234F&quot;,&quot;cin&quot;:&quot;U74999MH2020PTC123456&quot;,&quot;address_line1&quot;:&quot;1 Payout St&quot;,&quot;address_line2&quot;:&quot;&quot;,&quot;city&quot;:&quot;Mumbai&quot;,&quot;state&quot;:&quot;Maharashtra&quot;,&quot;pincode&quot;:&quot;400001&quot;,&quot;contact_name&quot;:&quot;Payout Tester&quot;,&quot;contact_phone&quot;:&quot;+919999999990&quot;},&quot;url&quot;:&quot;https://errors.pydantic.dev/2.13/v/missing&quot;}]}&#10;assert 422 == 200&#10; +  where 422 = &lt;Response [422]&gt;.status_code">backend/tests/test_seller_payouts.py:98: in test_empty_for_new_seller
    seller = _register_seller(api_client, "empty")
             ^^^^^^^^^^^^^^^^^^^^^^^^^^^^^^^^^^^^^
backend/tests/test_seller_payouts.py:57: in _register_seller
    assert r.status_code == 200, r.text
E   AssertionError: {"detail":[{"type":"missing","loc":["body","business","business_type"],"msg":"Field required","input":{"company_name":"TEST Payouts Co","gstin":"33ABCDE1234FCZ0","pan":"ABCDE1234F","cin":"U74999MH2020PTC123456","address_line1":"1 Payout St","address_line2":"","city":"Mumbai","state":"Maharashtra","pincode":"400001","contact_name":"Payout Tester","contact_phone":"+919999999990"},"url":"https://errors.pydantic.dev/2.13/v/missing"}]}
E   assert 422 == 200
E    +  where 422 = &lt;Response [422]&gt;.status_code</failure></testcase><testcase classname="backend.tests.test_seller_payouts.TestSellerOrders" name="test_orders_filtered_per_seller" time="0.062"><failure message="AssertionError: {&quot;detail&quot;:[{&quot;type&quot;:&quot;missing&quot;,&quot;loc&quot;:[&quot;body&quot;,&quot;business&quot;,&quot;business_type&quot;],&quot;msg&quot;:&quot;Field required&quot;,&quot;input&quot;:{&quot;company_name&quot;:&quot;TEST Payouts Co&quot;,&quot;gstin&quot;:&quot;29ABCDE1234F5ZO&quot;,&quot;pan&quot;:&quot;ABCDE1234F&quot;,&quot;cin&quot;:&quot;U74999MH2020PTC123456&quot;,&quot;address_line1&quot;:&quot;1 Payout St&quot;,&quot;address_line2&quot;:&quot;&quot;,&quot;city&quot;:&quot;Mumbai&quot;,&quot;state&quot;:&quot;Maharashtra&quot;,&quot;pincode&quot;:&quot;400001&quot;,&quot;contact_name&quot;:&quot;Payout Tester&quot;,&quot;contact_phone&quot;:&quot;+919999999990&quot;},&quot;url&quot;:&quot;https://errors.pydantic.dev/2.13/v/missing&quot;}]}&#10;assert 422 == 200&#10; +  where 422 = &lt;Response [422]&gt;.status_code">backend/tests/test_seller_payouts.py:108: in test_orders_filtered_per_seller
    seller_a = _register_seller(api_client, "A")
               ^^^^^^^^^^^^^^^^^^^^^^^^^^^^^^^^^
backend/tests/test_seller_payouts.py:57: in _register_seller
    assert r.status_code == 200, r.text
E   AssertionError: {"detail":[{"type":"missing","loc":["body","business","business_type"],"msg":"Field required","input":{"company_name":"TEST Payouts Co","gstin":"29ABCDE1234F5ZO","pan":"ABCDE1234F","cin":"U74999MH2020PTC123456","address_line1":"1 Payout St","address_line2":"","city":"Mumbai","state":"Maharashtra","pincode":"400001","contact_name":"Payout Tester","contact_phone":"+919999999990"},"url":"https://errors.pydantic.dev/2.13/v/missing"}]}
E   assert 422 == 200
E    +  where 422 = &lt;Response [422]&gt;.status_code</failure></testcase><testcase classname="backend.tests.test_seller_payouts.TestSellerPayouts" name="test_forbidden_for_non_seller" time="0.338" /><testcase classname="backend.tests.test_seller_payouts.TestSellerPayouts" name="test_empty_summary_for_new_seller" time="0.057"><failure message="AssertionError: {&quot;detail&quot;:[{&quot;type&quot;:&quot;missing&quot;,&quot;loc&quot;:[&quot;body&quot;,&quot;business&quot;,&quot;business_type&quot;],&quot;msg&quot;:&quot;Field required&quot;,&quot;input&quot;:{&quot;company_name&quot;:&quot;TEST Payouts Co&quot;,&quot;gstin&quot;:&quot;06ABCDE1234F8ZI&quot;,&quot;pan&quot;:&quot;ABCDE1234F&quot;,&quot;cin&quot;:&quot;U74999MH2020PTC123456&quot;,&quot;address_line1&quot;:&quot;1 Payout St&quot;,&quot;address_line2&quot;:&quot;&quot;,&quot;city&quot;:&quot;Mumbai&quot;,&quot;state&quot;:&quot;Maharashtra&quot;,&quot;pincode&quot;:&quot;400001&quot;,&quot;contact_name&quot;:&quot;Payout Tester&quot;,&quot;contact_phone&quot;:&quot;+919999999990&quot;},&quot;url&quot;:&quot;https://errors.pydantic.dev/2.13/v/missing&quot;}]}&#10;assert 422 == 200&#10; +  where 422 = &lt;Response [422]&gt;.status_code">backend/tests/test_seller_payouts.py:182: in test_empty_summary_for_new_seller
    seller = _register_seller(api_client, "po_empty")
             ^^^^^^^^^^^^^^^^^^^^^^^^^^^^^^^^^^^^^^^^
backend/tests/test_seller_payouts.py:57: in _register_seller
    assert r.status_code == 200, r.text
E   AssertionError: {"detail":[{"type":"missing","loc":["body","business","business_type"],"msg":"Field required","input":{"company_name":"TEST Payouts Co","gstin":"06ABCDE1234F8ZI","pan":"ABCDE1234F","cin":"U74999MH2020PTC123456","address_line1":"1 Payout St","address_line2":"","city":"Mumbai","state":"Maharashtra","pincode":"400001","contact_name":"Payout Tester","contact_phone":"+919999999990"},"url":"https://errors.pydantic.dev/2.13/v/missing"}]}
E   assert 422 == 200
E    +  where 422 = &lt;Response [422]&gt;.status_code</failure></testcase><testcase classname="backend.tests.test_seller_payouts.TestPayoutCreation" name="test_payouts_created_per_seller_idempotent" time="0.057"><failure message="AssertionError: {&quot;detail&quot;:[{&quot;type&quot;:&quot;missing&quot;,&quot;loc&quot;:[&quot;body&quot;,&quot;business&quot;,&quot;business_type&quot;],&quot;msg&quot;:&quot;Field required&quot;,&quot;input&quot;:{&quot;company_name&quot;:&quot;TEST Payouts Co&quot;,&quot;gstin&quot;:&quot;33ABCDE1234FCZZ&quot;,&quot;pan&quot;:&quot;ABCDE1234F&quot;,&quot;cin&quot;:&quot;U74999MH2020PTC123456&quot;,&quot;address_line1&quot;:&quot;1 Payout St&quot;,&quot;address_line2&quot;:&quot;&quot;,&quot;city&quot;:&quot;Mumbai&quot;,&quot;state&quot;:&quot;Maharashtra&quot;,&quot;pincode&quot;:&quot;400001&quot;,&quot;contact_name&quot;:&quot;Payout Tester&quot;,&quot;contact_phone&quot;:&quot;+919999999990&quot;},&quot;url&quot;:&quot;https://errors.pydantic.dev/2.13/v/missing&quot;}]}&#10;assert 422 == 200&#10; +  where 422 = &lt;Response [422]&gt;.status_code">backend/tests/test_seller_payouts.py:204: in test_payouts_created_per_seller_idempotent
    seller_a = _register_seller(api_client, "po_A")
               ^^^^^^^^^^^^^^^^^^^^^^^^^^^^^^^^^^^^
backend/tests/test_seller_payouts.py:57: in _register_seller
    assert r.status_code == 200, r.text
E   AssertionError: {"detail":[{"type":"missing","loc":["body","business","business_type"],"msg":"Field required","input":{"company_name":"TEST Payouts Co","gstin":"33ABCDE1234FCZZ","pan":"ABCDE1234F","cin":"U74999MH2020PTC123456","address_line1":"1 Payout St","address_line2":"","city":"Mumbai","state":"Maharashtra","pincode":"400001","contact_name":"Payout Tester","contact_phone":"+919999999990"},"url":"https://errors.pydantic.dev/2.13/v/missing"}]}
E   assert 422 == 200
E    +  where 422 = &lt;Response [422]&gt;.status_code</failure></testcase><testcase classname="backend.tests.test_seller_payouts.TestPayoutCreation" name="test_seeded_items_yield_no_payout" time="0.898" /><testcase classname="backend.tests.test_seller_payouts.TestAdminMarkPaid" name="test_forbidden_without_secret" time="0.114" /><testcase classname="backend.tests.test_seller_payouts.TestAdminMarkPaid" name="test_404_unknown_id" time="0.061" /><testcase classname="backend.tests.test_seller_payouts.TestAdminMarkPaid" name="test_mark_paid_flips_status" time="0.000"><skipped type="pytest.skip" message="Dependent on TestPayoutCreation having run first">/app/backend/tests/test_seller_payouts.py:344: Dependent on TestPayoutCreation having run first</skipped></testcase></testsuite></testsuites>