<?xml version="1.0" encoding="utf-8"?><testsuites name="pytest tests"><testsuite name="pytest" errors="0" failures="0" skipped="0" tests="11" time="1.891" timestamp="2026-06-20T00:30:25.153070+00:00" hostname="agent-env-ce6bf082-33a8-45f7-a27d-0f853e2f6b82"><testcase classname="tests.test_delivery_rating.TestAuth" name="test_requires_auth" time="0.315" /><testcase classname="tests.test_delivery_rating.TestAuth" name="test_other_users_order_404" time="0.674" /><testcase classname="tests.test_delivery_rating.TestStateGate" name="test_pending_order_returns_400" time="0.108" /><testcase classname="tests.test_delivery_rating.TestStarsRange" name="test_stars_zero_rejected" time="0.065" /><testcase classname="tests.test_delivery_rating.TestStarsRange" name="test_stars_six_rejected" time="0.046" /><testcase classname="tests.test_delivery_rating.TestSubmit" name="test_submit_increments_seller_aggregates" time="0.160" /><testcase classname="tests.test_delivery_rating.TestSubmit" name="test_resubmit_updates_without_double_counting" time="0.216" /><testcase classname="tests.test_delivery_rating.TestShipsWellBadge" name="test_under_five_ratings_no_badge" time="0.054" /><testcase classname="tests.test_delivery_rating.TestShipsWellBadge" name="test_low_avg_no_badge" time="0.053" /><testcase classname="tests.test_delivery_rating.TestShipsWellBadge" name="test_qualified_seller_has_badge" time="0.057" /><testcase classname="tests.test_delivery_rating.TestShipsWellBadge" name="test_unknown_seller_returns_empty" time="0.047" /></testsuite></testsuites>