<?xml version="1.0" encoding="utf-8"?><testsuites name="pytest tests"><testsuite name="pytest" errors="0" failures="1" skipped="0" tests="5" time="1.891" timestamp="2026-06-17T20:57:12.641055+00:00" hostname="agent-env-ce6bf082-33a8-45f7-a27d-0f853e2f6b82"><testcase classname="tests.test_stripe_connect_payouts_e2e" name="test_create_payouts_uses_per_line_tiered_commission" time="0.241" /><testcase classname="tests.test_stripe_connect_payouts_e2e" name="test_create_payouts_idempotent" time="0.002"><failure message="RuntimeError: Event loop is closed">tests/test_stripe_connect_payouts_e2e.py:126: in test_create_payouts_idempotent
    first, second = loop.run_until_complete(_twice())
                    ^^^^^^^^^^^^^^^^^^^^^^^^^^^^^^^^^
/usr/local/lib/python3.11/asyncio/base_events.py:654: in run_until_complete
    return future.result()
           ^^^^^^^^^^^^^^^
tests/test_stripe_connect_payouts_e2e.py:117: in _twice
    await create_payouts_for_order(order_id)
services/payouts.py:41: in create_payouts_for_order
    existing = await db.payouts.find_one({"order_id": order_id}, {"_id": 0})
                     ^^^^^^^^^^^^^^^^^^^^^^^^^^^^^^^^^^^^^^^^^^^^^^^^^^^^^^^
/root/.venv/lib/python3.11/site-packages/motor/metaprogramming.py:74: in method
    return framework.run_on_executor(
/root/.venv/lib/python3.11/site-packages/motor/frameworks/asyncio/__init__.py:85: in run_on_executor
    return loop.run_in_executor(_EXECUTOR, functools.partial(fn, *args, **kwargs))
           ^^^^^^^^^^^^^^^^^^^^^^^^^^^^^^^^^^^^^^^^^^^^^^^^^^^^^^^^^^^^^^^^^^^^^^^
/usr/local/lib/python3.11/asyncio/base_events.py:817: in run_in_executor
    self._check_closed()
/usr/local/lib/python3.11/asyncio/base_events.py:520: in _check_closed
    raise RuntimeError('Event loop is closed')
E   RuntimeError: Event loop is closed</failure></testcase><testcase classname="tests.test_stripe_connect_payouts_e2e" name="test_checkout_populates_breakdown_even_when_connect_not_routed" time="1.376" /><testcase classname="tests.test_stripe_connect_payouts_e2e" name="test_webhook_idempotent_replay" time="0.095" /><testcase classname="tests.test_stripe_connect_payouts_e2e" name="test_issue_stripe_refund_no_pi_graceful" time="0.003" /></testsuite></testsuites>