<?xml version="1.0" encoding="utf-8"?><testsuites name="pytest tests"><testsuite name="pytest" errors="0" failures="0" skipped="0" tests="22" time="18.834" timestamp="2026-06-12T22:11:39.392139+00:00" hostname="agent-env-ce6bf082-33a8-45f7-a27d-0f853e2f6b82"><testcase classname="tests.test_reviews" name="test_create_review_happy_path" time="1.427" /><testcase classname="tests.test_reviews" name="test_create_review_updates_product_rating" time="0.848" /><testcase classname="tests.test_reviews" name="test_create_review_order_not_found" time="0.324" /><testcase classname="tests.test_reviews" name="test_create_review_order_not_eligible_status" time="0.823" /><testcase classname="tests.test_reviews" name="test_create_review_product_not_in_order" time="0.747" /><testcase classname="tests.test_reviews" name="test_create_review_duplicate_409" time="0.837" /><testcase classname="tests.test_reviews" name="test_create_review_unauthenticated" time="0.048" /><testcase classname="tests.test_reviews" name="test_create_review_shipped_status_works" time="0.780" /><testcase classname="tests.test_reviews" name="test_list_product_reviews_public_with_summary" time="0.881" /><testcase classname="tests.test_reviews" name="test_list_product_reviews_with_bearer_shows_eligibility" time="0.773" /><testcase classname="tests.test_reviews" name="test_list_product_reviews_sort_helpful" time="1.709" /><testcase classname="tests.test_reviews" name="test_list_product_reviews_distribution" time="1.060" /><testcase classname="tests.test_reviews" name="test_eligible_lists_only_unreviewed" time="0.843" /><testcase classname="tests.test_reviews" name="test_eligible_excludes_non_eligible_status" time="0.761" /><testcase classname="tests.test_reviews" name="test_eligible_requires_auth" time="0.051" /><testcase classname="tests.test_reviews" name="test_helpful_toggle_up_then_down" time="1.206" /><testcase classname="tests.test_reviews" name="test_helpful_not_found" time="0.331" /><testcase classname="tests.test_reviews" name="test_seller_can_reply_once" time="1.236" /><testcase classname="tests.test_reviews" name="test_non_seller_buyer_cannot_reply" time="0.925" /><testcase classname="tests.test_reviews" name="test_different_seller_cannot_reply" time="1.481" /><testcase classname="tests.test_reviews" name="test_only_author_can_delete" time="1.299" /><testcase classname="tests.test_reviews" name="test_delete_not_found" time="0.323" /></testsuite></testsuites>