<?xml version="1.0" encoding="utf-8"?><testsuites name="pytest tests"><testsuite name="pytest" errors="0" failures="0" skipped="0" tests="35" time="4.644" timestamp="2026-06-16T00:30:44.529481+00:00" hostname="agent-env-ce6bf082-33a8-45f7-a27d-0f853e2f6b82"><testcase classname="backend.tests.test_admin_rbac.TestOwnerLoginAndRoles" name="test_owner_login_returns_jwt" time="0.493" /><testcase classname="backend.tests.test_admin_rbac.TestOwnerLoginAndRoles" name="test_admin_me" time="0.045" /><testcase classname="backend.tests.test_admin_rbac.TestOwnerLoginAndRoles" name="test_roles_endpoint" time="0.047" /><testcase classname="backend.tests.test_admin_rbac.TestOwnerLoginAndRoles" name="test_owner_login_bad_password_401" time="0.266" /><testcase classname="backend.tests.test_admin_rbac.TestTeamCRUD" name="test_list_team_owner_ok" time="0.044" /><testcase classname="backend.tests.test_admin_rbac.TestTeamCRUD" name="test_create_and_persist" time="0.621" /><testcase classname="backend.tests.test_admin_rbac.TestTeamCRUD" name="test_create_duplicate_email_409" time="0.046" /><testcase classname="backend.tests.test_admin_rbac.TestTeamCRUD" name="test_create_invalid_role_400" time="0.041" /><testcase classname="backend.tests.test_admin_rbac.TestTeamCRUD" name="test_patch_full_name_and_role" time="0.657" /><testcase classname="backend.tests.test_admin_rbac.TestTeamCRUD" name="test_reset_password_returns_new" time="0.534" /><testcase classname="backend.tests.test_admin_rbac.TestTeamCRUD" name="test_patch_invalid_role_400" time="0.043" /><testcase classname="backend.tests.test_admin_rbac.TestTeamCRUD" name="test_patch_nothing_400" time="0.044" /><testcase classname="backend.tests.test_admin_rbac.TestTeamCRUD" name="test_patch_unknown_admin_404" time="0.044" /><testcase classname="backend.tests.test_admin_rbac.TestTeamCRUD" name="test_delete_admin" time="0.355" /><testcase classname="backend.tests.test_admin_rbac.TestLastOwnerSafety" name="test_cannot_demote_last_active_owner" time="0.131" /><testcase classname="backend.tests.test_admin_rbac.TestLastOwnerSafety" name="test_cannot_deactivate_last_active_owner" time="0.147" /><testcase classname="backend.tests.test_admin_rbac.TestLastOwnerSafety" name="test_cannot_delete_last_active_owner" time="0.138" /><testcase classname="backend.tests.test_admin_rbac.TestSubAdminLogin" name="test_manager_login" time="0.000" /><testcase classname="backend.tests.test_admin_rbac.TestSubAdminLogin" name="test_support_login" time="0.000" /><testcase classname="backend.tests.test_admin_rbac.TestRBACEnforcement" name="test_support_cannot_list_team" time="0.043" /><testcase classname="backend.tests.test_admin_rbac.TestRBACEnforcement" name="test_manager_cannot_list_team" time="0.043" /><testcase classname="backend.tests.test_admin_rbac.TestRBACEnforcement" name="test_support_cannot_mark_payout_paid" time="0.046" /><testcase classname="backend.tests.test_admin_rbac.TestRBACEnforcement" name="test_manager_can_mark_payout_paid_passes_rbac" time="0.046" /><testcase classname="backend.tests.test_admin_rbac.TestRBACEnforcement" name="test_support_can_approve_seller_passes_rbac" time="0.044" /><testcase classname="backend.tests.test_admin_rbac.TestRBACEnforcement" name="test_manager_can_approve_seller" time="0.046" /><testcase classname="backend.tests.test_admin_rbac.TestRBACEnforcement" name="test_support_can_reject_seller_passes_rbac" time="0.042" /><testcase classname="backend.tests.test_admin_rbac.TestRBACEnforcement" name="test_no_auth_team_401" time="0.042" /><testcase classname="backend.tests.test_admin_rbac.TestRBACEnforcement" name="test_no_auth_mark_paid_401" time="0.042" /><testcase classname="backend.tests.test_admin_rbac.TestLegacyAdminSecretBackwardCompat" name="test_overview" time="0.092" /><testcase classname="backend.tests.test_admin_rbac.TestLegacyAdminSecretBackwardCompat" name="test_sellers" time="0.083" /><testcase classname="backend.tests.test_admin_rbac.TestLegacyAdminSecretBackwardCompat" name="test_orders" time="0.050" /><testcase classname="backend.tests.test_admin_rbac.TestLegacyAdminSecretBackwardCompat" name="test_payouts" time="0.044" /><testcase classname="backend.tests.test_admin_rbac.TestLegacyAdminSecretBackwardCompat" name="test_legacy_secret_bootstrap_can_mark_payout_paid" time="0.042" /><testcase classname="backend.tests.test_admin_rbac.TestLegacyAdminSecretBackwardCompat" name="test_legacy_secret_bootstrap_can_list_team" time="0.047" /><testcase classname="backend.tests.test_admin_rbac.TestLegacyAdminSecretBackwardCompat" name="test_wrong_secret_403" time="0.132" /></testsuite></testsuites>