<?xml version="1.0" encoding="utf-8"?><testsuites name="pytest tests"><testsuite name="pytest" errors="0" failures="0" skipped="0" tests="24" time="22.764" timestamp="2026-06-11T02:04:52.748378+00:00" hostname="agent-env-ce6bf082-33a8-45f7-a27d-0f853e2f6b82"><testcase classname="backend.tests.test_shiprocket_webhook" name="test_webhook_requires_awb" time="0.354" /><testcase classname="backend.tests.test_shiprocket_webhook" name="test_webhook_invalid_json" time="0.058" /><testcase classname="backend.tests.test_shiprocket_webhook" name="test_webhook_unknown_awb_404" time="0.065" /><testcase classname="backend.tests.test_shiprocket_webhook" name="test_webhook_shipped_transitions_order" time="1.057" /><testcase classname="backend.tests.test_shiprocket_webhook" name="test_webhook_status_id_mapping" time="0.908" /><testcase classname="backend.tests.test_shiprocket_webhook" name="test_webhook_full_lifecycle" time="1.096" /><testcase classname="backend.tests.test_shiprocket_webhook" name="test_webhook_idempotent_same_status" time="1.055" /><testcase classname="backend.tests.test_shiprocket_webhook" name="test_webhook_unknown_status_returns_200_no_change" time="1.149" /><testcase classname="backend.tests.test_shiprocket_webhook" name="test_order_shipment_endpoint" time="0.854" /><testcase classname="backend.tests.test_shiprocket_webhook" name="test_order_shipment_endpoint_404_other_user" time="1.139" /><testcase classname="backend.tests.test_shiprocket_webhook" name="test_webhook_does_not_regress_delivered_order" time="1.025" /><testcase classname="backend.tests.test_returns" name="test_create_return_request_defective" time="0.874" /><testcase classname="backend.tests.test_returns" name="test_change_of_mind_has_restocking_fee" time="0.835" /><testcase classname="backend.tests.test_returns" name="test_invalid_reason_400" time="0.813" /><testcase classname="backend.tests.test_returns" name="test_return_outside_window_400" time="0.810" /><testcase classname="backend.tests.test_returns" name="test_return_unauth" time="0.058" /><testcase classname="backend.tests.test_returns" name="test_return_other_users_order" time="0.889" /><testcase classname="backend.tests.test_returns" name="test_my_returns_lists" time="0.930" /><testcase classname="backend.tests.test_returns" name="test_seller_returns_visibility" time="1.270" /><testcase classname="backend.tests.test_returns" name="test_seller_approve_creates_buyer_notification" time="1.801" /><testcase classname="backend.tests.test_returns" name="test_seller_reject_creates_buyer_notification" time="1.330" /><testcase classname="backend.tests.test_returns" name="test_cannot_double_decide" time="1.539" /><testcase classname="backend.tests.test_returns" name="test_seller_cannot_decide_others_return" time="1.556" /><testcase classname="backend.tests.test_returns" name="test_returns_for_order_visibility" time="1.197" /></testsuite></testsuites>