<?xml version="1.0" encoding="utf-8"?><testsuites name="pytest tests"><testsuite name="pytest" errors="0" failures="0" skipped="0" tests="32" time="5.835" timestamp="2026-06-11T23:21:07.271869+00:00" hostname="agent-env-ce6bf082-33a8-45f7-a27d-0f853e2f6b82"><testcase classname="tests.test_bulk_listings" name="test_csv_template_download" time="0.451" /><testcase classname="tests.test_bulk_listings" name="test_xlsx_template_download" time="0.163" /><testcase classname="tests.test_bulk_listings" name="test_columns_endpoint" time="0.124" /><testcase classname="tests.test_bulk_listings" name="test_preview_valid_csv" time="0.106" /><testcase classname="tests.test_bulk_listings" name="test_preview_validation_errors" time="0.108" /><testcase classname="tests.test_bulk_listings" name="test_full_import_creates_listings" time="0.353" /><testcase classname="tests.test_bulk_listings" name="test_round_trip_export_edit_import" time="0.427" /><testcase classname="tests.test_bulk_listings" name="test_import_rejects_other_sellers_product_id" time="0.100" /><testcase classname="tests.test_bulk_listings" name="test_xlsx_upload" time="0.223" /><testcase classname="tests.test_bulk_listings_edges.TestPreviewSizeLimits" name="test_empty_file_returns_400" time="0.455" /><testcase classname="tests.test_bulk_listings_edges.TestPreviewSizeLimits" name="test_oversize_file_returns_413" time="0.461" /><testcase classname="tests.test_bulk_listings_edges.TestPreviewSizeLimits" name="test_too_many_rows_returns_413" time="0.138" /><testcase classname="tests.test_bulk_listings_edges.TestPreviewSizeLimits" name="test_no_data_rows_returns_400" time="0.109" /><testcase classname="tests.test_bulk_listings_edges.TestAuthGating" name="test_missing_auth_blocked_on_get[/template.csv]" time="0.105" /><testcase classname="tests.test_bulk_listings_edges.TestAuthGating" name="test_missing_auth_blocked_on_get[/template.xlsx]" time="0.096" /><testcase classname="tests.test_bulk_listings_edges.TestAuthGating" name="test_missing_auth_blocked_on_get[/columns]" time="0.094" /><testcase classname="tests.test_bulk_listings_edges.TestAuthGating" name="test_missing_auth_blocked_on_get[/export.csv]" time="0.102" /><testcase classname="tests.test_bulk_listings_edges.TestAuthGating" name="test_missing_auth_blocked_on_get[/export.xlsx]" time="0.099" /><testcase classname="tests.test_bulk_listings_edges.TestAuthGating" name="test_missing_auth_blocked_on_preview" time="0.097" /><testcase classname="tests.test_bulk_listings_edges.TestAuthGating" name="test_missing_auth_blocked_on_import" time="0.107" /><testcase classname="tests.test_bulk_listings_edges.TestAuthGating" name="test_buyer_blocked_with_403_on_get[/template.csv]" time="0.423" /><testcase classname="tests.test_bulk_listings_edges.TestAuthGating" name="test_buyer_blocked_with_403_on_get[/template.xlsx]" time="0.125" /><testcase classname="tests.test_bulk_listings_edges.TestAuthGating" name="test_buyer_blocked_with_403_on_get[/columns]" time="0.104" /><testcase classname="tests.test_bulk_listings_edges.TestAuthGating" name="test_buyer_blocked_with_403_on_get[/export.csv]" time="0.094" /><testcase classname="tests.test_bulk_listings_edges.TestAuthGating" name="test_buyer_blocked_with_403_on_get[/export.xlsx]" time="0.104" /><testcase classname="tests.test_bulk_listings_edges.TestAuthGating" name="test_buyer_blocked_with_403_on_preview" time="0.128" /><testcase classname="tests.test_bulk_listings_edges.TestAuthGating" name="test_buyer_blocked_with_403_on_import" time="0.092" /><testcase classname="tests.test_bulk_listings_edges.TestSellerRegression" name="test_post_seller_products_still_works" time="0.244" /><testcase classname="tests.test_bulk_listings_edges.TestSellerRegression" name="test_get_seller_products_still_works" time="0.100" /><testcase classname="tests.test_bulk_listings_edges.TestAuthHeader" name="test_garbage_bearer_blocked" time="0.097" /><testcase classname="tests.test_bulk_listings_edges.TestAuthHeader" name="test_wrong_scheme_blocked" time="0.099" /><testcase classname="tests.test_bulk_listings_edges.TestAuthHeader" name="test_valid_bearer_works" time="0.096" /></testsuite></testsuites>