<?xml version="1.0" encoding="utf-8"?><testsuites name="pytest tests"><testsuite name="pytest" errors="0" failures="0" skipped="0" tests="10" time="0.946" timestamp="2026-06-19T23:06:26.737504+00:00" hostname="agent-env-ce6bf082-33a8-45f7-a27d-0f853e2f6b82"><testcase classname="tests.test_frequently_bought_together.TestSchema" name="test_unknown_product_404" time="0.192" /><testcase classname="tests.test_frequently_bought_together.TestSchema" name="test_schema_shape" time="0.066" /><testcase classname="tests.test_frequently_bought_together.TestLimitClamp" name="test_limit_zero_clamps_to_one" time="0.063" /><testcase classname="tests.test_frequently_bought_together.TestLimitClamp" name="test_limit_above_six_clamps_to_six" time="0.093" /><testcase classname="tests.test_frequently_bought_together.TestAnchorExcluded" name="test_anchor_never_in_items" time="0.064" /><testcase classname="tests.test_frequently_bought_together.TestCoPurchaseBoost" name="test_strong_co_purchase_ranks_first" time="0.079" /><testcase classname="tests.test_frequently_bought_together.TestCoPurchaseBoost" name="test_cancelled_orders_do_not_count" time="0.075" /><testcase classname="tests.test_frequently_bought_together.TestCoPurchaseBoost" name="test_out_of_stock_co_purchase_excluded" time="0.070" /><testcase classname="tests.test_frequently_bought_together.TestCategoryFallback" name="test_no_history_uses_category_fallback" time="0.064" /><testcase classname="tests.test_frequently_bought_together.TestBundleTotal" name="test_bundle_total_equals_anchor_plus_items" time="0.073" /></testsuite></testsuites>