<?xml version="1.0" encoding="utf-8"?><testsuites name="pytest tests"><testsuite name="pytest" errors="0" failures="0" skipped="0" tests="11" time="1.085" timestamp="2026-06-19T21:41:26.080487+00:00" hostname="agent-env-ce6bf082-33a8-45f7-a27d-0f853e2f6b82"><testcase classname="tests.test_subcategory_and_facets.TestSubcategoryTiles" name="test_unknown_category_returns_404" time="0.382" /><testcase classname="tests.test_subcategory_and_facets.TestSubcategoryTiles" name="test_known_category_returns_tile_list" time="0.050" /><testcase classname="tests.test_subcategory_and_facets.TestSubcategoryTiles" name="test_counts_increase_when_product_seeded" time="0.118" /><testcase classname="tests.test_subcategory_and_facets.TestSubcategoryTiles" name="test_subcategories_match_taxonomy_order" time="0.052" /><testcase classname="tests.test_subcategory_and_facets.TestMinRatingFilter" name="test_high_rating_threshold_excludes_low" time="0.066" /><testcase classname="tests.test_subcategory_and_facets.TestMinRatingFilter" name="test_rating_zero_includes_all" time="0.052" /><testcase classname="tests.test_subcategory_and_facets.TestMinRatingFilter" name="test_rating_above_five_rejected" time="0.044" /><testcase classname="tests.test_subcategory_and_facets.TestMinDiscountFilter" name="test_discount_filter_intersects_active_flash_sales" time="0.064" /><testcase classname="tests.test_subcategory_and_facets.TestMinDiscountFilter" name="test_discount_filter_returns_empty_when_no_sale_high_enough" time="0.056" /><testcase classname="tests.test_subcategory_and_facets.TestMinDiscountFilter" name="test_discount_zero_does_not_constrain" time="0.056" /><testcase classname="tests.test_subcategory_and_facets.TestMinDiscountFilter" name="test_discount_above_100_rejected" time="0.046" /></testsuite></testsuites>