<?xml version="1.0" encoding="utf-8"?><testsuites name="pytest tests"><testsuite name="pytest" errors="0" failures="0" skipped="0" tests="5" time="1.136" timestamp="2026-06-19T23:59:44.460548+00:00" hostname="agent-env-ce6bf082-33a8-45f7-a27d-0f853e2f6b82"><testcase classname="tests.test_coupons_active_regression.TestCouponsActiveRegression" name="test_ambassador_coupons_excluded_from_public_list" time="0.797" /><testcase classname="tests.test_coupons_active_regression.TestCouponsActiveRegression" name="test_sitewide_promo_appears" time="0.065" /><testcase classname="tests.test_coupons_active_regression.TestCouponsActiveRegression" name="test_inactive_excluded" time="0.066" /><testcase classname="tests.test_coupons_active_regression.TestCouponsActiveRegression" name="test_expired_excluded" time="0.059" /><testcase classname="tests.test_coupons_active_regression.TestCouponsActiveRegression" name="test_endpoint_requires_auth" time="0.051" /></testsuite></testsuites>