<?xml version="1.0" encoding="utf-8"?><testsuites name="pytest tests"><testsuite name="pytest" errors="0" failures="0" skipped="0" tests="6" time="10.261" timestamp="2026-06-19T01:17:27.241980+00:00" hostname="agent-env-ce6bf082-33a8-45f7-a27d-0f853e2f6b82"><testcase classname="tests.test_proof_of_delivery" name="test_seller_can_upload_proof_promotes_to_delivered" time="1.873" /><testcase classname="tests.test_proof_of_delivery" name="test_proof_rejects_non_seller" time="1.741" /><testcase classname="tests.test_proof_of_delivery" name="test_proof_rejects_different_seller" time="1.829" /><testcase classname="tests.test_proof_of_delivery" name="test_proof_rejects_invalid_image_format" time="1.469" /><testcase classname="tests.test_proof_of_delivery" name="test_proof_rejects_when_carrier_already_provided" time="1.325" /><testcase classname="tests.test_proof_of_delivery" name="test_proof_rejects_pre_dispatch" time="1.935" /></testsuite></testsuites>