<?xml version="1.0" encoding="utf-8"?><testsuites name="pytest tests"><testsuite name="pytest" errors="0" failures="2" skipped="0" tests="54" time="14.356" timestamp="2026-06-11T00:04:23.841096+00:00" hostname="agent-env-ce6bf082-33a8-45f7-a27d-0f853e2f6b82"><testcase classname="tests.test_auth" name="test_register_returns_user_and_token" time="0.473" /><testcase classname="tests.test_auth" name="test_register_duplicate_email_400" time="0.320" /><testcase classname="tests.test_auth" name="test_login_success" time="0.270" /><testcase classname="tests.test_auth" name="test_login_invalid_password_401" time="0.273" /><testcase classname="tests.test_auth" name="test_login_unknown_user_401" time="0.049" /><testcase classname="tests.test_auth" name="test_me_with_token" time="0.050" /><testcase classname="tests.test_auth" name="test_me_missing_token_401" time="0.048" /><testcase classname="tests.test_auth" name="test_me_invalid_token_401" time="0.045" /><testcase classname="tests.test_cart" name="test_cart_empty_initial" time="0.048" /><testcase classname="tests.test_cart" name="test_cart_add_update_remove_flow" time="0.239" /><testcase classname="tests.test_cart" name="test_cart_free_shipping_over_threshold" time="0.149" /><testcase classname="tests.test_cart" name="test_cart_requires_auth" time="0.045" /><testcase classname="tests.test_cart" name="test_cart_add_unknown_product_404" time="0.049" /><testcase classname="tests.test_checkout_orders" name="test_checkout_empty_cart_400" time="0.092" /><testcase classname="tests.test_checkout_orders" name="test_checkout_creates_session_and_order" time="0.784" /><testcase classname="tests.test_checkout_orders" name="test_orders_isolated_across_users" time="0.425" /><testcase classname="tests.test_checkout_orders" name="test_webhook_invalid_signature_400" time="0.050" /><testcase classname="tests.test_google_auth" name="test_google_session_invalid_session_id_401" time="0.149" /><testcase classname="tests.test_google_auth" name="test_google_session_missing_field_422" time="0.047" /><testcase classname="tests.test_google_auth" name="test_google_session_empty_session_id_401" time="0.102" /><testcase classname="tests.test_google_auth" name="test_register_includes_provider_and_picture" time="0.271" /><testcase classname="tests.test_google_auth" name="test_me_includes_provider_and_picture" time="0.050" /><testcase classname="tests.test_google_auth" name="test_login_returns_provider_email" time="0.269" /><testcase classname="tests.test_health" name="test_root_health" time="0.048" /><testcase classname="tests.test_products" name="test_list_products_returns_seeded" time="0.049"><failure message="AssertionError: expected 9 seeded products, got 14&#10;assert 14 == 9&#10; +  where 14 = len([{'category': 'Ethnic Wear', 'description': 'Authentic Banarasi silk saree handwoven by artisans in Varanasi. Comes with matching blouse piece. Perfect for weddings and festive occasions.', 'id': '60a955c2-e9db-4a8c-82dc-a9febf889211', 'image': 'https://images.unsplash.com/photo-1717585679395-bbe39b5fb6bc?crop=entropy&amp;cs=srgb&amp;fm=jpg&amp;ixid=M3w3NDQ2NDF8MHwxfHNlYXJjaHwzfHxpbmRpYW4lMjBldGhuaWMlMjB3ZWFyJTIwZmFzaGlvbnxlbnwwfHx8fDE3ODExMzIyNjl8MA&amp;ixlib=rb-4.1.0&amp;q=85', ...}, {'category': 'Ethnic Wear', 'description': 'Three-piece Anarkali suit with intricate zari embroidery. Includes dupatta and bottoms. Imported directly from Jaipur.', 'id': 'fa7ec4ea-4307-43b6-a47b-f3c9ab56bee9', 'image': 'https://images.unsplash.com/photo-1503160865267-af4660ce7bf2?crop=entropy&amp;cs=srgb&amp;fm=jpg&amp;ixid=M3w3NDQ2NDF8MHwxfHNlYXJjaHwxfHxpbmRpYW4lMjBldGhuaWMlMjB3ZWFyJTIwZmFzaGlvbnxlbnwwfHx8fDE3ODExMzIyNjl8MA&amp;ixlib=rb-4.1.0&amp;q=85', ...}, {'category': 'Ethnic Wear', 'description': 'Bridal-grade lehenga with mirror work and sequins. Three-piece set. Custom alterations available on request.', 'id': '67a53141-4349-4332-a506-40715bbd5cce', 'image': 'https://images.pexels.com/photos/14928074/pexels-photo-14928074.jpeg?a...ess&amp;cs=tinysrgb&amp;dpr=2&amp;h=650&amp;w=940', ...}, {'category': 'Home &amp; Decor', 'description': 'Hand-cast brass Ganesha idol from Moradabad. Polished finish, weighs 850g. Perfect for home temple or as a gift.', 'id': 'dbb6b65e-0c74-4e49-aedc-bdc7330f896c', 'image': 'https://images.unsplash.com/photo-1650383044645-5d32141ad1a3?crop=entropy&amp;cs=srgb&amp;fm=jpg&amp;ixid=M3w3NTY2ODh8MHwxfHNlYXJjaHwzfHxpbmRpYW4lMjBoYW5kaWNyYWZ0cyUyMGJyYXNzfGVufDB8fHx8MTc4MTEzMjI2OXww&amp;ixlib=rb-4.1.0&amp;q=85', ...}, {'category': 'Home &amp; Decor', 'description': 'Traditional oil lamps for Diwali and daily worship. Hand-engraved with floral motifs.', 'id': 'b5691a80-4b69-4fc4-b600-bd9865030777', 'image': 'https://images.unsplash.com/photo-1652960018678-1f19799996c5?crop=entropy&amp;cs=srgb&amp;fm=jpg&amp;ixid=M3w3NTY2ODh8MHwxfHNlYXJjaHwxfHxpbmRpYW4lMjBoYW5kaWNyYWZ0cyUyMGJyYXNzfGVufDB8fHx8MTc4MTEzMjI2OXww&amp;ixlib=rb-4.1.0&amp;q=85', ...}, {'category': 'Home &amp; Decor', 'description': 'Full pooja kit: thali, bell, incense holder, kalash and diya. Wedding gift favourite.', 'id': '2f60d661-53a3-4357-a45e-b91c6d753441', 'image': 'https://images.pexels.com/photos/15755947/pexels-photo-15755947.jpeg?auto=compress&amp;cs=tinysrgb&amp;dpr=2&amp;h=650&amp;w=940', ...}, ...])">tests/test_products.py:9: in test_list_products_returns_seeded
    assert len(items) == 9, f"expected 9 seeded products, got {len(items)}"
E   AssertionError: expected 9 seeded products, got 14
E   assert 14 == 9
E    +  where 14 = len([{'category': 'Ethnic Wear', 'description': 'Authentic Banarasi silk saree handwoven by artisans in Varanasi. Comes with matching blouse piece. Perfect for weddings and festive occasions.', 'id': '60a955c2-e9db-4a8c-82dc-a9febf889211', 'image': 'https://images.unsplash.com/photo-1717585679395-bbe39b5fb6bc?crop=entropy&amp;cs=srgb&amp;fm=jpg&amp;ixid=M3w3NDQ2NDF8MHwxfHNlYXJjaHwzfHxpbmRpYW4lMjBldGhuaWMlMjB3ZWFyJTIwZmFzaGlvbnxlbnwwfHx8fDE3ODExMzIyNjl8MA&amp;ixlib=rb-4.1.0&amp;q=85', ...}, {'category': 'Ethnic Wear', 'description': 'Three-piece Anarkali suit with intricate zari embroidery. Includes dupatta and bottoms. Imported directly from Jaipur.', 'id': 'fa7ec4ea-4307-43b6-a47b-f3c9ab56bee9', 'image': 'https://images.unsplash.com/photo-1503160865267-af4660ce7bf2?crop=entropy&amp;cs=srgb&amp;fm=jpg&amp;ixid=M3w3NDQ2NDF8MHwxfHNlYXJjaHwxfHxpbmRpYW4lMjBldGhuaWMlMjB3ZWFyJTIwZmFzaGlvbnxlbnwwfHx8fDE3ODExMzIyNjl8MA&amp;ixlib=rb-4.1.0&amp;q=85', ...}, {'category': 'Ethnic Wear', 'description': 'Bridal-grade lehenga with mirror work and sequins. Three-piece set. Custom alterations available on request.', 'id': '67a53141-4349-4332-a506-40715bbd5cce', 'image': 'https://images.pexels.com/photos/14928074/pexels-photo-14928074.jpeg?a...ess&amp;cs=tinysrgb&amp;dpr=2&amp;h=650&amp;w=940', ...}, {'category': 'Home &amp; Decor', 'description': 'Hand-cast brass Ganesha idol from Moradabad. Polished finish, weighs 850g. Perfect for home temple or as a gift.', 'id': 'dbb6b65e-0c74-4e49-aedc-bdc7330f896c', 'image': 'https://images.unsplash.com/photo-1650383044645-5d32141ad1a3?crop=entropy&amp;cs=srgb&amp;fm=jpg&amp;ixid=M3w3NTY2ODh8MHwxfHNlYXJjaHwzfHxpbmRpYW4lMjBoYW5kaWNyYWZ0cyUyMGJyYXNzfGVufDB8fHx8MTc4MTEzMjI2OXww&amp;ixlib=rb-4.1.0&amp;q=85', ...}, {'category': 'Home &amp; Decor', 'description': 'Traditional oil lamps for Diwali and daily worship. Hand-engraved with floral motifs.', 'id': 'b5691a80-4b69-4fc4-b600-bd9865030777', 'image': 'https://images.unsplash.com/photo-1652960018678-1f19799996c5?crop=entropy&amp;cs=srgb&amp;fm=jpg&amp;ixid=M3w3NTY2ODh8MHwxfHNlYXJjaHwxfHxpbmRpYW4lMjBoYW5kaWNyYWZ0cyUyMGJyYXNzfGVufDB8fHx8MTc4MTEzMjI2OXww&amp;ixlib=rb-4.1.0&amp;q=85', ...}, {'category': 'Home &amp; Decor', 'description': 'Full pooja kit: thali, bell, incense holder, kalash and diya. Wedding gift favourite.', 'id': '2f60d661-53a3-4357-a45e-b91c6d753441', 'image': 'https://images.pexels.com/photos/15755947/pexels-photo-15755947.jpeg?auto=compress&amp;cs=tinysrgb&amp;dpr=2&amp;h=650&amp;w=940', ...}, ...])</failure></testcase><testcase classname="tests.test_products" name="test_list_categories" time="0.048" /><testcase classname="tests.test_products" name="test_products_category_filter" time="0.055" /><testcase classname="tests.test_products" name="test_products_search_q" time="0.048" /><testcase classname="tests.test_products" name="test_get_product_by_id" time="0.096" /><testcase classname="tests.test_products" name="test_get_product_404" time="0.049" /><testcase classname="tests.test_seller.TestSellerRegister" name="test_register_auto_verifies" time="0.323" /><testcase classname="tests.test_seller.TestSellerRegister" name="test_invalid_gstin_400" time="0.306" /><testcase classname="tests.test_seller.TestSellerRegister" name="test_invalid_pan_400" time="0.272" /><testcase classname="tests.test_seller.TestSellerRegister" name="test_pan_must_match_gstin" time="0.272" /><testcase classname="tests.test_seller.TestSellerRegister" name="test_duplicate_gstin_returns_409" time="0.273"><failure message="AssertionError: {&quot;detail&quot;:&quot;This GSTIN is already registered with another seller&quot;}&#10;assert 409 == 200&#10; +  where 409 = &lt;Response [409]&gt;.status_code">tests/test_seller.py:122: in test_duplicate_gstin_returns_409
    assert r1.status_code == 200, r1.text
E   AssertionError: {"detail":"This GSTIN is already registered with another seller"}
E   assert 409 == 200
E    +  where 409 = &lt;Response [409]&gt;.status_code</failure></testcase><testcase classname="tests.test_seller.TestSellerRegister" name="test_missing_required_fields_422" time="0.047" /><testcase classname="tests.test_seller.TestSellerUpgrade" name="test_upgrade_buyer_to_seller" time="0.471" /><testcase classname="tests.test_seller.TestSellerUpgrade" name="test_upgrade_requires_token" time="0.048" /><testcase classname="tests.test_seller.TestSellerMe" name="test_non_seller_returns_404" time="0.047" /><testcase classname="tests.test_seller.TestListings" name="test_create_listing_appears_in_catalog" time="0.523" /><testcase classname="tests.test_seller.TestListings" name="test_create_listing_forbidden_for_non_seller" time="0.049" /><testcase classname="tests.test_seller.TestListings" name="test_list_my_listings_isolated" time="0.486" /><testcase classname="tests.test_seller.TestAdminApprove" name="test_admin_forbidden_without_header" time="0.427" /><testcase classname="tests.test_seller.TestAdminApprove" name="test_admin_approve_unknown_user" time="0.050" /><testcase classname="tests.test_seller_payouts.TestSellerOrders" name="test_forbidden_for_non_seller" time="0.321" /><testcase classname="tests.test_seller_payouts.TestSellerOrders" name="test_empty_for_new_seller" time="0.326" /><testcase classname="tests.test_seller_payouts.TestSellerOrders" name="test_orders_filtered_per_seller" time="1.589" /><testcase classname="tests.test_seller_payouts.TestSellerPayouts" name="test_forbidden_for_non_seller" time="0.325" /><testcase classname="tests.test_seller_payouts.TestSellerPayouts" name="test_empty_summary_for_new_seller" time="0.321" /><testcase classname="tests.test_seller_payouts.TestPayoutCreation" name="test_payouts_created_per_seller_idempotent" time="1.907" /><testcase classname="tests.test_seller_payouts.TestPayoutCreation" name="test_seeded_items_yield_no_payout" time="0.947" /><testcase classname="tests.test_seller_payouts.TestAdminMarkPaid" name="test_forbidden_without_secret" time="0.094" /><testcase classname="tests.test_seller_payouts.TestAdminMarkPaid" name="test_404_unknown_id" time="0.050" /><testcase classname="tests.test_seller_payouts.TestAdminMarkPaid" name="test_mark_paid_flips_status" time="0.100" /></testsuite></testsuites>