<?xml version="1.0" encoding="utf-8"?><testsuites name="pytest tests"><testsuite name="pytest" errors="0" failures="0" skipped="0" tests="30" time="5.153" timestamp="2026-06-10T23:28:14.009239+00:00" hostname="agent-env-ce6bf082-33a8-45f7-a27d-0f853e2f6b82"><testcase classname="backend.tests.test_auth" name="test_register_returns_user_and_token" time="0.584" /><testcase classname="backend.tests.test_auth" name="test_register_duplicate_email_400" time="0.330" /><testcase classname="backend.tests.test_auth" name="test_login_success" time="0.272" /><testcase classname="backend.tests.test_auth" name="test_login_invalid_password_401" time="0.273" /><testcase classname="backend.tests.test_auth" name="test_login_unknown_user_401" time="0.045" /><testcase classname="backend.tests.test_auth" name="test_me_with_token" time="0.052" /><testcase classname="backend.tests.test_auth" name="test_me_missing_token_401" time="0.051" /><testcase classname="backend.tests.test_auth" name="test_me_invalid_token_401" time="0.055" /><testcase classname="backend.tests.test_cart" name="test_cart_empty_initial" time="0.051" /><testcase classname="backend.tests.test_cart" name="test_cart_add_update_remove_flow" time="0.240" /><testcase classname="backend.tests.test_cart" name="test_cart_free_shipping_over_threshold" time="0.149" /><testcase classname="backend.tests.test_cart" name="test_cart_requires_auth" time="0.048" /><testcase classname="backend.tests.test_cart" name="test_cart_add_unknown_product_404" time="0.050" /><testcase classname="backend.tests.test_checkout_orders" name="test_checkout_empty_cart_400" time="0.102" /><testcase classname="backend.tests.test_checkout_orders" name="test_checkout_creates_session_and_order" time="0.929" /><testcase classname="backend.tests.test_checkout_orders" name="test_orders_isolated_across_users" time="0.466" /><testcase classname="backend.tests.test_checkout_orders" name="test_webhook_invalid_signature_400" time="0.051" /><testcase classname="backend.tests.test_google_auth" name="test_google_session_invalid_session_id_401" time="0.175" /><testcase classname="backend.tests.test_google_auth" name="test_google_session_missing_field_422" time="0.054" /><testcase classname="backend.tests.test_google_auth" name="test_google_session_empty_session_id_401" time="0.101" /><testcase classname="backend.tests.test_google_auth" name="test_register_includes_provider_and_picture" time="0.276" /><testcase classname="backend.tests.test_google_auth" name="test_me_includes_provider_and_picture" time="0.054" /><testcase classname="backend.tests.test_google_auth" name="test_login_returns_provider_email" time="0.282" /><testcase classname="backend.tests.test_health" name="test_root_health" time="0.049" /><testcase classname="backend.tests.test_products" name="test_list_products_returns_seeded" time="0.054" /><testcase classname="backend.tests.test_products" name="test_list_categories" time="0.048" /><testcase classname="backend.tests.test_products" name="test_products_category_filter" time="0.055" /><testcase classname="backend.tests.test_products" name="test_products_search_q" time="0.066" /><testcase classname="backend.tests.test_products" name="test_get_product_by_id" time="0.099" /><testcase classname="backend.tests.test_products" name="test_get_product_404" time="0.053" /></testsuite></testsuites>